Started by user [8mha:////4IKVkEB1oLjmU+5e/rMKzm6mJjnIEJE5mm69OlnRgPYNAAAAlx+LCAAAAAAAAP9b85aBtbiIQTGjNKU4P08vOT+vOD8nVc83PyU1x6OyILUoJzMv2y+/JJUBAhiZGBgqihhk0NSjKDWzXb3RdlLBUSYGJk8GtpzUvPSSDB8G5tKinBIGIZ+sxLJE/ZzEvHT94JKizLx0a6BxUmjGOUNodHsLgAzWEgZu/dLi1CL9gsS8lEQACjKVYMAAAAA=[0mpanda
Running as SYSTEM
Building remotely on [8mha:////4DX8Bx99qX8Gvkutp0c16WTXz11LNwLD5jB6ntiJmsZ+AAAAmx+LCAAAAAAAAP9b85aBtbiIQTGjNKU4P08vOT+vOD8nVc83PyU1x6OyILUoJzMv2y+/JJUBAhiZGBgqihhk0NSjKDWzXb3RdlLBUSYGJk8GtpzUvPSSDB8G5tKinBIGIZ+sxLJE/ZzEvHT94JKizLx0a6BxUmjGOUNodHsLgAzWEgZ+/eT83ILSktQi/eCcxLJUAE32xgfEAAAA[0mSlave (slave) in workspace /home/workspace/20210531-CICD1_2-CodePull
The recommended git tool is: NONE
No credentials specified
Cloning the remote Git repository
Cloning repository https://github.com/nygamichal/panda_applicationALL
 > git init /home/workspace/20210531-CICD1_2-CodePull # timeout=10
Fetching upstream changes from https://github.com/nygamichal/panda_applicationALL
 > git --version # timeout=10
 > git --version # 'git version 2.17.1'
 > git fetch --tags --progress -- https://github.com/nygamichal/panda_applicationALL +refs/heads/*:refs/remotes/origin/* # timeout=10
 > git config remote.origin.url https://github.com/nygamichal/panda_applicationALL # timeout=10
 > git config --add remote.origin.fetch +refs/heads/*:refs/remotes/origin/* # timeout=10
Avoid second fetch
 > git rev-parse refs/remotes/origin/selenium_grid^{commit} # timeout=10
Checking out Revision e2ffc530377e7c8d05aff6f231c4cb6bbca5b96c (refs/remotes/origin/selenium_grid)
 > git config core.sparsecheckout # timeout=10
 > git checkout -f e2ffc530377e7c8d05aff6f231c4cb6bbca5b96c # timeout=10
Commit message: "selenium-hub changes"
 > git rev-list --no-walk a63bf16405edd2ec4c01a43fc4be501049b582d3 # timeout=10
[20210531-CICD1_2-CodePull] $ /home/tools/hudson.tasks.Maven_MavenInstallation/m3/bin/mvn clean install
[INFO] Scanning for projects...
[INFO] 
[INFO] --------------------------< pl.pandait:panda >--------------------------
[INFO] Building panda 0.0.1
[INFO] --------------------------------[ jar ]---------------------------------
[INFO] 
[8mha:////4C6upRzzjMyjJ+ReqXlLMs4ZoEguXy7pyK646zaxlhdeAAAAYB+LCAAAAAAAAP9b85aBtbiIQSmjNKU4P0+vJLE4u1gvPjexLDVPzxdEGvvmZ+X75Zek2mxOX+vh68DGxMBQUcQgBdWQnJ9XnJ+TqucMoUEKGSCAEaSwAAAn9LoiYAAAAA==[0m[INFO] --- maven-clean-plugin:3.1.0:clean (default-clean) @ panda ---
[INFO] 
[8mha:////4C6upRzzjMyjJ+ReqXlLMs4ZoEguXy7pyK646zaxlhdeAAAAYB+LCAAAAAAAAP9b85aBtbiIQSmjNKU4P0+vJLE4u1gvPjexLDVPzxdEGvvmZ+X75Zek2mxOX+vh68DGxMBQUcQgBdWQnJ9XnJ+TqucMoUEKGSCAEaSwAAAn9LoiYAAAAA==[0m[INFO] --- maven-resources-plugin:3.1.0:resources (default-resources) @ panda ---
[INFO] Using 'UTF-8' encoding to copy filtered resources.
[INFO] Copying 1 resource
[INFO] Copying 2 resources
[INFO] 
[8mha:////4C6upRzzjMyjJ+ReqXlLMs4ZoEguXy7pyK646zaxlhdeAAAAYB+LCAAAAAAAAP9b85aBtbiIQSmjNKU4P0+vJLE4u1gvPjexLDVPzxdEGvvmZ+X75Zek2mxOX+vh68DGxMBQUcQgBdWQnJ9XnJ+TqucMoUEKGSCAEaSwAAAn9LoiYAAAAA==[0m[INFO] --- maven-compiler-plugin:3.8.1:compile (default-compile) @ panda ---
[INFO] Changes detected - recompiling the module!
[INFO] Compiling 2 source files to /home/workspace/20210531-CICD1_2-CodePull/target/classes
[INFO] 
[8mha:////4C6upRzzjMyjJ+ReqXlLMs4ZoEguXy7pyK646zaxlhdeAAAAYB+LCAAAAAAAAP9b85aBtbiIQSmjNKU4P0+vJLE4u1gvPjexLDVPzxdEGvvmZ+X75Zek2mxOX+vh68DGxMBQUcQgBdWQnJ9XnJ+TqucMoUEKGSCAEaSwAAAn9LoiYAAAAA==[0m[INFO] --- maven-compiler-plugin:3.8.1:compile (default) @ panda ---
[INFO] Changes detected - recompiling the module!
[INFO] Compiling 2 source files to /home/workspace/20210531-CICD1_2-CodePull/target/classes
[INFO] 
[8mha:////4C6upRzzjMyjJ+ReqXlLMs4ZoEguXy7pyK646zaxlhdeAAAAYB+LCAAAAAAAAP9b85aBtbiIQSmjNKU4P0+vJLE4u1gvPjexLDVPzxdEGvvmZ+X75Zek2mxOX+vh68DGxMBQUcQgBdWQnJ9XnJ+TqucMoUEKGSCAEaSwAAAn9LoiYAAAAA==[0m[INFO] --- maven-resources-plugin:3.1.0:testResources (default-testResources) @ panda ---
[INFO] Using 'UTF-8' encoding to copy filtered resources.
[INFO] skip non existing resourceDirectory /home/workspace/20210531-CICD1_2-CodePull/src/test/resources
[INFO] 
[8mha:////4C6upRzzjMyjJ+ReqXlLMs4ZoEguXy7pyK646zaxlhdeAAAAYB+LCAAAAAAAAP9b85aBtbiIQSmjNKU4P0+vJLE4u1gvPjexLDVPzxdEGvvmZ+X75Zek2mxOX+vh68DGxMBQUcQgBdWQnJ9XnJ+TqucMoUEKGSCAEaSwAAAn9LoiYAAAAA==[0m[INFO] --- maven-compiler-plugin:3.8.1:testCompile (default-testCompile) @ panda ---
[INFO] Changes detected - recompiling the module!
[INFO] Compiling 3 source files to /home/workspace/20210531-CICD1_2-CodePull/target/test-classes
[INFO] 
[8mha:////4C6upRzzjMyjJ+ReqXlLMs4ZoEguXy7pyK646zaxlhdeAAAAYB+LCAAAAAAAAP9b85aBtbiIQSmjNKU4P0+vJLE4u1gvPjexLDVPzxdEGvvmZ+X75Zek2mxOX+vh68DGxMBQUcQgBdWQnJ9XnJ+TqucMoUEKGSCAEaSwAAAn9LoiYAAAAA==[0m[INFO] --- maven-surefire-plugin:2.22.2:test (default-test) @ panda ---
[INFO] 
[INFO] -------------------------------------------------------
[INFO]  T E S T S
[INFO] -------------------------------------------------------
[INFO] Running pl.pandait.panda.PandaApplicationTest
19:17:28.069 [main] DEBUG org.springframework.test.context.BootstrapUtils - Instantiating CacheAwareContextLoaderDelegate from class [org.springframework.test.context.cache.DefaultCacheAwareContextLoaderDelegate]
19:17:28.079 [main] DEBUG org.springframework.test.context.BootstrapUtils - Instantiating BootstrapContext using constructor [public org.springframework.test.context.support.DefaultBootstrapContext(java.lang.Class,org.springframework.test.context.CacheAwareContextLoaderDelegate)]
19:17:28.105 [main] DEBUG org.springframework.test.context.BootstrapUtils - Instantiating TestContextBootstrapper for test class [pl.pandait.panda.PandaApplicationTest] from class [org.springframework.boot.test.context.SpringBootTestContextBootstrapper]
19:17:28.119 [main] INFO org.springframework.boot.test.context.SpringBootTestContextBootstrapper - Neither @ContextConfiguration nor @ContextHierarchy found for test class [pl.pandait.panda.PandaApplicationTest], using SpringBootContextLoader
19:17:28.124 [main] DEBUG org.springframework.test.context.support.AbstractContextLoader - Did not detect default resource location for test class [pl.pandait.panda.PandaApplicationTest]: class path resource [pl/pandait/panda/PandaApplicationTest-context.xml] does not exist
19:17:28.125 [main] DEBUG org.springframework.test.context.support.AbstractContextLoader - Did not detect default resource location for test class [pl.pandait.panda.PandaApplicationTest]: class path resource [pl/pandait/panda/PandaApplicationTestContext.groovy] does not exist
19:17:28.125 [main] INFO org.springframework.test.context.support.AbstractContextLoader - Could not detect default resource locations for test class [pl.pandait.panda.PandaApplicationTest]: no resource found for suffixes {-context.xml, Context.groovy}.
19:17:28.126 [main] INFO org.springframework.test.context.support.AnnotationConfigContextLoaderUtils - Could not detect default configuration classes for test class [pl.pandait.panda.PandaApplicationTest]: PandaApplicationTest does not declare any static, non-private, non-final, nested classes annotated with @Configuration.
19:17:28.191 [main] DEBUG org.springframework.test.context.support.ActiveProfilesUtils - Could not find an 'annotation declaring class' for annotation type [org.springframework.test.context.ActiveProfiles] and class [pl.pandait.panda.PandaApplicationTest]
19:17:28.280 [main] DEBUG org.springframework.context.annotation.ClassPathScanningCandidateComponentProvider - Identified candidate component class: file [/home/workspace/20210531-CICD1_2-CodePull/target/classes/pl/pandait/panda/PandaApplication.class]
19:17:28.280 [main] INFO org.springframework.boot.test.context.SpringBootTestContextBootstrapper - Found @SpringBootConfiguration pl.pandait.panda.PandaApplication for test class pl.pandait.panda.PandaApplicationTest
19:17:28.613 [main] DEBUG org.springframework.boot.test.context.SpringBootTestContextBootstrapper - @TestExecutionListeners is not present for class [pl.pandait.panda.PandaApplicationTest]: using defaults.
19:17:28.614 [main] INFO org.springframework.boot.test.context.SpringBootTestContextBootstrapper - Loaded default TestExecutionListener class names from location [META-INF/spring.factories]: [org.springframework.boot.test.mock.mockito.MockitoTestExecutionListener, org.springframework.boot.test.mock.mockito.ResetMocksTestExecutionListener, org.springframework.boot.test.autoconfigure.restdocs.RestDocsTestExecutionListener, org.springframework.boot.test.autoconfigure.web.client.MockRestServiceServerResetTestExecutionListener, org.springframework.boot.test.autoconfigure.web.servlet.MockMvcPrintOnlyOnFailureTestExecutionListener, org.springframework.boot.test.autoconfigure.web.servlet.WebDriverTestExecutionListener, org.springframework.test.context.web.ServletTestExecutionListener, org.springframework.test.context.support.DirtiesContextBeforeModesTestExecutionListener, org.springframework.test.context.support.DependencyInjectionTestExecutionListener, org.springframework.test.context.support.DirtiesContextTestExecutionListener, org.springframework.test.context.transaction.TransactionalTestExecutionListener, org.springframework.test.context.jdbc.SqlScriptsTestExecutionListener, org.springframework.test.context.event.EventPublishingTestExecutionListener]
19:17:28.707 [main] DEBUG org.springframework.boot.test.context.SpringBootTestContextBootstrapper - Skipping candidate TestExecutionListener [org.springframework.test.context.transaction.TransactionalTestExecutionListener] due to a missing dependency. Specify custom listener classes or make the default listener classes and their required dependencies available. Offending class: [org/springframework/transaction/interceptor/TransactionAttributeSource]
19:17:28.708 [main] DEBUG org.springframework.boot.test.context.SpringBootTestContextBootstrapper - Skipping candidate TestExecutionListener [org.springframework.test.context.jdbc.SqlScriptsTestExecutionListener] due to a missing dependency. Specify custom listener classes or make the default listener classes and their required dependencies available. Offending class: [org/springframework/transaction/interceptor/TransactionAttribute]
19:17:28.708 [main] INFO org.springframework.boot.test.context.SpringBootTestContextBootstrapper - Using TestExecutionListeners: [org.springframework.test.context.web.ServletTestExecutionListener@27e47833, org.springframework.test.context.support.DirtiesContextBeforeModesTestExecutionListener@6f6745d6, org.springframework.boot.test.mock.mockito.MockitoTestExecutionListener@27508c5d, org.springframework.boot.test.autoconfigure.SpringBootDependencyInjectionTestExecutionListener@4f704591, org.springframework.test.context.support.DirtiesContextTestExecutionListener@4b5189ac, org.springframework.test.context.event.EventPublishingTestExecutionListener@1e4d3ce5, org.springframework.boot.test.mock.mockito.ResetMocksTestExecutionListener@3ddc6915, org.springframework.boot.test.autoconfigure.restdocs.RestDocsTestExecutionListener@704deff2, org.springframework.boot.test.autoconfigure.web.client.MockRestServiceServerResetTestExecutionListener@379614be, org.springframework.boot.test.autoconfigure.web.servlet.MockMvcPrintOnlyOnFailureTestExecutionListener@404bbcbd, org.springframework.boot.test.autoconfigure.web.servlet.WebDriverTestExecutionListener@1e81f160]
19:17:28.711 [main] DEBUG org.springframework.test.context.support.AbstractDirtiesContextTestExecutionListener - Before test class: context [DefaultTestContext@68034211 testClass = PandaApplicationTest, testInstance = [null], testMethod = [null], testException = [null], mergedContextConfiguration = [WebMergedContextConfiguration@4f74980d testClass = PandaApplicationTest, locations = '{}', classes = '{class pl.pandait.panda.PandaApplication}', contextInitializerClasses = '[]', activeProfiles = '{}', propertySourceLocations = '{}', propertySourceProperties = '{org.springframework.boot.test.context.SpringBootTestContextBootstrapper=true}', contextCustomizers = set[org.springframework.boot.test.context.filter.ExcludeFilterContextCustomizer@5ab9e72c, org.springframework.boot.test.json.DuplicateJsonObjectContextCustomizerFactory$DuplicateJsonObjectContextCustomizer@45ca843, org.springframework.boot.test.mock.mockito.MockitoContextCustomizer@0, org.springframework.boot.test.web.client.TestRestTemplateContextCustomizer@53aad5d5, org.springframework.boot.test.autoconfigure.properties.PropertyMappingContextCustomizer@0, org.springframework.boot.test.autoconfigure.web.servlet.WebDriverContextCustomizerFactory$Customizer@1649b0e6], resourceBasePath = 'src/main/webapp', contextLoader = 'org.springframework.boot.test.context.SpringBootContextLoader', parent = [null]], attributes = map['org.springframework.test.context.web.ServletTestExecutionListener.activateListener' -> true]], class annotated with @DirtiesContext [false] with mode [null].
19:17:28.777 [main] DEBUG org.springframework.test.context.support.TestPropertySourceUtils - Adding inlined properties to environment: {spring.jmx.enabled=false, org.springframework.boot.test.context.SpringBootTestContextBootstrapper=true, server.port=-1}

  .   ____          _            __ _ _
 /\\ / ___'_ __ _ _(_)_ __  __ _ \ \ \ \
( ( )\___ | '_ | '_| | '_ \/ _` | \ \ \ \
 \\/  ___)| |_)| | | | | || (_| |  ) ) ) )
  '  |____| .__|_| |_|_| |_\__, | / / / /
 =========|_|==============|___/=/_/_/_/
 :: Spring Boot ::        (v2.2.4.RELEASE)

2022-01-03 19:17:29.085  INFO 540 --- [           main] pl.pandait.panda.PandaApplicationTest    : Starting PandaApplicationTest on 53a4ff6799f8 with PID 540 (started by root in /home/workspace/20210531-CICD1_2-CodePull)
2022-01-03 19:17:29.085  INFO 540 --- [           main] pl.pandait.panda.PandaApplicationTest    : No active profile set, falling back to default profiles: default
2022-01-03 19:17:30.658  INFO 540 --- [           main] o.s.s.concurrent.ThreadPoolTaskExecutor  : Initializing ExecutorService 'applicationTaskExecutor'
2022-01-03 19:17:30.814  INFO 540 --- [           main] o.s.b.a.w.s.WelcomePageHandlerMapping    : Adding welcome page: class path resource [static/index.html]
2022-01-03 19:17:31.046  INFO 540 --- [           main] pl.pandait.panda.PandaApplicationTest    : Started PandaApplicationTest in 2.258 seconds (JVM running for 4.063)
[INFO] Tests run: 1, Failures: 0, Errors: 0, Skipped: 0, Time elapsed: 3.421 s - in pl.pandait.panda.PandaApplicationTest
[INFO] Running pl.pandait.panda.HelloControllerTest
2022-01-03 19:17:31.406  INFO 540 --- [           main] .b.t.c.SpringBootTestContextBootstrapper : Neither @ContextConfiguration nor @ContextHierarchy found for test class [pl.pandait.panda.HelloControllerTest], using SpringBootContextLoader
2022-01-03 19:17:31.406  INFO 540 --- [           main] o.s.t.c.support.AbstractContextLoader    : Could not detect default resource locations for test class [pl.pandait.panda.HelloControllerTest]: no resource found for suffixes {-context.xml, Context.groovy}.
2022-01-03 19:17:31.406  INFO 540 --- [           main] t.c.s.AnnotationConfigContextLoaderUtils : Could not detect default configuration classes for test class [pl.pandait.panda.HelloControllerTest]: HelloControllerTest does not declare any static, non-private, non-final, nested classes annotated with @Configuration.
2022-01-03 19:17:31.407  INFO 540 --- [           main] .b.t.c.SpringBootTestContextBootstrapper : Found @SpringBootConfiguration pl.pandait.panda.PandaApplication for test class pl.pandait.panda.HelloControllerTest
2022-01-03 19:17:31.408  INFO 540 --- [           main] .b.t.c.SpringBootTestContextBootstrapper : Loaded default TestExecutionListener class names from location [META-INF/spring.factories]: [org.springframework.boot.test.mock.mockito.MockitoTestExecutionListener, org.springframework.boot.test.mock.mockito.ResetMocksTestExecutionListener, org.springframework.boot.test.autoconfigure.restdocs.RestDocsTestExecutionListener, org.springframework.boot.test.autoconfigure.web.client.MockRestServiceServerResetTestExecutionListener, org.springframework.boot.test.autoconfigure.web.servlet.MockMvcPrintOnlyOnFailureTestExecutionListener, org.springframework.boot.test.autoconfigure.web.servlet.WebDriverTestExecutionListener, org.springframework.test.context.web.ServletTestExecutionListener, org.springframework.test.context.support.DirtiesContextBeforeModesTestExecutionListener, org.springframework.test.context.support.DependencyInjectionTestExecutionListener, org.springframework.test.context.support.DirtiesContextTestExecutionListener, org.springframework.test.context.transaction.TransactionalTestExecutionListener, org.springframework.test.context.jdbc.SqlScriptsTestExecutionListener, org.springframework.test.context.event.EventPublishingTestExecutionListener]
2022-01-03 19:17:31.409  INFO 540 --- [           main] .b.t.c.SpringBootTestContextBootstrapper : Using TestExecutionListeners: [org.springframework.test.context.web.ServletTestExecutionListener@2272cbb0, org.springframework.test.context.support.DirtiesContextBeforeModesTestExecutionListener@3f6f3cc, org.springframework.boot.test.mock.mockito.MockitoTestExecutionListener@180b3819, org.springframework.boot.test.autoconfigure.SpringBootDependencyInjectionTestExecutionListener@733c464f, org.springframework.test.context.support.DirtiesContextTestExecutionListener@47272cd3, org.springframework.test.context.event.EventPublishingTestExecutionListener@73fbdf68, org.springframework.boot.test.mock.mockito.ResetMocksTestExecutionListener@32f1fafe, org.springframework.boot.test.autoconfigure.restdocs.RestDocsTestExecutionListener@236eccd1, org.springframework.boot.test.autoconfigure.web.client.MockRestServiceServerResetTestExecutionListener@5d512ddb, org.springframework.boot.test.autoconfigure.web.servlet.MockMvcPrintOnlyOnFailureTestExecutionListener@707ca986, org.springframework.boot.test.autoconfigure.web.servlet.WebDriverTestExecutionListener@4de79b7d]

  .   ____          _            __ _ _
 /\\ / ___'_ __ _ _(_)_ __  __ _ \ \ \ \
( ( )\___ | '_ | '_| | '_ \/ _` | \ \ \ \
 \\/  ___)| |_)| | | | | || (_| |  ) ) ) )
  '  |____| .__|_| |_|_| |_\__, | / / / /
 =========|_|==============|___/=/_/_/_/
 :: Spring Boot ::        (v2.2.4.RELEASE)

2022-01-03 19:17:31.499  INFO 540 --- [           main] pl.pandait.panda.HelloControllerTest     : Starting HelloControllerTest on 53a4ff6799f8 with PID 540 (started by root in /home/workspace/20210531-CICD1_2-CodePull)
2022-01-03 19:17:31.499  INFO 540 --- [           main] pl.pandait.panda.HelloControllerTest     : No active profile set, falling back to default profiles: default
2022-01-03 19:17:31.942  INFO 540 --- [           main] o.s.b.w.embedded.tomcat.TomcatWebServer  : Tomcat initialized with port(s): 0 (http)
2022-01-03 19:17:31.958  INFO 540 --- [           main] o.apache.catalina.core.StandardService   : Starting service [Tomcat]
2022-01-03 19:17:31.959  INFO 540 --- [           main] org.apache.catalina.core.StandardEngine  : Starting Servlet engine: [Apache Tomcat/9.0.30]
2022-01-03 19:17:32.165  INFO 540 --- [           main] o.a.c.c.C.[Tomcat].[localhost].[/]       : Initializing Spring embedded WebApplicationContext
2022-01-03 19:17:32.165  INFO 540 --- [           main] o.s.web.context.ContextLoader            : Root WebApplicationContext: initialization completed in 663 ms
2022-01-03 19:17:32.262  INFO 540 --- [           main] o.s.s.concurrent.ThreadPoolTaskExecutor  : Initializing ExecutorService 'applicationTaskExecutor'
2022-01-03 19:17:32.304  INFO 540 --- [           main] o.s.b.a.w.s.WelcomePageHandlerMapping    : Adding welcome page: class path resource [static/index.html]
2022-01-03 19:17:32.783  INFO 540 --- [           main] o.s.b.w.embedded.tomcat.TomcatWebServer  : Tomcat started on port(s): 42619 (http) with context path ''
2022-01-03 19:17:32.784  INFO 540 --- [           main] pl.pandait.panda.HelloControllerTest     : Started HelloControllerTest in 1.374 seconds (JVM running for 5.802)
2022-01-03 19:17:32.807  INFO 540 --- [           main] o.s.mock.web.MockServletContext          : Initializing Spring TestDispatcherServlet ''
2022-01-03 19:17:32.807  INFO 540 --- [           main] o.s.t.web.servlet.TestDispatcherServlet  : Initializing Servlet ''
2022-01-03 19:17:32.808  INFO 540 --- [           main] o.s.t.web.servlet.TestDispatcherServlet  : Completed initialization in 1 ms
[INFO] Tests run: 1, Failures: 0, Errors: 0, Skipped: 0, Time elapsed: 1.46 s - in pl.pandait.panda.HelloControllerTest
2022-01-03 19:17:32.966  INFO 540 --- [extShutdownHook] o.s.s.concurrent.ThreadPoolTaskExecutor  : Shutting down ExecutorService 'applicationTaskExecutor'
2022-01-03 19:17:32.973  INFO 540 --- [extShutdownHook] o.s.s.concurrent.ThreadPoolTaskExecutor  : Shutting down ExecutorService 'applicationTaskExecutor'
[INFO] 
[INFO] Results:
[INFO] 
[INFO] Tests run: 2, Failures: 0, Errors: 0, Skipped: 0
[INFO] 
[INFO] 
[8mha:////4C6upRzzjMyjJ+ReqXlLMs4ZoEguXy7pyK646zaxlhdeAAAAYB+LCAAAAAAAAP9b85aBtbiIQSmjNKU4P0+vJLE4u1gvPjexLDVPzxdEGvvmZ+X75Zek2mxOX+vh68DGxMBQUcQgBdWQnJ9XnJ+TqucMoUEKGSCAEaSwAAAn9LoiYAAAAA==[0m[INFO] --- maven-surefire-plugin:2.22.2:test (default) @ panda ---
[INFO] Skipping execution of surefire because it has already been run for this configuration
[INFO] 
[8mha:////4C6upRzzjMyjJ+ReqXlLMs4ZoEguXy7pyK646zaxlhdeAAAAYB+LCAAAAAAAAP9b85aBtbiIQSmjNKU4P0+vJLE4u1gvPjexLDVPzxdEGvvmZ+X75Zek2mxOX+vh68DGxMBQUcQgBdWQnJ9XnJ+TqucMoUEKGSCAEaSwAAAn9LoiYAAAAA==[0m[INFO] --- maven-jar-plugin:3.1.2:jar (default-jar) @ panda ---
[INFO] Building jar: /home/workspace/20210531-CICD1_2-CodePull/target/panda-0.0.1.jar
[INFO] 
[8mha:////4C6upRzzjMyjJ+ReqXlLMs4ZoEguXy7pyK646zaxlhdeAAAAYB+LCAAAAAAAAP9b85aBtbiIQSmjNKU4P0+vJLE4u1gvPjexLDVPzxdEGvvmZ+X75Zek2mxOX+vh68DGxMBQUcQgBdWQnJ9XnJ+TqucMoUEKGSCAEaSwAAAn9LoiYAAAAA==[0m[INFO] --- spring-boot-maven-plugin:2.2.4.RELEASE:repackage (repackage) @ panda ---
[INFO] Replacing main artifact with repackaged archive
[INFO] 
[8mha:////4C6upRzzjMyjJ+ReqXlLMs4ZoEguXy7pyK646zaxlhdeAAAAYB+LCAAAAAAAAP9b85aBtbiIQSmjNKU4P0+vJLE4u1gvPjexLDVPzxdEGvvmZ+X75Zek2mxOX+vh68DGxMBQUcQgBdWQnJ9XnJ+TqucMoUEKGSCAEaSwAAAn9LoiYAAAAA==[0m[INFO] --- maven-install-plugin:2.5.2:install (default-install) @ panda ---
[INFO] Installing /home/workspace/20210531-CICD1_2-CodePull/target/panda-0.0.1.jar to /root/.m2/repository/pl/pandait/panda/0.0.1/panda-0.0.1.jar
[INFO] Installing /home/workspace/20210531-CICD1_2-CodePull/pom.xml to /root/.m2/repository/pl/pandait/panda/0.0.1/panda-0.0.1.pom
[INFO] ------------------------------------------------------------------------
[INFO] BUILD SUCCESS
[INFO] ------------------------------------------------------------------------
[INFO] Total time:  10.177 s
[INFO] Finished at: 2022-01-03T19:17:34Z
[INFO] ------------------------------------------------------------------------
[20210531-CICD1_2-CodePull] $ /home/tools/hudson.tasks.Maven_MavenInstallation/m3/bin/mvn test -P selenium -X
Apache Maven 3.8.3 (ff8e977a158738155dc465c6a97ffaf31982d739)
Maven home: /home/tools/hudson.tasks.Maven_MavenInstallation/m3
Java version: 11.0.11, vendor: Ubuntu, runtime: /usr/lib/jvm/java-11-openjdk-amd64
Default locale: en_US, platform encoding: ANSI_X3.4-1968
OS name: "linux", version: "4.15.0-128-generic", arch: "amd64", family: "unix"
[DEBUG] Created new class realm maven.api
[DEBUG] Importing foreign packages into class realm maven.api
[DEBUG]   Imported: javax.annotation.* < plexus.core
[DEBUG]   Imported: javax.annotation.security.* < plexus.core
[DEBUG]   Imported: javax.inject.* < plexus.core
[DEBUG]   Imported: org.apache.maven.* < plexus.core
[DEBUG]   Imported: org.apache.maven.artifact < plexus.core
[DEBUG]   Imported: org.apache.maven.classrealm < plexus.core
[DEBUG]   Imported: org.apache.maven.cli < plexus.core
[DEBUG]   Imported: org.apache.maven.configuration < plexus.core
[DEBUG]   Imported: org.apache.maven.exception < plexus.core
[DEBUG]   Imported: org.apache.maven.execution < plexus.core
[DEBUG]   Imported: org.apache.maven.execution.scope < plexus.core
[DEBUG]   Imported: org.apache.maven.lifecycle < plexus.core
[DEBUG]   Imported: org.apache.maven.model < plexus.core
[DEBUG]   Imported: org.apache.maven.monitor < plexus.core
[DEBUG]   Imported: org.apache.maven.plugin < plexus.core
[DEBUG]   Imported: org.apache.maven.profiles < plexus.core
[DEBUG]   Imported: org.apache.maven.project < plexus.core
[DEBUG]   Imported: org.apache.maven.reporting < plexus.core
[DEBUG]   Imported: org.apache.maven.repository < plexus.core
[DEBUG]   Imported: org.apache.maven.rtinfo < plexus.core
[DEBUG]   Imported: org.apache.maven.settings < plexus.core
[DEBUG]   Imported: org.apache.maven.toolchain < plexus.core
[DEBUG]   Imported: org.apache.maven.usability < plexus.core
[DEBUG]   Imported: org.apache.maven.wagon.* < plexus.core
[DEBUG]   Imported: org.apache.maven.wagon.authentication < plexus.core
[DEBUG]   Imported: org.apache.maven.wagon.authorization < plexus.core
[DEBUG]   Imported: org.apache.maven.wagon.events < plexus.core
[DEBUG]   Imported: org.apache.maven.wagon.observers < plexus.core
[DEBUG]   Imported: org.apache.maven.wagon.proxy < plexus.core
[DEBUG]   Imported: org.apache.maven.wagon.repository < plexus.core
[DEBUG]   Imported: org.apache.maven.wagon.resource < plexus.core
[DEBUG]   Imported: org.codehaus.classworlds < plexus.core
[DEBUG]   Imported: org.codehaus.plexus.* < plexus.core
[DEBUG]   Imported: org.codehaus.plexus.classworlds < plexus.core
[DEBUG]   Imported: org.codehaus.plexus.component < plexus.core
[DEBUG]   Imported: org.codehaus.plexus.configuration < plexus.core
[DEBUG]   Imported: org.codehaus.plexus.container < plexus.core
[DEBUG]   Imported: org.codehaus.plexus.context < plexus.core
[DEBUG]   Imported: org.codehaus.plexus.lifecycle < plexus.core
[DEBUG]   Imported: org.codehaus.plexus.logging < plexus.core
[DEBUG]   Imported: org.codehaus.plexus.personality < plexus.core
[DEBUG]   Imported: org.codehaus.plexus.util.xml.Xpp3Dom < plexus.core
[DEBUG]   Imported: org.codehaus.plexus.util.xml.pull.XmlPullParser < plexus.core
[DEBUG]   Imported: org.codehaus.plexus.util.xml.pull.XmlPullParserException < plexus.core
[DEBUG]   Imported: org.codehaus.plexus.util.xml.pull.XmlSerializer < plexus.core
[DEBUG]   Imported: org.eclipse.aether.* < plexus.core
[DEBUG]   Imported: org.eclipse.aether.artifact < plexus.core
[DEBUG]   Imported: org.eclipse.aether.collection < plexus.core
[DEBUG]   Imported: org.eclipse.aether.deployment < plexus.core
[DEBUG]   Imported: org.eclipse.aether.graph < plexus.core
[DEBUG]   Imported: org.eclipse.aether.impl < plexus.core
[DEBUG]   Imported: org.eclipse.aether.installation < plexus.core
[DEBUG]   Imported: org.eclipse.aether.internal.impl < plexus.core
[DEBUG]   Imported: org.eclipse.aether.metadata < plexus.core
[DEBUG]   Imported: org.eclipse.aether.repository < plexus.core
[DEBUG]   Imported: org.eclipse.aether.resolution < plexus.core
[DEBUG]   Imported: org.eclipse.aether.spi < plexus.core
[DEBUG]   Imported: org.eclipse.aether.transfer < plexus.core
[DEBUG]   Imported: org.eclipse.aether.version < plexus.core
[DEBUG]   Imported: org.fusesource.jansi.* < plexus.core
[DEBUG]   Imported: org.slf4j.* < plexus.core
[DEBUG]   Imported: org.slf4j.event.* < plexus.core
[DEBUG]   Imported: org.slf4j.helpers.* < plexus.core
[DEBUG]   Imported: org.slf4j.spi.* < plexus.core
[DEBUG] Populating class realm maven.api
[INFO] Error stacktraces are turned on.
[DEBUG] Message scheme: color
[DEBUG] Message styles: debug info warning error success failure strong mojo project
[DEBUG] Reading global settings from /home/tools/hudson.tasks.Maven_MavenInstallation/m3/conf/settings.xml
[DEBUG] Reading user settings from /root/.m2/settings.xml
[DEBUG] Reading global toolchains from /home/tools/hudson.tasks.Maven_MavenInstallation/m3/conf/toolchains.xml
[DEBUG] Reading user toolchains from /root/.m2/toolchains.xml
[DEBUG] Using local repository at /root/.m2/repository
[DEBUG] Using manager EnhancedLocalRepositoryManager with priority 10.0 for /root/.m2/repository
[INFO] Scanning for projects...
[DEBUG] Extension realms for project pl.pandait:panda:jar:0.0.1: (none)
[DEBUG] Looking up lifecycle mappings for packaging jar from ClassRealm[plexus.core, parent: null]
[DEBUG] Extension realms for project org.springframework.boot:spring-boot-starter-parent:pom:2.2.4.RELEASE: (none)
[DEBUG] Looking up lifecycle mappings for packaging pom from ClassRealm[plexus.core, parent: null]
[DEBUG] Extension realms for project org.springframework.boot:spring-boot-dependencies:pom:2.2.4.RELEASE: (none)
[DEBUG] Looking up lifecycle mappings for packaging pom from ClassRealm[plexus.core, parent: null]
[DEBUG] === REACTOR BUILD PLAN ================================================
[DEBUG] Project: pl.pandait:panda:jar:0.0.1
[DEBUG] Tasks:   [test]
[DEBUG] Style:   Regular
[DEBUG] =======================================================================
[INFO] 
[INFO] --------------------------< pl.pandait:panda >--------------------------
[INFO] Building panda 0.0.1
[INFO] --------------------------------[ jar ]---------------------------------
[DEBUG] Lifecycle default -> [validate, initialize, generate-sources, process-sources, generate-resources, process-resources, compile, process-classes, generate-test-sources, process-test-sources, generate-test-resources, process-test-resources, test-compile, process-test-classes, test, prepare-package, package, pre-integration-test, integration-test, post-integration-test, verify, install, deploy]
[DEBUG] Lifecycle clean -> [pre-clean, clean, post-clean]
[DEBUG] Lifecycle site -> [pre-site, site, post-site, site-deploy]
[DEBUG] Lifecycle default -> [validate, initialize, generate-sources, process-sources, generate-resources, process-resources, compile, process-classes, generate-test-sources, process-test-sources, generate-test-resources, process-test-resources, test-compile, process-test-classes, test, prepare-package, package, pre-integration-test, integration-test, post-integration-test, verify, install, deploy]
[DEBUG] Lifecycle clean -> [pre-clean, clean, post-clean]
[DEBUG] Lifecycle site -> [pre-site, site, post-site, site-deploy]
[DEBUG] Lifecycle default -> [validate, initialize, generate-sources, process-sources, generate-resources, process-resources, compile, process-classes, generate-test-sources, process-test-sources, generate-test-resources, process-test-resources, test-compile, process-test-classes, test, prepare-package, package, pre-integration-test, integration-test, post-integration-test, verify, install, deploy]
[DEBUG] Lifecycle clean -> [pre-clean, clean, post-clean]
[DEBUG] Lifecycle site -> [pre-site, site, post-site, site-deploy]
[DEBUG] Lifecycle default -> [validate, initialize, generate-sources, process-sources, generate-resources, process-resources, compile, process-classes, generate-test-sources, process-test-sources, generate-test-resources, process-test-resources, test-compile, process-test-classes, test, prepare-package, package, pre-integration-test, integration-test, post-integration-test, verify, install, deploy]
[DEBUG] Lifecycle clean -> [pre-clean, clean, post-clean]
[DEBUG] Lifecycle site -> [pre-site, site, post-site, site-deploy]
[DEBUG] Lifecycle default -> [validate, initialize, generate-sources, process-sources, generate-resources, process-resources, compile, process-classes, generate-test-sources, process-test-sources, generate-test-resources, process-test-resources, test-compile, process-test-classes, test, prepare-package, package, pre-integration-test, integration-test, post-integration-test, verify, install, deploy]
[DEBUG] Lifecycle clean -> [pre-clean, clean, post-clean]
[DEBUG] Lifecycle site -> [pre-site, site, post-site, site-deploy]
[DEBUG] Lifecycle default -> [validate, initialize, generate-sources, process-sources, generate-resources, process-resources, compile, process-classes, generate-test-sources, process-test-sources, generate-test-resources, process-test-resources, test-compile, process-test-classes, test, prepare-package, package, pre-integration-test, integration-test, post-integration-test, verify, install, deploy]
[DEBUG] Lifecycle clean -> [pre-clean, clean, post-clean]
[DEBUG] Lifecycle site -> [pre-site, site, post-site, site-deploy]
[DEBUG] === PROJECT BUILD PLAN ================================================
[DEBUG] Project:       pl.pandait:panda:0.0.1
[DEBUG] Dependencies (collect): []
[DEBUG] Dependencies (resolve): [compile, test]
[DEBUG] Repositories (dependencies): [central (https://repo.maven.apache.org/maven2, default, releases)]
[DEBUG] Repositories (plugins)     : [central (https://repo.maven.apache.org/maven2, default, releases)]
[DEBUG] -----------------------------------------------------------------------
[DEBUG] Goal:          org.apache.maven.plugins:maven-resources-plugin:3.1.0:resources (default-resources)
[DEBUG] Style:         Regular
[DEBUG] Configuration: <?xml version="1.0" encoding="UTF-8"?>
<configuration>
  <addDefaultExcludes default-value="true"/>
  <buildFilters default-value="${project.build.filters}"/>
  <delimiters>
    <delimiter>@</delimiter>
  </delimiters>
  <encoding default-value="${project.build.sourceEncoding}"/>
  <escapeWindowsPaths default-value="true"/>
  <fileNameFiltering default-value="false"/>
  <includeEmptyDirs default-value="false"/>
  <outputDirectory default-value="${project.build.outputDirectory}"/>
  <overwrite default-value="false"/>
  <project default-value="${project}"/>
  <resources default-value="${project.resources}"/>
  <session default-value="${session}"/>
  <skip default-value="false">${maven.resources.skip}</skip>
  <supportMultiLineFiltering default-value="false"/>
  <useBuildFilters default-value="true"/>
  <useDefaultDelimiters default-value="true">false</useDefaultDelimiters>
</configuration>
[DEBUG] -----------------------------------------------------------------------
[DEBUG] Goal:          org.apache.maven.plugins:maven-compiler-plugin:3.8.1:compile (default-compile)
[DEBUG] Style:         Regular
[DEBUG] Configuration: <?xml version="1.0" encoding="UTF-8"?>
<configuration>
  <basedir default-value="${basedir}"/>
  <buildDirectory default-value="${project.build.directory}"/>
  <compilePath default-value="${project.compileClasspathElements}"/>
  <compileSourceRoots default-value="${project.compileSourceRoots}"/>
  <compilerId default-value="javac">${maven.compiler.compilerId}</compilerId>
  <compilerReuseStrategy default-value="${reuseCreated}">${maven.compiler.compilerReuseStrategy}</compilerReuseStrategy>
  <compilerVersion>${maven.compiler.compilerVersion}</compilerVersion>
  <debug default-value="true">${maven.compiler.debug}</debug>
  <debuglevel>${maven.compiler.debuglevel}</debuglevel>
  <encoding default-value="${project.build.sourceEncoding}">${encoding}</encoding>
  <executable>${maven.compiler.executable}</executable>
  <failOnError default-value="true">${maven.compiler.failOnError}</failOnError>
  <failOnWarning default-value="false">${maven.compiler.failOnWarning}</failOnWarning>
  <forceJavacCompilerUse default-value="false">${maven.compiler.forceJavacCompilerUse}</forceJavacCompilerUse>
  <fork default-value="false">${maven.compiler.fork}</fork>
  <generatedSourcesDirectory default-value="${project.build.directory}/generated-sources/annotations"/>
  <maxmem>512m</maxmem>
  <meminitial>${maven.compiler.meminitial}</meminitial>
  <mojoExecution default-value="${mojoExecution}"/>
  <optimize default-value="false">${maven.compiler.optimize}</optimize>
  <outputDirectory default-value="${project.build.outputDirectory}"/>
  <parameters default-value="false">true</parameters>
  <project default-value="${project}"/>
  <projectArtifact default-value="${project.artifact}"/>
  <release>${maven.compiler.release}</release>
  <session default-value="${session}"/>
  <showDeprecation default-value="false">${maven.compiler.showDeprecation}</showDeprecation>
  <showWarnings default-value="false">${maven.compiler.showWarnings}</showWarnings>
  <skipMain>${maven.main.skip}</skipMain>
  <skipMultiThreadWarning default-value="false">${maven.compiler.skipMultiThreadWarning}</skipMultiThreadWarning>
  <source default-value="1.6">11</source>
  <staleMillis default-value="0">${lastModGranularityMs}</staleMillis>
  <target default-value="1.6">11</target>
  <useIncrementalCompilation default-value="true">${maven.compiler.useIncrementalCompilation}</useIncrementalCompilation>
  <verbose default-value="false">${maven.compiler.verbose}</verbose>
</configuration>
[DEBUG] -----------------------------------------------------------------------
[DEBUG] Goal:          org.apache.maven.plugins:maven-compiler-plugin:3.8.1:compile (default)
[DEBUG] Style:         Regular
[DEBUG] Configuration: <?xml version="1.0" encoding="UTF-8"?>
<configuration>
  <basedir default-value="${basedir}"/>
  <buildDirectory default-value="${project.build.directory}"/>
  <compilePath default-value="${project.compileClasspathElements}"/>
  <compileSourceRoots default-value="${project.compileSourceRoots}"/>
  <compilerId default-value="javac">${maven.compiler.compilerId}</compilerId>
  <compilerReuseStrategy default-value="${reuseCreated}">${maven.compiler.compilerReuseStrategy}</compilerReuseStrategy>
  <compilerVersion>${maven.compiler.compilerVersion}</compilerVersion>
  <debug default-value="true">${maven.compiler.debug}</debug>
  <debuglevel>${maven.compiler.debuglevel}</debuglevel>
  <encoding default-value="${project.build.sourceEncoding}">${encoding}</encoding>
  <executable>${maven.compiler.executable}</executable>
  <failOnError default-value="true">${maven.compiler.failOnError}</failOnError>
  <failOnWarning default-value="false">${maven.compiler.failOnWarning}</failOnWarning>
  <forceJavacCompilerUse default-value="false">${maven.compiler.forceJavacCompilerUse}</forceJavacCompilerUse>
  <fork default-value="false">${maven.compiler.fork}</fork>
  <generatedSourcesDirectory default-value="${project.build.directory}/generated-sources/annotations"/>
  <maxmem>512m</maxmem>
  <meminitial>${maven.compiler.meminitial}</meminitial>
  <mojoExecution default-value="${mojoExecution}"/>
  <optimize default-value="false">${maven.compiler.optimize}</optimize>
  <outputDirectory default-value="${project.build.outputDirectory}"/>
  <parameters default-value="false">true</parameters>
  <project default-value="${project}"/>
  <projectArtifact default-value="${project.artifact}"/>
  <release>${maven.compiler.release}</release>
  <session default-value="${session}"/>
  <showDeprecation default-value="false">${maven.compiler.showDeprecation}</showDeprecation>
  <showWarnings default-value="false">${maven.compiler.showWarnings}</showWarnings>
  <skipMain>${maven.main.skip}</skipMain>
  <skipMultiThreadWarning default-value="false">${maven.compiler.skipMultiThreadWarning}</skipMultiThreadWarning>
  <source default-value="1.6">11</source>
  <staleMillis default-value="0">${lastModGranularityMs}</staleMillis>
  <target default-value="1.6">11</target>
  <useIncrementalCompilation default-value="true">${maven.compiler.useIncrementalCompilation}</useIncrementalCompilation>
  <verbose default-value="false">${maven.compiler.verbose}</verbose>
</configuration>
[DEBUG] -----------------------------------------------------------------------
[DEBUG] Goal:          org.apache.maven.plugins:maven-resources-plugin:3.1.0:testResources (default-testResources)
[DEBUG] Style:         Regular
[DEBUG] Configuration: <?xml version="1.0" encoding="UTF-8"?>
<configuration>
  <addDefaultExcludes default-value="true"/>
  <buildFilters default-value="${project.build.filters}"/>
  <delimiters>
    <delimiter>@</delimiter>
  </delimiters>
  <encoding default-value="${project.build.sourceEncoding}"/>
  <escapeWindowsPaths default-value="true"/>
  <fileNameFiltering default-value="false"/>
  <includeEmptyDirs default-value="false"/>
  <outputDirectory default-value="${project.build.testOutputDirectory}"/>
  <overwrite default-value="false"/>
  <project default-value="${project}"/>
  <resources default-value="${project.testResources}"/>
  <session default-value="${session}"/>
  <skip default-value="false">${maven.test.skip}</skip>
  <supportMultiLineFiltering default-value="false"/>
  <useBuildFilters default-value="true"/>
  <useDefaultDelimiters default-value="true">false</useDefaultDelimiters>
</configuration>
[DEBUG] -----------------------------------------------------------------------
[DEBUG] Goal:          org.apache.maven.plugins:maven-compiler-plugin:3.8.1:testCompile (default-testCompile)
[DEBUG] Style:         Regular
[DEBUG] Configuration: <?xml version="1.0" encoding="UTF-8"?>
<configuration>
  <basedir default-value="${basedir}"/>
  <buildDirectory default-value="${project.build.directory}"/>
  <compilePath default-value="${project.compileClasspathElements}"/>
  <compileSourceRoots default-value="${project.testCompileSourceRoots}"/>
  <compilerId default-value="javac">${maven.compiler.compilerId}</compilerId>
  <compilerReuseStrategy default-value="${reuseCreated}">${maven.compiler.compilerReuseStrategy}</compilerReuseStrategy>
  <compilerVersion>${maven.compiler.compilerVersion}</compilerVersion>
  <debug default-value="true">${maven.compiler.debug}</debug>
  <debuglevel>${maven.compiler.debuglevel}</debuglevel>
  <encoding default-value="${project.build.sourceEncoding}">${encoding}</encoding>
  <executable>${maven.compiler.executable}</executable>
  <failOnError default-value="true">${maven.compiler.failOnError}</failOnError>
  <failOnWarning default-value="false">${maven.compiler.failOnWarning}</failOnWarning>
  <forceJavacCompilerUse default-value="false">${maven.compiler.forceJavacCompilerUse}</forceJavacCompilerUse>
  <fork default-value="false">${maven.compiler.fork}</fork>
  <generatedTestSourcesDirectory default-value="${project.build.directory}/generated-test-sources/test-annotations"/>
  <maxmem>512m</maxmem>
  <meminitial>${maven.compiler.meminitial}</meminitial>
  <mojoExecution default-value="${mojoExecution}"/>
  <optimize default-value="false">${maven.compiler.optimize}</optimize>
  <outputDirectory default-value="${project.build.testOutputDirectory}"/>
  <parameters default-value="false">true</parameters>
  <project default-value="${project}"/>
  <release>${maven.compiler.release}</release>
  <session default-value="${session}"/>
  <showDeprecation default-value="false">${maven.compiler.showDeprecation}</showDeprecation>
  <showWarnings default-value="false">${maven.compiler.showWarnings}</showWarnings>
  <skip>${maven.test.skip}</skip>
  <skipMultiThreadWarning default-value="false">${maven.compiler.skipMultiThreadWarning}</skipMultiThreadWarning>
  <source default-value="1.6">11</source>
  <staleMillis default-value="0">${lastModGranularityMs}</staleMillis>
  <target default-value="1.6">11</target>
  <testPath default-value="${project.testClasspathElements}"/>
  <testRelease>${maven.compiler.testRelease}</testRelease>
  <testSource>${maven.compiler.testSource}</testSource>
  <testTarget>${maven.compiler.testTarget}</testTarget>
  <useIncrementalCompilation default-value="true">${maven.compiler.useIncrementalCompilation}</useIncrementalCompilation>
  <verbose default-value="false">${maven.compiler.verbose}</verbose>
</configuration>
[DEBUG] -----------------------------------------------------------------------
[DEBUG] Goal:          org.apache.maven.plugins:maven-surefire-plugin:2.22.2:test (default-test)
[DEBUG] Style:         Regular
[DEBUG] Configuration: <?xml version="1.0" encoding="UTF-8"?>
<configuration>
  <additionalClasspathElements>${maven.test.additionalClasspath}</additionalClasspathElements>
  <argLine>${argLine}</argLine>
  <basedir default-value="${basedir}"/>
  <childDelegation default-value="false">${childDelegation}</childDelegation>
  <classesDirectory default-value="${project.build.outputDirectory}"/>
  <classpathDependencyExcludes>${maven.test.dependency.excludes}</classpathDependencyExcludes>
  <debugForkedProcess>${maven.surefire.debug}</debugForkedProcess>
  <dependenciesToScan>${dependenciesToScan}</dependenciesToScan>
  <disableXmlReport default-value="false">${disableXmlReport}</disableXmlReport>
  <enableAssertions default-value="true">${enableAssertions}</enableAssertions>
  <encoding default-value="${project.reporting.outputEncoding}">${surefire.encoding}</encoding>
  <excludedGroups>${excludedGroups}</excludedGroups>
  <excludesFile>${surefire.excludesFile}</excludesFile>
  <failIfNoSpecifiedTests>${surefire.failIfNoSpecifiedTests}</failIfNoSpecifiedTests>
  <failIfNoTests>${failIfNoTests}</failIfNoTests>
  <forkCount default-value="1">${forkCount}</forkCount>
  <forkMode default-value="once">${forkMode}</forkMode>
  <forkedProcessExitTimeoutInSeconds default-value="30">${surefire.exitTimeout}</forkedProcessExitTimeoutInSeconds>
  <forkedProcessTimeoutInSeconds>${surefire.timeout}</forkedProcessTimeoutInSeconds>
  <groups>${groups}</groups>
  <includes>
    <include>*SeleniumTest.java</include>
  </includes>
  <includesFile>${surefire.includesFile}</includesFile>
  <junitArtifactName default-value="junit:junit">${junitArtifactName}</junitArtifactName>
  <junitPlatformArtifactName default-value="org.junit.platform:junit-platform-engine">${junitPlatformArtifactName}</junitPlatformArtifactName>
  <jvm>${jvm}</jvm>
  <localRepository default-value="${localRepository}"/>
  <objectFactory>${objectFactory}</objectFactory>
  <parallel>${parallel}</parallel>
  <parallelMavenExecution default-value="${session.parallel}"/>
  <parallelOptimized default-value="true">${parallelOptimized}</parallelOptimized>
  <parallelTestsTimeoutForcedInSeconds>${surefire.parallel.forcedTimeout}</parallelTestsTimeoutForcedInSeconds>
  <parallelTestsTimeoutInSeconds>${surefire.parallel.timeout}</parallelTestsTimeoutInSeconds>
  <perCoreThreadCount default-value="true">${perCoreThreadCount}</perCoreThreadCount>
  <pluginArtifactMap>${plugin.artifactMap}</pluginArtifactMap>
  <pluginDescriptor default-value="${plugin}"/>
  <printSummary default-value="true">${surefire.printSummary}</printSummary>
  <projectArtifactMap>${project.artifactMap}</projectArtifactMap>
  <projectBuildDirectory default-value="${project.build.directory}"/>
  <redirectTestOutputToFile default-value="false">${maven.test.redirectTestOutputToFile}</redirectTestOutputToFile>
  <remoteRepositories default-value="${project.pluginArtifactRepositories}"/>
  <reportFormat default-value="brief">${surefire.reportFormat}</reportFormat>
  <reportNameSuffix default-value="">${surefire.reportNameSuffix}</reportNameSuffix>
  <reportsDirectory default-value="${project.build.directory}/surefire-reports"/>
  <rerunFailingTestsCount default-value="0">${surefire.rerunFailingTestsCount}</rerunFailingTestsCount>
  <reuseForks default-value="true">${reuseForks}</reuseForks>
  <runOrder default-value="filesystem">${surefire.runOrder}</runOrder>
  <shutdown default-value="testset">${surefire.shutdown}</shutdown>
  <skip default-value="false">${maven.test.skip}</skip>
  <skipAfterFailureCount default-value="0">${surefire.skipAfterFailureCount}</skipAfterFailureCount>
  <skipExec>${maven.test.skip.exec}</skipExec>
  <skipTests default-value="false">${skipTests}</skipTests>
  <suiteXmlFiles>${surefire.suiteXmlFiles}</suiteXmlFiles>
  <tempDir default-value="surefire">${tempDir}</tempDir>
  <test>${test}</test>
  <testClassesDirectory default-value="${project.build.testOutputDirectory}"/>
  <testFailureIgnore default-value="false">${maven.test.failure.ignore}</testFailureIgnore>
  <testNGArtifactName default-value="org.testng:testng">${testNGArtifactName}</testNGArtifactName>
  <testSourceDirectory default-value="${project.build.testSourceDirectory}"/>
  <threadCount>${threadCount}</threadCount>
  <threadCountClasses default-value="0">${threadCountClasses}</threadCountClasses>
  <threadCountMethods default-value="0">${threadCountMethods}</threadCountMethods>
  <threadCountSuites default-value="0">${threadCountSuites}</threadCountSuites>
  <trimStackTrace default-value="true">${trimStackTrace}</trimStackTrace>
  <useFile default-value="true">${surefire.useFile}</useFile>
  <useManifestOnlyJar default-value="true">${surefire.useManifestOnlyJar}</useManifestOnlyJar>
  <useSystemClassLoader default-value="true">${surefire.useSystemClassLoader}</useSystemClassLoader>
  <useUnlimitedThreads default-value="false">${useUnlimitedThreads}</useUnlimitedThreads>
  <workingDirectory>${basedir}</workingDirectory>
  <project default-value="${project}"/>
  <session default-value="${session}"/>
</configuration>
[DEBUG] -----------------------------------------------------------------------
[DEBUG] Goal:          org.apache.maven.plugins:maven-surefire-plugin:2.22.2:test (default)
[DEBUG] Style:         Regular
[DEBUG] Configuration: <?xml version="1.0" encoding="UTF-8"?>
<configuration>
  <additionalClasspathElements>${maven.test.additionalClasspath}</additionalClasspathElements>
  <argLine>${argLine}</argLine>
  <basedir default-value="${basedir}"/>
  <childDelegation default-value="false">${childDelegation}</childDelegation>
  <classesDirectory default-value="${project.build.outputDirectory}"/>
  <classpathDependencyExcludes>${maven.test.dependency.excludes}</classpathDependencyExcludes>
  <debugForkedProcess>${maven.surefire.debug}</debugForkedProcess>
  <dependenciesToScan>${dependenciesToScan}</dependenciesToScan>
  <disableXmlReport default-value="false">${disableXmlReport}</disableXmlReport>
  <enableAssertions default-value="true">${enableAssertions}</enableAssertions>
  <encoding default-value="${project.reporting.outputEncoding}">${surefire.encoding}</encoding>
  <excludedGroups>${excludedGroups}</excludedGroups>
  <excludesFile>${surefire.excludesFile}</excludesFile>
  <failIfNoSpecifiedTests>${surefire.failIfNoSpecifiedTests}</failIfNoSpecifiedTests>
  <failIfNoTests>${failIfNoTests}</failIfNoTests>
  <forkCount default-value="1">${forkCount}</forkCount>
  <forkMode default-value="once">${forkMode}</forkMode>
  <forkedProcessExitTimeoutInSeconds default-value="30">${surefire.exitTimeout}</forkedProcessExitTimeoutInSeconds>
  <forkedProcessTimeoutInSeconds>${surefire.timeout}</forkedProcessTimeoutInSeconds>
  <groups>${groups}</groups>
  <includes>
    <include>*SeleniumTest.java</include>
  </includes>
  <includesFile>${surefire.includesFile}</includesFile>
  <junitArtifactName default-value="junit:junit">${junitArtifactName}</junitArtifactName>
  <junitPlatformArtifactName default-value="org.junit.platform:junit-platform-engine">${junitPlatformArtifactName}</junitPlatformArtifactName>
  <jvm>${jvm}</jvm>
  <localRepository default-value="${localRepository}"/>
  <objectFactory>${objectFactory}</objectFactory>
  <parallel>${parallel}</parallel>
  <parallelMavenExecution default-value="${session.parallel}"/>
  <parallelOptimized default-value="true">${parallelOptimized}</parallelOptimized>
  <parallelTestsTimeoutForcedInSeconds>${surefire.parallel.forcedTimeout}</parallelTestsTimeoutForcedInSeconds>
  <parallelTestsTimeoutInSeconds>${surefire.parallel.timeout}</parallelTestsTimeoutInSeconds>
  <perCoreThreadCount default-value="true">${perCoreThreadCount}</perCoreThreadCount>
  <pluginArtifactMap>${plugin.artifactMap}</pluginArtifactMap>
  <pluginDescriptor default-value="${plugin}"/>
  <printSummary default-value="true">${surefire.printSummary}</printSummary>
  <projectArtifactMap>${project.artifactMap}</projectArtifactMap>
  <projectBuildDirectory default-value="${project.build.directory}"/>
  <redirectTestOutputToFile default-value="false">${maven.test.redirectTestOutputToFile}</redirectTestOutputToFile>
  <remoteRepositories default-value="${project.pluginArtifactRepositories}"/>
  <reportFormat default-value="brief">${surefire.reportFormat}</reportFormat>
  <reportNameSuffix default-value="">${surefire.reportNameSuffix}</reportNameSuffix>
  <reportsDirectory default-value="${project.build.directory}/surefire-reports"/>
  <rerunFailingTestsCount default-value="0">${surefire.rerunFailingTestsCount}</rerunFailingTestsCount>
  <reuseForks default-value="true">${reuseForks}</reuseForks>
  <runOrder default-value="filesystem">${surefire.runOrder}</runOrder>
  <shutdown default-value="testset">${surefire.shutdown}</shutdown>
  <skip default-value="false">${maven.test.skip}</skip>
  <skipAfterFailureCount default-value="0">${surefire.skipAfterFailureCount}</skipAfterFailureCount>
  <skipExec>${maven.test.skip.exec}</skipExec>
  <skipTests default-value="false">${skipTests}</skipTests>
  <suiteXmlFiles>${surefire.suiteXmlFiles}</suiteXmlFiles>
  <tempDir default-value="surefire">${tempDir}</tempDir>
  <test>${test}</test>
  <testClassesDirectory default-value="${project.build.testOutputDirectory}"/>
  <testFailureIgnore default-value="false">${maven.test.failure.ignore}</testFailureIgnore>
  <testNGArtifactName default-value="org.testng:testng">${testNGArtifactName}</testNGArtifactName>
  <testSourceDirectory default-value="${project.build.testSourceDirectory}"/>
  <threadCount>${threadCount}</threadCount>
  <threadCountClasses default-value="0">${threadCountClasses}</threadCountClasses>
  <threadCountMethods default-value="0">${threadCountMethods}</threadCountMethods>
  <threadCountSuites default-value="0">${threadCountSuites}</threadCountSuites>
  <trimStackTrace default-value="true">${trimStackTrace}</trimStackTrace>
  <useFile default-value="true">${surefire.useFile}</useFile>
  <useManifestOnlyJar default-value="true">${surefire.useManifestOnlyJar}</useManifestOnlyJar>
  <useSystemClassLoader default-value="true">${surefire.useSystemClassLoader}</useSystemClassLoader>
  <useUnlimitedThreads default-value="false">${useUnlimitedThreads}</useUnlimitedThreads>
  <workingDirectory>${basedir}</workingDirectory>
  <project default-value="${project}"/>
  <session default-value="${session}"/>
</configuration>
[DEBUG] =======================================================================
[DEBUG] Using mirror maven-default-http-blocker (http://0.0.0.0/) for ow2-snapshot (http://repository.ow2.org/nexus/content/repositories/snapshots).
[DEBUG] Using mirror maven-default-http-blocker (http://0.0.0.0/) for vaadin-snapshots (http://oss.sonatype.org/content/repositories/vaadin-snapshots/).
[DEBUG] Using mirror maven-default-http-blocker (http://0.0.0.0/) for vaadin-releases (http://oss.sonatype.org/content/repositories/vaadin-releases/).
[DEBUG] Using mirror maven-default-http-blocker (http://0.0.0.0/) for apache.snapshots (http://repository.apache.org/snapshots).
[DEBUG] Using mirror maven-default-http-blocker (http://0.0.0.0/) for codehaus-snapshots (http://nexus.codehaus.org/snapshots/).
[DEBUG] Dependency collection stats {ConflictMarker.analyzeTime=1129641, ConflictMarker.markTime=494831, ConflictMarker.nodeCount=266, ConflictIdSorter.graphTime=525711, ConflictIdSorter.topsortTime=226070, ConflictIdSorter.conflictIdCount=95, ConflictIdSorter.conflictIdCycleCount=0, ConflictResolver.totalTime=6295829, ConflictResolver.conflictItemCount=201, DefaultDependencyCollector.collectTime=245033919, DefaultDependencyCollector.transformTime=9833154}
[DEBUG] pl.pandait:panda:jar:0.0.1
[DEBUG]    org.springframework.boot:spring-boot-starter-thymeleaf:jar:2.2.4.RELEASE:compile
[DEBUG]       org.springframework.boot:spring-boot-starter:jar:2.2.4.RELEASE:compile (version managed from 2.2.4.RELEASE)
[DEBUG]          org.springframework.boot:spring-boot:jar:2.2.4.RELEASE:compile (version managed from 2.2.4.RELEASE)
[DEBUG]          org.springframework.boot:spring-boot-autoconfigure:jar:2.2.4.RELEASE:compile (version managed from 2.2.4.RELEASE)
[DEBUG]          org.springframework.boot:spring-boot-starter-logging:jar:2.2.4.RELEASE:compile (version managed from 2.2.4.RELEASE)
[DEBUG]             ch.qos.logback:logback-classic:jar:1.2.3:compile (version managed from 1.2.3)
[DEBUG]                ch.qos.logback:logback-core:jar:1.2.3:compile (version managed from 1.2.3)
[DEBUG]             org.apache.logging.log4j:log4j-to-slf4j:jar:2.12.1:compile (version managed from 2.12.1)
[DEBUG]                org.apache.logging.log4j:log4j-api:jar:2.12.1:compile (version managed from 2.12.1)
[DEBUG]             org.slf4j:jul-to-slf4j:jar:1.7.30:compile (version managed from 1.7.30)
[DEBUG]          jakarta.annotation:jakarta.annotation-api:jar:1.3.5:compile (version managed from 1.3.5)
[DEBUG]          org.yaml:snakeyaml:jar:1.25:runtime (version managed from 1.25)
[DEBUG]       org.thymeleaf:thymeleaf-spring5:jar:3.0.11.RELEASE:compile (version managed from 3.0.11.RELEASE)
[DEBUG]          org.thymeleaf:thymeleaf:jar:3.0.11.RELEASE:compile (version managed from 3.0.11.RELEASE)
[DEBUG]             org.attoparser:attoparser:jar:2.0.5.RELEASE:compile
[DEBUG]             org.unbescape:unbescape:jar:1.1.6.RELEASE:compile
[DEBUG]          org.slf4j:slf4j-api:jar:1.7.30:compile (version managed from 1.7.25)
[DEBUG]       org.thymeleaf.extras:thymeleaf-extras-java8time:jar:3.0.4.RELEASE:compile (version managed from 3.0.4.RELEASE)
[DEBUG]    org.springframework.boot:spring-boot-starter-web:jar:2.2.4.RELEASE:compile
[DEBUG]       org.springframework.boot:spring-boot-starter-json:jar:2.2.4.RELEASE:compile (version managed from 2.2.4.RELEASE)
[DEBUG]          com.fasterxml.jackson.core:jackson-databind:jar:2.10.2:compile (version managed from 2.10.2)
[DEBUG]             com.fasterxml.jackson.core:jackson-annotations:jar:2.10.2:compile (version managed from 2.10.2)
[DEBUG]             com.fasterxml.jackson.core:jackson-core:jar:2.10.2:compile (version managed from 2.10.2)
[DEBUG]          com.fasterxml.jackson.datatype:jackson-datatype-jdk8:jar:2.10.2:compile (version managed from 2.10.2)
[DEBUG]          com.fasterxml.jackson.datatype:jackson-datatype-jsr310:jar:2.10.2:compile (version managed from 2.10.2)
[DEBUG]          com.fasterxml.jackson.module:jackson-module-parameter-names:jar:2.10.2:compile (version managed from 2.10.2)
[DEBUG]       org.springframework.boot:spring-boot-starter-tomcat:jar:2.2.4.RELEASE:compile (version managed from 2.2.4.RELEASE)
[DEBUG]          org.apache.tomcat.embed:tomcat-embed-core:jar:9.0.30:compile (version managed from 9.0.30)
[DEBUG]          org.apache.tomcat.embed:tomcat-embed-el:jar:9.0.30:compile (version managed from 9.0.30)
[DEBUG]          org.apache.tomcat.embed:tomcat-embed-websocket:jar:9.0.30:compile (version managed from 9.0.30)
[DEBUG]       org.springframework.boot:spring-boot-starter-validation:jar:2.2.4.RELEASE:compile (version managed from 2.2.4.RELEASE)
[DEBUG]          jakarta.validation:jakarta.validation-api:jar:2.0.2:compile (version managed from 2.0.2)
[DEBUG]          org.hibernate.validator:hibernate-validator:jar:6.0.18.Final:compile (version managed from 6.0.18.Final)
[DEBUG]             org.jboss.logging:jboss-logging:jar:3.4.1.Final:compile (version managed from 3.3.2.Final)
[DEBUG]             com.fasterxml:classmate:jar:1.5.1:compile (version managed from 1.3.4)
[DEBUG]       org.springframework:spring-web:jar:5.2.3.RELEASE:compile (version managed from 5.2.3.RELEASE)
[DEBUG]          org.springframework:spring-beans:jar:5.2.3.RELEASE:compile (version managed from 5.2.3.RELEASE)
[DEBUG]       org.springframework:spring-webmvc:jar:5.2.3.RELEASE:compile (version managed from 5.2.3.RELEASE)
[DEBUG]          org.springframework:spring-aop:jar:5.2.3.RELEASE:compile (version managed from 5.2.3.RELEASE)
[DEBUG]          org.springframework:spring-context:jar:5.2.3.RELEASE:compile (version managed from 5.2.3.RELEASE)
[DEBUG]          org.springframework:spring-expression:jar:5.2.3.RELEASE:compile (version managed from 5.2.3.RELEASE)
[DEBUG]    junit:junit:jar:4.12:test
[DEBUG]       org.hamcrest:hamcrest-core:jar:2.1:test (version managed from 1.3)
[DEBUG]    org.springframework.boot:spring-boot-starter-test:jar:2.2.4.RELEASE:test
[DEBUG]       org.springframework.boot:spring-boot-test:jar:2.2.4.RELEASE:test (version managed from 2.2.4.RELEASE)
[DEBUG]       org.springframework.boot:spring-boot-test-autoconfigure:jar:2.2.4.RELEASE:test (version managed from 2.2.4.RELEASE)
[DEBUG]       com.jayway.jsonpath:json-path:jar:2.4.0:test (version managed from 2.4.0)
[DEBUG]          net.minidev:json-smart:jar:2.3:test
[DEBUG]             net.minidev:accessors-smart:jar:1.2:test
[DEBUG]                org.ow2.asm:asm:jar:5.0.4:test
[DEBUG]       jakarta.xml.bind:jakarta.xml.bind-api:jar:2.3.2:test (version managed from 2.3.2)
[DEBUG]          jakarta.activation:jakarta.activation-api:jar:1.2.1:test (version managed from 1.2.1)
[DEBUG]       org.junit.jupiter:junit-jupiter:jar:5.5.2:test (version managed from 5.5.2)
[DEBUG]          org.junit.jupiter:junit-jupiter-api:jar:5.5.2:test (version managed from 5.5.2)
[DEBUG]             org.apiguardian:apiguardian-api:jar:1.1.0:test
[DEBUG]             org.opentest4j:opentest4j:jar:1.2.0:test
[DEBUG]             org.junit.platform:junit-platform-commons:jar:1.5.2:test (version managed from 1.5.2)
[DEBUG]          org.junit.jupiter:junit-jupiter-params:jar:5.5.2:test (version managed from 5.5.2)
[DEBUG]          org.junit.jupiter:junit-jupiter-engine:jar:5.5.2:test (version managed from 5.5.2)
[DEBUG]             org.junit.platform:junit-platform-engine:jar:1.5.2:test (version managed from 1.5.2)
[DEBUG]       org.mockito:mockito-junit-jupiter:jar:3.1.0:test (version managed from 3.1.0)
[DEBUG]       org.assertj:assertj-core:jar:3.13.2:test (version managed from 3.13.2)
[DEBUG]       org.hamcrest:hamcrest:jar:2.1:test (version managed from 2.1)
[DEBUG]       org.mockito:mockito-core:jar:3.1.0:test (version managed from 3.1.0)
[DEBUG]          net.bytebuddy:byte-buddy-agent:jar:1.10.6:test (version managed from 1.9.10)
[DEBUG]          org.objenesis:objenesis:jar:2.6:test
[DEBUG]       org.skyscreamer:jsonassert:jar:1.5.0:test (version managed from 1.5.0)
[DEBUG]          com.vaadin.external.google:android-json:jar:0.0.20131108.vaadin1:test
[DEBUG]       org.springframework:spring-core:jar:5.2.3.RELEASE:compile (version managed from 5.2.3.RELEASE)
[DEBUG]          org.springframework:spring-jcl:jar:5.2.3.RELEASE:compile (version managed from 5.2.3.RELEASE)
[DEBUG]       org.springframework:spring-test:jar:5.2.3.RELEASE:test (version managed from 5.2.3.RELEASE)
[DEBUG]       org.xmlunit:xmlunit-core:jar:2.6.3:test (version managed from 2.6.3)
[DEBUG]    org.seleniumhq.selenium:selenium-java:jar:3.141.59:compile
[DEBUG]       org.seleniumhq.selenium:selenium-api:jar:3.141.59:compile (version managed from 3.141.59)
[DEBUG]       org.seleniumhq.selenium:selenium-chrome-driver:jar:3.141.59:compile (version managed from 3.141.59)
[DEBUG]       org.seleniumhq.selenium:selenium-edge-driver:jar:3.141.59:compile (version managed from 3.141.59)
[DEBUG]       org.seleniumhq.selenium:selenium-firefox-driver:jar:3.141.59:compile (version managed from 3.141.59)
[DEBUG]       org.seleniumhq.selenium:selenium-ie-driver:jar:3.141.59:compile (version managed from 3.141.59)
[DEBUG]       org.seleniumhq.selenium:selenium-opera-driver:jar:3.141.59:compile (version managed from 3.141.59)
[DEBUG]       org.seleniumhq.selenium:selenium-remote-driver:jar:3.141.59:compile (version managed from 3.141.59) (exclusions managed from [])
[DEBUG]       org.seleniumhq.selenium:selenium-safari-driver:jar:3.141.59:compile (version managed from 3.141.59)
[DEBUG]       org.seleniumhq.selenium:selenium-support:jar:3.141.59:compile (version managed from 3.141.59) (exclusions managed from [])
[DEBUG]       net.bytebuddy:byte-buddy:jar:1.10.6:compile (version managed from 1.8.15)
[DEBUG]       org.apache.commons:commons-exec:jar:1.3:compile
[DEBUG]       com.google.guava:guava:jar:25.0-jre:compile
[DEBUG]          com.google.code.findbugs:jsr305:jar:1.3.9:compile
[DEBUG]          org.checkerframework:checker-compat-qual:jar:2.0.0:compile
[DEBUG]          com.google.errorprone:error_prone_annotations:jar:2.1.3:compile
[DEBUG]          com.google.j2objc:j2objc-annotations:jar:1.1:compile
[DEBUG]          org.codehaus.mojo:animal-sniffer-annotations:jar:1.14:compile
[DEBUG]       com.squareup.okhttp3:okhttp:jar:3.14.6:compile (version managed from 3.11.0)
[DEBUG]       com.squareup.okio:okio:jar:1.14.0:compile
[INFO] 
[8mha:////4C6upRzzjMyjJ+ReqXlLMs4ZoEguXy7pyK646zaxlhdeAAAAYB+LCAAAAAAAAP9b85aBtbiIQSmjNKU4P0+vJLE4u1gvPjexLDVPzxdEGvvmZ+X75Zek2mxOX+vh68DGxMBQUcQgBdWQnJ9XnJ+TqucMoUEKGSCAEaSwAAAn9LoiYAAAAA==[0m[INFO] --- maven-resources-plugin:3.1.0:resources (default-resources) @ panda ---
[DEBUG] Using mirror maven-default-http-blocker (http://0.0.0.0/) for codehaus.snapshots (http://snapshots.repository.codehaus.org).
[DEBUG] Dependency collection stats {ConflictMarker.analyzeTime=165110, ConflictMarker.markTime=108450, ConflictMarker.nodeCount=68, ConflictIdSorter.graphTime=77040, ConflictIdSorter.topsortTime=24900, ConflictIdSorter.conflictIdCount=28, ConflictIdSorter.conflictIdCycleCount=0, ConflictResolver.totalTime=581101, ConflictResolver.conflictItemCount=67, DefaultDependencyCollector.collectTime=115398000, DefaultDependencyCollector.transformTime=1012331}
[DEBUG] org.apache.maven.plugins:maven-resources-plugin:jar:3.1.0
[DEBUG]    org.apache.maven:maven-plugin-api:jar:3.0:compile
[DEBUG]       org.apache.maven:maven-artifact:jar:3.0:compile
[DEBUG]       org.sonatype.sisu:sisu-inject-plexus:jar:1.4.2:compile
[DEBUG]          org.sonatype.sisu:sisu-inject-bean:jar:1.4.2:compile
[DEBUG]             org.sonatype.sisu:sisu-guice:jar:noaop:2.1.7:compile
[DEBUG]    org.apache.maven:maven-core:jar:3.0:compile
[DEBUG]       org.apache.maven:maven-settings:jar:3.0:compile
[DEBUG]       org.apache.maven:maven-settings-builder:jar:3.0:compile
[DEBUG]       org.apache.maven:maven-repository-metadata:jar:3.0:compile
[DEBUG]       org.apache.maven:maven-model-builder:jar:3.0:compile
[DEBUG]       org.apache.maven:maven-aether-provider:jar:3.0:runtime
[DEBUG]       org.sonatype.aether:aether-impl:jar:1.7:compile
[DEBUG]          org.sonatype.aether:aether-spi:jar:1.7:compile
[DEBUG]       org.sonatype.aether:aether-api:jar:1.7:compile
[DEBUG]       org.sonatype.aether:aether-util:jar:1.7:compile
[DEBUG]       org.codehaus.plexus:plexus-classworlds:jar:2.2.3:compile
[DEBUG]       org.codehaus.plexus:plexus-component-annotations:jar:1.7.1:compile (version managed from default)
[DEBUG]       org.sonatype.plexus:plexus-sec-dispatcher:jar:1.3:compile
[DEBUG]          org.sonatype.plexus:plexus-cipher:jar:1.4:compile
[DEBUG]    org.apache.maven:maven-model:jar:3.0:compile
[DEBUG]    org.codehaus.plexus:plexus-utils:jar:3.1.0:compile
[DEBUG]    org.apache.maven.shared:maven-filtering:jar:3.1.1:compile
[DEBUG]       org.apache.maven.shared:maven-shared-utils:jar:3.0.0:compile
[DEBUG]          com.google.code.findbugs:jsr305:jar:2.0.1:compile
[DEBUG]       org.sonatype.plexus:plexus-build-api:jar:0.0.7:compile
[DEBUG]    commons-io:commons-io:jar:2.5:compile
[DEBUG]    org.codehaus.plexus:plexus-interpolation:jar:1.24:compile
[DEBUG] Created new class realm plugin>org.apache.maven.plugins:maven-resources-plugin:3.1.0
[DEBUG] Importing foreign packages into class realm plugin>org.apache.maven.plugins:maven-resources-plugin:3.1.0
[DEBUG]   Imported:  < maven.api
[DEBUG] Populating class realm plugin>org.apache.maven.plugins:maven-resources-plugin:3.1.0
[DEBUG]   Included: org.apache.maven.plugins:maven-resources-plugin:jar:3.1.0
[DEBUG]   Included: org.sonatype.sisu:sisu-inject-bean:jar:1.4.2
[DEBUG]   Included: org.sonatype.sisu:sisu-guice:jar:noaop:2.1.7
[DEBUG]   Included: org.sonatype.aether:aether-util:jar:1.7
[DEBUG]   Included: org.codehaus.plexus:plexus-component-annotations:jar:1.7.1
[DEBUG]   Included: org.sonatype.plexus:plexus-sec-dispatcher:jar:1.3
[DEBUG]   Included: org.sonatype.plexus:plexus-cipher:jar:1.4
[DEBUG]   Included: org.codehaus.plexus:plexus-utils:jar:3.1.0
[DEBUG]   Included: org.apache.maven.shared:maven-filtering:jar:3.1.1
[DEBUG]   Included: org.apache.maven.shared:maven-shared-utils:jar:3.0.0
[DEBUG]   Included: com.google.code.findbugs:jsr305:jar:2.0.1
[DEBUG]   Included: org.sonatype.plexus:plexus-build-api:jar:0.0.7
[DEBUG]   Included: commons-io:commons-io:jar:2.5
[DEBUG]   Included: org.codehaus.plexus:plexus-interpolation:jar:1.24
[DEBUG] Configuring mojo org.apache.maven.plugins:maven-resources-plugin:3.1.0:resources from plugin realm ClassRealm[plugin>org.apache.maven.plugins:maven-resources-plugin:3.1.0, parent: jdk.internal.loader.ClassLoaders$AppClassLoader@55054057]
[DEBUG] Configuring mojo 'org.apache.maven.plugins:maven-resources-plugin:3.1.0:resources' with basic configurator -->
[DEBUG]   (f) addDefaultExcludes = true
[DEBUG]   (f) buildFilters = []
[DEBUG]   (s) delimiters = [@]
[DEBUG]   (f) encoding = UTF-8
[DEBUG]   (f) escapeWindowsPaths = true
[DEBUG]   (f) fileNameFiltering = false
[DEBUG]   (s) includeEmptyDirs = false
[DEBUG]   (s) outputDirectory = /home/workspace/20210531-CICD1_2-CodePull/target/classes
[DEBUG]   (s) overwrite = false
[DEBUG]   (f) project = MavenProject: pl.pandait:panda:0.0.1 @ /home/workspace/20210531-CICD1_2-CodePull/pom.xml
[DEBUG]   (s) resources = [Resource {targetPath: null, filtering: true, FileSet {directory: /home/workspace/20210531-CICD1_2-CodePull/src/main/resources, PatternSet [includes: {**/application*.yml, **/application*.yaml, **/application*.properties}, excludes: {}]}}, Resource {targetPath: null, filtering: false, FileSet {directory: /home/workspace/20210531-CICD1_2-CodePull/src/main/resources, PatternSet [includes: {}, excludes: {**/application*.yml, **/application*.yaml, **/application*.properties}]}}]
[DEBUG]   (f) session = org.apache.maven.execution.MavenSession@6a0ac48e
[DEBUG]   (f) skip = false
[DEBUG]   (f) supportMultiLineFiltering = false
[DEBUG]   (f) useBuildFilters = true
[DEBUG]   (s) useDefaultDelimiters = false
[DEBUG] -- end configuration --
[DEBUG] properties used {spring-integration.version=5.2.3.RELEASE, flyway.version=6.0.8, java.specification.version=11, env.EXECUTOR_NUMBER=1, webjars-hal-browser.version=3325375, java.vendor.url=https://ubuntu.com/, jna.version=4.5.2, sun.boot.library.path=/usr/lib/jvm/java-11-openjdk-amd64/lib, sun.java.command=org.codehaus.plexus.classworlds.launcher.Launcher test -P selenium -X, jdk.debug=release, maven.version=3.8.3, javax-activation.version=1.2.0, kafka.version=2.3.1, jboss-transaction-spi.version=7.6.0.Final, java.specification.name=Java Platform API Specification, java.vm.specification.vendor=Oracle Corporation, exec-maven-plugin.version=1.6.0, byte-buddy.version=1.10.6, maven-install-plugin.version=2.5.2, java.runtime.version=11.0.11+9-Ubuntu-0ubuntu2.18.04, env.GIT_BRANCH=origin/selenium_grid, micrometer.version=1.3.2, rxjava-adapter.version=1.2.1, project.baseUri=file:/home/workspace/20210531-CICD1_2-CodePull/, hibernate.version=5.4.10.Final, java.io.tmpdir=/tmp, java.version=11.0.11, javax-persistence.version=2.2, jakarta-ws-rs.version=2.1.6, build-helper-maven-plugin.version=3.0.0, mockito.version=3.1.0, java.vm.specification.name=Java Virtual Machine Specification, infinispan.version=9.4.17.Final, nekohtml.version=1.9.22, maven-assembly-plugin.version=3.1.1, env.JOB_NAME=20210531-CICD1_2-CodePull, java.library.path=/usr/java/packages/lib:/usr/lib/x86_64-linux-gnu/jni:/lib/x86_64-linux-gnu:/usr/lib/x86_64-linux-gnu:/usr/lib/jni:/lib:/usr/lib, jakarta-servlet.version=4.0.3, java.vendor=Ubuntu, spring-cloud-connectors.version=2.0.7.RELEASE, env.HUDSON_HOME=/var/jenkins_home, thymeleaf-extras-java8time.version=3.0.4.RELEASE, undertow.version=2.0.29.Final, mariadb.version=2.4.4, selenium-htmlunit.version=2.36.0, thymeleaf-extras-data-attribute.version=2.0.1, ehcache3.version=3.8.1, jakarta-xml-bind.version=2.3.2, commons-dbcp2.version=2.7.0, mongodb.version=3.11.2, couchbase-cache-client.version=2.1.0, user.timezone=, env.RUN_DISPLAY_URL=http://192.168.44.44:8880/job/20210531-CICD1_2-CodePull/16/display/redirect, java.vm.specification.version=11, javax-transaction.version=1.3, maven.compiler.source=1.8, user.home=/root, postgresql.version=42.2.9, env.GIT_PREVIOUS_COMMIT=a63bf16405edd2ec4c01a43fc4be501049b582d3, reactive-streams.version=1.0.3, jmustache.version=1.15, querydsl.version=4.2.2, appengine-sdk.version=1.9.77, thymeleaf-layout-dialect.version=2.4.1, hamcrest.version=2.1, os.version=4.15.0-128-generic, commons-pool.version=1.6, jakarta-jms.version=2.0.3, jakarta-transaction.version=1.3.3, env.NODE_NAME=Slave, java.vm.name=OpenJDK 64-Bit Server VM, maven-help-plugin.version=3.2.0, mimepull.version=1.9.12, json-path.version=2.4.0, env.M2_HOME=/home/tools/hudson.tasks.Maven_MavenInstallation/m3, jaxen.version=1.2.0, johnzon.version=1.2.2, os.arch=amd64, spring-batch.version=4.2.1.RELEASE, couchbase-client.version=2.7.11, derby.version=10.14.2.0, jest.version=6.3.1, javax-jsonb.version=1.0, rxjava2.version=2.2.17, neo4j-ogm.version=3.2.6, javax-jaxws.version=2.3.1, maven-site-plugin.version=3.8.2, awt.toolkit=sun.awt.X11.XToolkit, flatten-maven-plugin.version=1.1.0, env.HUDSON_URL=http://192.168.44.44:8880/, javax-websocket.version=1.1, commons-codec.version=1.13, caffeine.version=2.8.0, h2.version=1.4.200, java.vm.compressedOopsMode=32-bit, pooled-jms.version=1.0.6, unboundid-ldapsdk.version=4.0.14, thymeleaf-extras-springsecurity.version=3.0.4.RELEASE, javax-jaxb.version=2.3.1, sqlite-jdbc.version=3.28.0, jakarta-servlet-jsp-jstl.version=1.2.7, activemq.version=5.15.11, httpasyncclient.version=4.1.4, jtds.version=1.3.1, env.MAVEN_TERMINATE_CMD=on, javax-jms.version=2.0.1, env.BUILD_URL=http://192.168.44.44:8880/job/20210531-CICD1_2-CodePull/16/, jakarta-websocket.version=1.1.2, spring-security.version=5.2.1.RELEASE, hibernate-validator.version=6.0.18.Final, assertj.version=3.13.2, env.JOB_URL=http://192.168.44.44:8880/job/20210531-CICD1_2-CodePull/, env.NODE_LABELS=Slave slave, influxdb-java.version=2.15, sun.os.patch.level=unknown, lombok.version=1.18.10, maven.compiler.target=1.8, jakarta-xml-ws.version=2.3.2, library.jansi.path=/home/tools/hudson.tasks.Maven_MavenInstallation/m3/lib/jansi-native, commons-pool2.version=2.7.0, env.HUDSON_SERVER_COOKIE=632b5f8750a2b0a3, jackson-bom.version=2.10.2, env.GIT_PREVIOUS_SUCCESSFUL_COMMIT=cb6d40cb329d82e6fd71f09dd7a5a6b5392cacbf, spring-retry.version=1.2.5.RELEASE, maven-invoker-plugin.version=3.2.1, maven-antrun-plugin.version=1.8, maven.conf=/home/tools/hudson.tasks.Maven_MavenInstallation/m3/conf, sun.java.launcher=SUN_STANDARD, user.country=US, resource.delimiter=@, javax-json.version=1.1.4, jboss-logging.version=3.4.1.Final, env.MAVEN_HOME=/home/tools/hudson.tasks.Maven_MavenInstallation/m3, maven-resources-plugin.version=3.1.0, javax-validation.version=2.0.1.Final, netty.version=4.1.45.Final, jetty-jsp.version=2.2.0.v201112011158, maven-source-plugin.version=3.1.0, jetty.version=9.4.25.v20191220, rxjava.version=1.3.8, env.GIT_COMMIT=e2ffc530377e7c8d05aff6f231c4cb6bbca5b96c, elasticsearch.version=6.8.6, java.runtime.name=OpenJDK Runtime Environment, rest-assured.version=3.3.0, env.BUILD_DISPLAY_NAME=#16, maven-deploy-plugin.version=2.8.2, env.MAVEN_CMD_LINE_ARGS= test -P selenium -X, log4j2.version=2.12.1, maven-failsafe-plugin.version=2.22.2, spring-framework.version=5.2.3.RELEASE, dropwizard-metrics.version=4.1.2, git-commit-id-plugin.version=3.0.1, env.WORKSPACE_TMP=/home/workspace/20210531-CICD1_2-CodePull@tmp, kotlin-coroutines.version=1.3.3, hazelcast-hibernate5.version=1.3.2, env.JOB_BASE_NAME=20210531-CICD1_2-CodePull, htmlunit.version=2.36.0, sun.cpu.isalist=, jackson.version=2.10.2, sun.arch.data.model=64, spring-restdocs.version=2.0.4.RELEASE, env.JENKINS_HOME=/var/jenkins_home, freemarker.version=2.3.29, thymeleaf.version=3.0.11.RELEASE, jakarta-json.version=1.1.6, janino.version=3.1.0, env.JOB_DISPLAY_URL=http://192.168.44.44:8880/job/20210531-CICD1_2-CodePull/display/redirect, maven-jar-plugin.version=3.1.2, maven-compiler-plugin.version=3.8.1, java.specification.vendor=Oracle Corporation, rabbit-amqp-client.version=5.7.3, bitronix.version=2.1.4, java.version.date=2021-04-20, spring-amqp.version=2.2.3.RELEASE, java.home=/usr/lib/jvm/java-11-openjdk-amd64, env.JENKINS_SERVER_COOKIE=632b5f8750a2b0a3, maven-war-plugin.version=3.2.3, env.GIT_URL=https://github.com/nygamichal/panda_applicationALL, jolokia.version=1.6.2, sun.management.compiler=HotSpot 64-Bit Tiered Compilers, env.RUN_ARTIFACTS_DISPLAY_URL=http://192.168.44.44:8880/job/20210531-CICD1_2-CodePull/16/display/redirect?page=artifacts, jetty-reactive-httpclient.version=1.0.3, env.PATH=/home/tools/hudson.tasks.Maven_MavenInstallation/m3/bin:/usr/local/sbin:/usr/local/bin:/usr/sbin:/usr/bin:/sbin:/bin, maven-dependency-plugin.version=3.1.1, httpclient.version=4.5.10, jsonassert.version=1.5.0, file.encoding=ANSI_X3.4-1968, gson.version=2.8.6, sun-mail.version=1.6.4, jakarta-annotation.version=1.3.5, env.HOSTNAME=53a4ff6799f8, nio-multipart-parser.version=1.1.0, mssql-jdbc.version=7.4.1.jre8, snakeyaml.version=1.25, okhttp3.version=3.14.6, liquibase.version=3.8.5, env.WORKSPACE=/home/workspace/20210531-CICD1_2-CodePull, java.awt.printerjob=sun.print.PSPrinterJob, env.BUILD_ID=16, httpcore.version=4.4.13, lettuce.version=5.2.1.RELEASE, classworlds.conf=/home/tools/hudson.tasks.Maven_MavenInstallation/m3/bin/m2.conf, sun.io.unicode.encoding=UnicodeLittle, joda-time.version=2.10.5, kotlin.version=1.3.61, wsdl4j.version=1.6.3, env.RUN_TESTS_DISPLAY_URL=http://192.168.44.44:8880/job/20210531-CICD1_2-CodePull/16/display/redirect?page=tests, tomcat.version=9.0.30, sendgrid.version=4.4.1, glassfish-jaxb.version=2.3.2, spring-ws.version=3.0.8.RELEASE, commons-lang3.version=3.9, os.name=Linux, junit.version=4.12, jetty-el.version=8.5.49, db2-jdbc.version=11.5.0.0, mongo-driver-reactivestreams.version=1.12.0, maven.build.timestamp=2022-01-03T19:17:36Z, reactor-bom.version=Dysprosium-SR4, maven-enforcer-plugin.version=3.0.0-M3, jstl.version=1.2, env.HUDSON_COOKIE=d6b397cb-8b96-4021-a96c-b5275cf32d94, java.awt.graphicsenv=sun.awt.X11GraphicsEnvironment, quartz.version=2.3.2, javax-money.version=1.0.3, env.JENKINS_URL=http://192.168.44.44:8880/, spring-hateoas.version=1.0.3.RELEASE, path.separator=:, jakarta-validation.version=2.0.2, maven.multiModuleProjectDirectory=/home/workspace/20210531-CICD1_2-CodePull, env.MAVEN_PROJECTBASEDIR=/home/workspace/20210531-CICD1_2-CodePull, java.vm.info=mixed mode, sharing, cassandra-driver.version=3.7.2, java.class.version=55.0, xml-maven-plugin.version=1.0.2, env.BUILD_TAG=jenkins-20210531-CICD1_2-CodePull-16, sun.jnu.encoding=ANSI_X3.4-1968, xmlunit2.version=2.6.3, jakarta-mail.version=1.6.4, slf4j.version=1.7.30, solr.version=8.2.0, saaj-impl.version=1.5.1, maven.build.version=Apache Maven 3.8.3 (ff8e977a158738155dc465c6a97ffaf31982d739), hikaricp.version=3.4.2, maven.home=/home/tools/hudson.tasks.Maven_MavenInstallation/m3, netty-tcnative.version=2.0.28.Final, maven-shade-plugin.version=3.2.1, jakarta-json-bind.version=1.0.2, file.separator=/, line.separator=
, spring-kafka.version=2.3.5.RELEASE, jersey.version=2.29.1, user.name=root, hazelcast.version=3.12.5, jdom2.version=2.0.6, atomikos.version=4.0.6, aspectj.version=1.9.5, spring-data-releasetrain.version=Moore-SR4, hsqldb.version=2.5.0, ojdbc.version=19.3.0.0, env.RUN_CHANGES_DISPLAY_URL=http://192.168.44.44:8880/job/20210531-CICD1_2-CodePull/16/display/redirect?page=changes, webjars-locator-core.version=0.41, project.reporting.outputEncoding=UTF-8, awaitility.version=4.0.2, env.OLDPWD=/home/workspace/20210531-CICD1_2-CodePull, env.BUILD_NUMBER=16, env.PWD=/home/workspace/20210531-CICD1_2-CodePull, embedded-mongo.version=2.2.0, johnzon-jsonb.version=1.2.2, spring-ldap.version=2.3.2.RELEASE, java.class.path=/home/tools/hudson.tasks.Maven_MavenInstallation/m3/boot/plexus-classworlds-2.6.0.jar, dependency-management-plugin.version=1.0.9.RELEASE, env.HOME=/root, java.vm.vendor=Ubuntu, maven-javadoc-plugin.version=3.1.1, servlet-api.version=4.0.1, rsocket.version=1.0.0-RC5, jakarta-persistence.version=2.2.3, env.CI=true, artemis.version=2.10.1, groovy.version=2.5.9, javax-cache.version=1.1.1, logback.version=1.2.3, prometheus-pushgateway.version=0.7.0, sun.cpu.endian=little, versions-maven-plugin.version=2.7, user.language=en, jedis.version=3.1.0, maven-clean-plugin.version=3.1.0, javax-mail.version=1.6.2, maven-surefire-plugin.version=2.22.2, jakarta-servlet-jsp.version=2.3.5, javax-annotation.version=1.3.2, mysql.version=8.0.19, classmate.version=1.5.1, jaybird.version=3.0.8, antlr2.version=2.7.7, selenium.version=3.141.59, glassfish-el.version=3.0.3, project.build.sourceEncoding=UTF-8, jooq.version=3.12.3, java.vendor.url.bug=https://bugs.launchpad.net/ubuntu/+source/openjdk-lts, user.dir=/home/workspace/20210531-CICD1_2-CodePull, ehcache.version=2.10.6, junit-jupiter.version=5.5.2, java.vm.version=11.0.11+9-Ubuntu-0ubuntu2.18.04, jakarta-activation.version=1.2.1, spring-session-bom.version=Corn-RELEASE}
[INFO] Using 'UTF-8' encoding to copy filtered resources.
[DEBUG] resource with targetPath null
directory /home/workspace/20210531-CICD1_2-CodePull/src/main/resources
excludes []
includes [**/application*.yml, **/application*.yaml, **/application*.properties]
[DEBUG] ignoreDelta true
[INFO] Copying 1 resource
[DEBUG] Copying file application.properties
[DEBUG] file application.properties has a filtered file extension
[DEBUG] filtering /home/workspace/20210531-CICD1_2-CodePull/src/main/resources/application.properties to /home/workspace/20210531-CICD1_2-CodePull/target/classes/application.properties
[DEBUG] resource with targetPath null
directory /home/workspace/20210531-CICD1_2-CodePull/src/main/resources
excludes [**/application*.yml, **/application*.yaml, **/application*.properties]
includes []
[DEBUG] ignoreDelta true
[INFO] Copying 2 resources
[DEBUG] Copying file templates/greeting_template.html
[DEBUG] file greeting_template.html has a filtered file extension
[DEBUG] copy /home/workspace/20210531-CICD1_2-CodePull/src/main/resources/templates/greeting_template.html to /home/workspace/20210531-CICD1_2-CodePull/target/classes/templates/greeting_template.html
[DEBUG] Copying file static/index.html
[DEBUG] file index.html has a filtered file extension
[DEBUG] copy /home/workspace/20210531-CICD1_2-CodePull/src/main/resources/static/index.html to /home/workspace/20210531-CICD1_2-CodePull/target/classes/static/index.html
[DEBUG] no use filter components
[INFO] 
[8mha:////4C6upRzzjMyjJ+ReqXlLMs4ZoEguXy7pyK646zaxlhdeAAAAYB+LCAAAAAAAAP9b85aBtbiIQSmjNKU4P0+vJLE4u1gvPjexLDVPzxdEGvvmZ+X75Zek2mxOX+vh68DGxMBQUcQgBdWQnJ9XnJ+TqucMoUEKGSCAEaSwAAAn9LoiYAAAAA==[0m[INFO] --- maven-compiler-plugin:3.8.1:compile (default-compile) @ panda ---
[DEBUG] Dependency collection stats {ConflictMarker.analyzeTime=132040, ConflictMarker.markTime=75950, ConflictMarker.nodeCount=118, ConflictIdSorter.graphTime=35890, ConflictIdSorter.topsortTime=40340, ConflictIdSorter.conflictIdCount=45, ConflictIdSorter.conflictIdCycleCount=0, ConflictResolver.totalTime=612411, ConflictResolver.conflictItemCount=72, DefaultDependencyCollector.collectTime=133330684, DefaultDependencyCollector.transformTime=921171}
[DEBUG] org.apache.maven.plugins:maven-compiler-plugin:jar:3.8.1
[DEBUG]    org.apache.maven:maven-plugin-api:jar:3.0:compile
[DEBUG]       org.apache.maven:maven-model:jar:3.0:compile
[DEBUG]       org.sonatype.sisu:sisu-inject-plexus:jar:1.4.2:compile
[DEBUG]          org.sonatype.sisu:sisu-inject-bean:jar:1.4.2:compile
[DEBUG]             org.sonatype.sisu:sisu-guice:jar:noaop:2.1.7:compile
[DEBUG]    org.apache.maven:maven-artifact:jar:3.0:compile
[DEBUG]       org.codehaus.plexus:plexus-utils:jar:2.0.4:compile
[DEBUG]    org.apache.maven:maven-core:jar:3.0:compile
[DEBUG]       org.apache.maven:maven-settings:jar:3.0:compile
[DEBUG]       org.apache.maven:maven-settings-builder:jar:3.0:compile
[DEBUG]       org.apache.maven:maven-repository-metadata:jar:3.0:compile
[DEBUG]       org.apache.maven:maven-model-builder:jar:3.0:compile
[DEBUG]       org.apache.maven:maven-aether-provider:jar:3.0:runtime
[DEBUG]       org.sonatype.aether:aether-impl:jar:1.7:compile
[DEBUG]          org.sonatype.aether:aether-spi:jar:1.7:compile
[DEBUG]       org.sonatype.aether:aether-api:jar:1.7:compile
[DEBUG]       org.sonatype.aether:aether-util:jar:1.7:compile
[DEBUG]       org.codehaus.plexus:plexus-interpolation:jar:1.14:compile
[DEBUG]       org.codehaus.plexus:plexus-classworlds:jar:2.2.3:compile
[DEBUG]       org.codehaus.plexus:plexus-component-annotations:jar:1.7.1:compile (version managed from default)
[DEBUG]       org.sonatype.plexus:plexus-sec-dispatcher:jar:1.3:compile
[DEBUG]          org.sonatype.plexus:plexus-cipher:jar:1.4:compile
[DEBUG]    org.apache.maven.shared:maven-shared-utils:jar:3.2.1:compile
[DEBUG]       commons-io:commons-io:jar:2.5:compile
[DEBUG]    org.apache.maven.shared:maven-shared-incremental:jar:1.1:compile
[DEBUG]    org.codehaus.plexus:plexus-java:jar:0.9.10:compile
[DEBUG]       org.ow2.asm:asm:jar:6.2:compile
[DEBUG]       com.thoughtworks.qdox:qdox:jar:2.0-M9:compile (version managed from default)
[DEBUG]    org.codehaus.plexus:plexus-compiler-api:jar:2.8.4:compile
[DEBUG]    org.codehaus.plexus:plexus-compiler-manager:jar:2.8.4:compile
[DEBUG]    org.codehaus.plexus:plexus-compiler-javac:jar:2.8.4:runtime
[DEBUG] Created new class realm plugin>org.apache.maven.plugins:maven-compiler-plugin:3.8.1
[DEBUG] Importing foreign packages into class realm plugin>org.apache.maven.plugins:maven-compiler-plugin:3.8.1
[DEBUG]   Imported:  < maven.api
[DEBUG] Populating class realm plugin>org.apache.maven.plugins:maven-compiler-plugin:3.8.1
[DEBUG]   Included: org.apache.maven.plugins:maven-compiler-plugin:jar:3.8.1
[DEBUG]   Included: org.sonatype.sisu:sisu-inject-bean:jar:1.4.2
[DEBUG]   Included: org.sonatype.sisu:sisu-guice:jar:noaop:2.1.7
[DEBUG]   Included: org.codehaus.plexus:plexus-utils:jar:2.0.4
[DEBUG]   Included: org.sonatype.aether:aether-util:jar:1.7
[DEBUG]   Included: org.codehaus.plexus:plexus-interpolation:jar:1.14
[DEBUG]   Included: org.codehaus.plexus:plexus-component-annotations:jar:1.7.1
[DEBUG]   Included: org.sonatype.plexus:plexus-sec-dispatcher:jar:1.3
[DEBUG]   Included: org.sonatype.plexus:plexus-cipher:jar:1.4
[DEBUG]   Included: org.apache.maven.shared:maven-shared-utils:jar:3.2.1
[DEBUG]   Included: commons-io:commons-io:jar:2.5
[DEBUG]   Included: org.apache.maven.shared:maven-shared-incremental:jar:1.1
[DEBUG]   Included: org.codehaus.plexus:plexus-java:jar:0.9.10
[DEBUG]   Included: org.ow2.asm:asm:jar:6.2
[DEBUG]   Included: com.thoughtworks.qdox:qdox:jar:2.0-M9
[DEBUG]   Included: org.codehaus.plexus:plexus-compiler-api:jar:2.8.4
[DEBUG]   Included: org.codehaus.plexus:plexus-compiler-manager:jar:2.8.4
[DEBUG]   Included: org.codehaus.plexus:plexus-compiler-javac:jar:2.8.4
[DEBUG] Configuring mojo org.apache.maven.plugins:maven-compiler-plugin:3.8.1:compile from plugin realm ClassRealm[plugin>org.apache.maven.plugins:maven-compiler-plugin:3.8.1, parent: jdk.internal.loader.ClassLoaders$AppClassLoader@55054057]
[DEBUG] Configuring mojo 'org.apache.maven.plugins:maven-compiler-plugin:3.8.1:compile' with basic configurator -->
[DEBUG]   (f) basedir = /home/workspace/20210531-CICD1_2-CodePull
[DEBUG]   (f) buildDirectory = /home/workspace/20210531-CICD1_2-CodePull/target
[DEBUG]   (f) compilePath = [/home/workspace/20210531-CICD1_2-CodePull/target/classes, /root/.m2/repository/org/springframework/boot/spring-boot-starter-thymeleaf/2.2.4.RELEASE/spring-boot-starter-thymeleaf-2.2.4.RELEASE.jar, /root/.m2/repository/org/springframework/boot/spring-boot-starter/2.2.4.RELEASE/spring-boot-starter-2.2.4.RELEASE.jar, /root/.m2/repository/org/springframework/boot/spring-boot/2.2.4.RELEASE/spring-boot-2.2.4.RELEASE.jar, /root/.m2/repository/org/springframework/boot/spring-boot-autoconfigure/2.2.4.RELEASE/spring-boot-autoconfigure-2.2.4.RELEASE.jar, /root/.m2/repository/org/springframework/boot/spring-boot-starter-logging/2.2.4.RELEASE/spring-boot-starter-logging-2.2.4.RELEASE.jar, /root/.m2/repository/ch/qos/logback/logback-classic/1.2.3/logback-classic-1.2.3.jar, /root/.m2/repository/ch/qos/logback/logback-core/1.2.3/logback-core-1.2.3.jar, /root/.m2/repository/org/apache/logging/log4j/log4j-to-slf4j/2.12.1/log4j-to-slf4j-2.12.1.jar, /root/.m2/repository/org/apache/logging/log4j/log4j-api/2.12.1/log4j-api-2.12.1.jar, /root/.m2/repository/org/slf4j/jul-to-slf4j/1.7.30/jul-to-slf4j-1.7.30.jar, /root/.m2/repository/jakarta/annotation/jakarta.annotation-api/1.3.5/jakarta.annotation-api-1.3.5.jar, /root/.m2/repository/org/thymeleaf/thymeleaf-spring5/3.0.11.RELEASE/thymeleaf-spring5-3.0.11.RELEASE.jar, /root/.m2/repository/org/thymeleaf/thymeleaf/3.0.11.RELEASE/thymeleaf-3.0.11.RELEASE.jar, /root/.m2/repository/org/attoparser/attoparser/2.0.5.RELEASE/attoparser-2.0.5.RELEASE.jar, /root/.m2/repository/org/unbescape/unbescape/1.1.6.RELEASE/unbescape-1.1.6.RELEASE.jar, /root/.m2/repository/org/slf4j/slf4j-api/1.7.30/slf4j-api-1.7.30.jar, /root/.m2/repository/org/thymeleaf/extras/thymeleaf-extras-java8time/3.0.4.RELEASE/thymeleaf-extras-java8time-3.0.4.RELEASE.jar, /root/.m2/repository/org/springframework/boot/spring-boot-starter-web/2.2.4.RELEASE/spring-boot-starter-web-2.2.4.RELEASE.jar, /root/.m2/repository/org/springframework/boot/spring-boot-starter-json/2.2.4.RELEASE/spring-boot-starter-json-2.2.4.RELEASE.jar, /root/.m2/repository/com/fasterxml/jackson/core/jackson-databind/2.10.2/jackson-databind-2.10.2.jar, /root/.m2/repository/com/fasterxml/jackson/core/jackson-annotations/2.10.2/jackson-annotations-2.10.2.jar, /root/.m2/repository/com/fasterxml/jackson/core/jackson-core/2.10.2/jackson-core-2.10.2.jar, /root/.m2/repository/com/fasterxml/jackson/datatype/jackson-datatype-jdk8/2.10.2/jackson-datatype-jdk8-2.10.2.jar, /root/.m2/repository/com/fasterxml/jackson/datatype/jackson-datatype-jsr310/2.10.2/jackson-datatype-jsr310-2.10.2.jar, /root/.m2/repository/com/fasterxml/jackson/module/jackson-module-parameter-names/2.10.2/jackson-module-parameter-names-2.10.2.jar, /root/.m2/repository/org/springframework/boot/spring-boot-starter-tomcat/2.2.4.RELEASE/spring-boot-starter-tomcat-2.2.4.RELEASE.jar, /root/.m2/repository/org/apache/tomcat/embed/tomcat-embed-core/9.0.30/tomcat-embed-core-9.0.30.jar, /root/.m2/repository/org/apache/tomcat/embed/tomcat-embed-el/9.0.30/tomcat-embed-el-9.0.30.jar, /root/.m2/repository/org/apache/tomcat/embed/tomcat-embed-websocket/9.0.30/tomcat-embed-websocket-9.0.30.jar, /root/.m2/repository/org/springframework/boot/spring-boot-starter-validation/2.2.4.RELEASE/spring-boot-starter-validation-2.2.4.RELEASE.jar, /root/.m2/repository/jakarta/validation/jakarta.validation-api/2.0.2/jakarta.validation-api-2.0.2.jar, /root/.m2/repository/org/hibernate/validator/hibernate-validator/6.0.18.Final/hibernate-validator-6.0.18.Final.jar, /root/.m2/repository/org/jboss/logging/jboss-logging/3.4.1.Final/jboss-logging-3.4.1.Final.jar, /root/.m2/repository/com/fasterxml/classmate/1.5.1/classmate-1.5.1.jar, /root/.m2/repository/org/springframework/spring-web/5.2.3.RELEASE/spring-web-5.2.3.RELEASE.jar, /root/.m2/repository/org/springframework/spring-beans/5.2.3.RELEASE/spring-beans-5.2.3.RELEASE.jar, /root/.m2/repository/org/springframework/spring-webmvc/5.2.3.RELEASE/spring-webmvc-5.2.3.RELEASE.jar, /root/.m2/repository/org/springframework/spring-aop/5.2.3.RELEASE/spring-aop-5.2.3.RELEASE.jar, /root/.m2/repository/org/springframework/spring-context/5.2.3.RELEASE/spring-context-5.2.3.RELEASE.jar, /root/.m2/repository/org/springframework/spring-expression/5.2.3.RELEASE/spring-expression-5.2.3.RELEASE.jar, /root/.m2/repository/org/springframework/spring-core/5.2.3.RELEASE/spring-core-5.2.3.RELEASE.jar, /root/.m2/repository/org/springframework/spring-jcl/5.2.3.RELEASE/spring-jcl-5.2.3.RELEASE.jar, /root/.m2/repository/org/seleniumhq/selenium/selenium-java/3.141.59/selenium-java-3.141.59.jar, /root/.m2/repository/org/seleniumhq/selenium/selenium-api/3.141.59/selenium-api-3.141.59.jar, /root/.m2/repository/org/seleniumhq/selenium/selenium-chrome-driver/3.141.59/selenium-chrome-driver-3.141.59.jar, /root/.m2/repository/org/seleniumhq/selenium/selenium-edge-driver/3.141.59/selenium-edge-driver-3.141.59.jar, /root/.m2/repository/org/seleniumhq/selenium/selenium-firefox-driver/3.141.59/selenium-firefox-driver-3.141.59.jar, /root/.m2/repository/org/seleniumhq/selenium/selenium-ie-driver/3.141.59/selenium-ie-driver-3.141.59.jar, /root/.m2/repository/org/seleniumhq/selenium/selenium-opera-driver/3.141.59/selenium-opera-driver-3.141.59.jar, /root/.m2/repository/org/seleniumhq/selenium/selenium-remote-driver/3.141.59/selenium-remote-driver-3.141.59.jar, /root/.m2/repository/org/seleniumhq/selenium/selenium-safari-driver/3.141.59/selenium-safari-driver-3.141.59.jar, /root/.m2/repository/org/seleniumhq/selenium/selenium-support/3.141.59/selenium-support-3.141.59.jar, /root/.m2/repository/net/bytebuddy/byte-buddy/1.10.6/byte-buddy-1.10.6.jar, /root/.m2/repository/org/apache/commons/commons-exec/1.3/commons-exec-1.3.jar, /root/.m2/repository/com/google/guava/guava/25.0-jre/guava-25.0-jre.jar, /root/.m2/repository/com/google/code/findbugs/jsr305/1.3.9/jsr305-1.3.9.jar, /root/.m2/repository/org/checkerframework/checker-compat-qual/2.0.0/checker-compat-qual-2.0.0.jar, /root/.m2/repository/com/google/errorprone/error_prone_annotations/2.1.3/error_prone_annotations-2.1.3.jar, /root/.m2/repository/com/google/j2objc/j2objc-annotations/1.1/j2objc-annotations-1.1.jar, /root/.m2/repository/org/codehaus/mojo/animal-sniffer-annotations/1.14/animal-sniffer-annotations-1.14.jar, /root/.m2/repository/com/squareup/okhttp3/okhttp/3.14.6/okhttp-3.14.6.jar, /root/.m2/repository/com/squareup/okio/okio/1.14.0/okio-1.14.0.jar]
[DEBUG]   (f) compileSourceRoots = [/home/workspace/20210531-CICD1_2-CodePull/src/main/java]
[DEBUG]   (f) compilerId = javac
[DEBUG]   (f) debug = true
[DEBUG]   (f) encoding = UTF-8
[DEBUG]   (f) failOnError = true
[DEBUG]   (f) failOnWarning = false
[DEBUG]   (f) forceJavacCompilerUse = false
[DEBUG]   (f) fork = false
[DEBUG]   (f) generatedSourcesDirectory = /home/workspace/20210531-CICD1_2-CodePull/target/generated-sources/annotations
[DEBUG]   (f) maxmem = 512m
[DEBUG]   (f) mojoExecution = org.apache.maven.plugins:maven-compiler-plugin:3.8.1:compile {execution: default-compile}
[DEBUG]   (f) optimize = false
[DEBUG]   (f) outputDirectory = /home/workspace/20210531-CICD1_2-CodePull/target/classes
[DEBUG]   (f) parameters = true
[DEBUG]   (f) project = MavenProject: pl.pandait:panda:0.0.1 @ /home/workspace/20210531-CICD1_2-CodePull/pom.xml
[DEBUG]   (f) projectArtifact = pl.pandait:panda:jar:0.0.1
[DEBUG]   (f) session = org.apache.maven.execution.MavenSession@6a0ac48e
[DEBUG]   (f) showDeprecation = false
[DEBUG]   (f) showWarnings = false
[DEBUG]   (f) skipMultiThreadWarning = false
[DEBUG]   (f) source = 11
[DEBUG]   (f) staleMillis = 0
[DEBUG]   (s) target = 11
[DEBUG]   (f) useIncrementalCompilation = true
[DEBUG]   (f) verbose = false
[DEBUG] -- end configuration --
[DEBUG] Using compiler 'javac'.
[DEBUG] Adding /home/workspace/20210531-CICD1_2-CodePull/target/generated-sources/annotations to compile source roots:
  /home/workspace/20210531-CICD1_2-CodePull/src/main/java
[DEBUG] New compile source roots:
  /home/workspace/20210531-CICD1_2-CodePull/src/main/java
  /home/workspace/20210531-CICD1_2-CodePull/target/generated-sources/annotations
[DEBUG] CompilerReuseStrategy: reuseCreated
[DEBUG] useIncrementalCompilation enabled
[INFO] Nothing to compile - all classes are up to date
[INFO] 
[8mha:////4C6upRzzjMyjJ+ReqXlLMs4ZoEguXy7pyK646zaxlhdeAAAAYB+LCAAAAAAAAP9b85aBtbiIQSmjNKU4P0+vJLE4u1gvPjexLDVPzxdEGvvmZ+X75Zek2mxOX+vh68DGxMBQUcQgBdWQnJ9XnJ+TqucMoUEKGSCAEaSwAAAn9LoiYAAAAA==[0m[INFO] --- maven-compiler-plugin:3.8.1:compile (default) @ panda ---
[DEBUG] Configuring mojo org.apache.maven.plugins:maven-compiler-plugin:3.8.1:compile from plugin realm ClassRealm[plugin>org.apache.maven.plugins:maven-compiler-plugin:3.8.1, parent: jdk.internal.loader.ClassLoaders$AppClassLoader@55054057]
[DEBUG] Configuring mojo 'org.apache.maven.plugins:maven-compiler-plugin:3.8.1:compile' with basic configurator -->
[DEBUG]   (f) basedir = /home/workspace/20210531-CICD1_2-CodePull
[DEBUG]   (f) buildDirectory = /home/workspace/20210531-CICD1_2-CodePull/target
[DEBUG]   (f) compilePath = [/home/workspace/20210531-CICD1_2-CodePull/target/classes, /root/.m2/repository/org/springframework/boot/spring-boot-starter-thymeleaf/2.2.4.RELEASE/spring-boot-starter-thymeleaf-2.2.4.RELEASE.jar, /root/.m2/repository/org/springframework/boot/spring-boot-starter/2.2.4.RELEASE/spring-boot-starter-2.2.4.RELEASE.jar, /root/.m2/repository/org/springframework/boot/spring-boot/2.2.4.RELEASE/spring-boot-2.2.4.RELEASE.jar, /root/.m2/repository/org/springframework/boot/spring-boot-autoconfigure/2.2.4.RELEASE/spring-boot-autoconfigure-2.2.4.RELEASE.jar, /root/.m2/repository/org/springframework/boot/spring-boot-starter-logging/2.2.4.RELEASE/spring-boot-starter-logging-2.2.4.RELEASE.jar, /root/.m2/repository/ch/qos/logback/logback-classic/1.2.3/logback-classic-1.2.3.jar, /root/.m2/repository/ch/qos/logback/logback-core/1.2.3/logback-core-1.2.3.jar, /root/.m2/repository/org/apache/logging/log4j/log4j-to-slf4j/2.12.1/log4j-to-slf4j-2.12.1.jar, /root/.m2/repository/org/apache/logging/log4j/log4j-api/2.12.1/log4j-api-2.12.1.jar, /root/.m2/repository/org/slf4j/jul-to-slf4j/1.7.30/jul-to-slf4j-1.7.30.jar, /root/.m2/repository/jakarta/annotation/jakarta.annotation-api/1.3.5/jakarta.annotation-api-1.3.5.jar, /root/.m2/repository/org/thymeleaf/thymeleaf-spring5/3.0.11.RELEASE/thymeleaf-spring5-3.0.11.RELEASE.jar, /root/.m2/repository/org/thymeleaf/thymeleaf/3.0.11.RELEASE/thymeleaf-3.0.11.RELEASE.jar, /root/.m2/repository/org/attoparser/attoparser/2.0.5.RELEASE/attoparser-2.0.5.RELEASE.jar, /root/.m2/repository/org/unbescape/unbescape/1.1.6.RELEASE/unbescape-1.1.6.RELEASE.jar, /root/.m2/repository/org/slf4j/slf4j-api/1.7.30/slf4j-api-1.7.30.jar, /root/.m2/repository/org/thymeleaf/extras/thymeleaf-extras-java8time/3.0.4.RELEASE/thymeleaf-extras-java8time-3.0.4.RELEASE.jar, /root/.m2/repository/org/springframework/boot/spring-boot-starter-web/2.2.4.RELEASE/spring-boot-starter-web-2.2.4.RELEASE.jar, /root/.m2/repository/org/springframework/boot/spring-boot-starter-json/2.2.4.RELEASE/spring-boot-starter-json-2.2.4.RELEASE.jar, /root/.m2/repository/com/fasterxml/jackson/core/jackson-databind/2.10.2/jackson-databind-2.10.2.jar, /root/.m2/repository/com/fasterxml/jackson/core/jackson-annotations/2.10.2/jackson-annotations-2.10.2.jar, /root/.m2/repository/com/fasterxml/jackson/core/jackson-core/2.10.2/jackson-core-2.10.2.jar, /root/.m2/repository/com/fasterxml/jackson/datatype/jackson-datatype-jdk8/2.10.2/jackson-datatype-jdk8-2.10.2.jar, /root/.m2/repository/com/fasterxml/jackson/datatype/jackson-datatype-jsr310/2.10.2/jackson-datatype-jsr310-2.10.2.jar, /root/.m2/repository/com/fasterxml/jackson/module/jackson-module-parameter-names/2.10.2/jackson-module-parameter-names-2.10.2.jar, /root/.m2/repository/org/springframework/boot/spring-boot-starter-tomcat/2.2.4.RELEASE/spring-boot-starter-tomcat-2.2.4.RELEASE.jar, /root/.m2/repository/org/apache/tomcat/embed/tomcat-embed-core/9.0.30/tomcat-embed-core-9.0.30.jar, /root/.m2/repository/org/apache/tomcat/embed/tomcat-embed-el/9.0.30/tomcat-embed-el-9.0.30.jar, /root/.m2/repository/org/apache/tomcat/embed/tomcat-embed-websocket/9.0.30/tomcat-embed-websocket-9.0.30.jar, /root/.m2/repository/org/springframework/boot/spring-boot-starter-validation/2.2.4.RELEASE/spring-boot-starter-validation-2.2.4.RELEASE.jar, /root/.m2/repository/jakarta/validation/jakarta.validation-api/2.0.2/jakarta.validation-api-2.0.2.jar, /root/.m2/repository/org/hibernate/validator/hibernate-validator/6.0.18.Final/hibernate-validator-6.0.18.Final.jar, /root/.m2/repository/org/jboss/logging/jboss-logging/3.4.1.Final/jboss-logging-3.4.1.Final.jar, /root/.m2/repository/com/fasterxml/classmate/1.5.1/classmate-1.5.1.jar, /root/.m2/repository/org/springframework/spring-web/5.2.3.RELEASE/spring-web-5.2.3.RELEASE.jar, /root/.m2/repository/org/springframework/spring-beans/5.2.3.RELEASE/spring-beans-5.2.3.RELEASE.jar, /root/.m2/repository/org/springframework/spring-webmvc/5.2.3.RELEASE/spring-webmvc-5.2.3.RELEASE.jar, /root/.m2/repository/org/springframework/spring-aop/5.2.3.RELEASE/spring-aop-5.2.3.RELEASE.jar, /root/.m2/repository/org/springframework/spring-context/5.2.3.RELEASE/spring-context-5.2.3.RELEASE.jar, /root/.m2/repository/org/springframework/spring-expression/5.2.3.RELEASE/spring-expression-5.2.3.RELEASE.jar, /root/.m2/repository/org/springframework/spring-core/5.2.3.RELEASE/spring-core-5.2.3.RELEASE.jar, /root/.m2/repository/org/springframework/spring-jcl/5.2.3.RELEASE/spring-jcl-5.2.3.RELEASE.jar, /root/.m2/repository/org/seleniumhq/selenium/selenium-java/3.141.59/selenium-java-3.141.59.jar, /root/.m2/repository/org/seleniumhq/selenium/selenium-api/3.141.59/selenium-api-3.141.59.jar, /root/.m2/repository/org/seleniumhq/selenium/selenium-chrome-driver/3.141.59/selenium-chrome-driver-3.141.59.jar, /root/.m2/repository/org/seleniumhq/selenium/selenium-edge-driver/3.141.59/selenium-edge-driver-3.141.59.jar, /root/.m2/repository/org/seleniumhq/selenium/selenium-firefox-driver/3.141.59/selenium-firefox-driver-3.141.59.jar, /root/.m2/repository/org/seleniumhq/selenium/selenium-ie-driver/3.141.59/selenium-ie-driver-3.141.59.jar, /root/.m2/repository/org/seleniumhq/selenium/selenium-opera-driver/3.141.59/selenium-opera-driver-3.141.59.jar, /root/.m2/repository/org/seleniumhq/selenium/selenium-remote-driver/3.141.59/selenium-remote-driver-3.141.59.jar, /root/.m2/repository/org/seleniumhq/selenium/selenium-safari-driver/3.141.59/selenium-safari-driver-3.141.59.jar, /root/.m2/repository/org/seleniumhq/selenium/selenium-support/3.141.59/selenium-support-3.141.59.jar, /root/.m2/repository/net/bytebuddy/byte-buddy/1.10.6/byte-buddy-1.10.6.jar, /root/.m2/repository/org/apache/commons/commons-exec/1.3/commons-exec-1.3.jar, /root/.m2/repository/com/google/guava/guava/25.0-jre/guava-25.0-jre.jar, /root/.m2/repository/com/google/code/findbugs/jsr305/1.3.9/jsr305-1.3.9.jar, /root/.m2/repository/org/checkerframework/checker-compat-qual/2.0.0/checker-compat-qual-2.0.0.jar, /root/.m2/repository/com/google/errorprone/error_prone_annotations/2.1.3/error_prone_annotations-2.1.3.jar, /root/.m2/repository/com/google/j2objc/j2objc-annotations/1.1/j2objc-annotations-1.1.jar, /root/.m2/repository/org/codehaus/mojo/animal-sniffer-annotations/1.14/animal-sniffer-annotations-1.14.jar, /root/.m2/repository/com/squareup/okhttp3/okhttp/3.14.6/okhttp-3.14.6.jar, /root/.m2/repository/com/squareup/okio/okio/1.14.0/okio-1.14.0.jar]
[DEBUG]   (f) compileSourceRoots = [/home/workspace/20210531-CICD1_2-CodePull/src/main/java, /home/workspace/20210531-CICD1_2-CodePull/target/generated-sources/annotations]
[DEBUG]   (f) compilerId = javac
[DEBUG]   (f) debug = true
[DEBUG]   (f) encoding = UTF-8
[DEBUG]   (f) failOnError = true
[DEBUG]   (f) failOnWarning = false
[DEBUG]   (f) forceJavacCompilerUse = false
[DEBUG]   (f) fork = false
[DEBUG]   (f) generatedSourcesDirectory = /home/workspace/20210531-CICD1_2-CodePull/target/generated-sources/annotations
[DEBUG]   (f) maxmem = 512m
[DEBUG]   (f) mojoExecution = org.apache.maven.plugins:maven-compiler-plugin:3.8.1:compile {execution: default}
[DEBUG]   (f) optimize = false
[DEBUG]   (f) outputDirectory = /home/workspace/20210531-CICD1_2-CodePull/target/classes
[DEBUG]   (f) parameters = true
[DEBUG]   (f) project = MavenProject: pl.pandait:panda:0.0.1 @ /home/workspace/20210531-CICD1_2-CodePull/pom.xml
[DEBUG]   (f) projectArtifact = pl.pandait:panda:jar:0.0.1
[DEBUG]   (f) session = org.apache.maven.execution.MavenSession@6a0ac48e
[DEBUG]   (f) showDeprecation = false
[DEBUG]   (f) showWarnings = false
[DEBUG]   (f) skipMultiThreadWarning = false
[DEBUG]   (f) source = 11
[DEBUG]   (f) staleMillis = 0
[DEBUG]   (s) target = 11
[DEBUG]   (f) useIncrementalCompilation = true
[DEBUG]   (f) verbose = false
[DEBUG] -- end configuration --
[DEBUG] Using compiler 'javac'.
[DEBUG] Adding /home/workspace/20210531-CICD1_2-CodePull/target/generated-sources/annotations to compile source roots:
  /home/workspace/20210531-CICD1_2-CodePull/src/main/java
  /home/workspace/20210531-CICD1_2-CodePull/target/generated-sources/annotations
[DEBUG] New compile source roots:
  /home/workspace/20210531-CICD1_2-CodePull/src/main/java
  /home/workspace/20210531-CICD1_2-CodePull/target/generated-sources/annotations
[DEBUG] CompilerReuseStrategy: reuseCreated
[DEBUG] useIncrementalCompilation enabled
[INFO] Nothing to compile - all classes are up to date
[INFO] 
[8mha:////4C6upRzzjMyjJ+ReqXlLMs4ZoEguXy7pyK646zaxlhdeAAAAYB+LCAAAAAAAAP9b85aBtbiIQSmjNKU4P0+vJLE4u1gvPjexLDVPzxdEGvvmZ+X75Zek2mxOX+vh68DGxMBQUcQgBdWQnJ9XnJ+TqucMoUEKGSCAEaSwAAAn9LoiYAAAAA==[0m[INFO] --- maven-resources-plugin:3.1.0:testResources (default-testResources) @ panda ---
[DEBUG] Configuring mojo org.apache.maven.plugins:maven-resources-plugin:3.1.0:testResources from plugin realm ClassRealm[plugin>org.apache.maven.plugins:maven-resources-plugin:3.1.0, parent: jdk.internal.loader.ClassLoaders$AppClassLoader@55054057]
[DEBUG] Configuring mojo 'org.apache.maven.plugins:maven-resources-plugin:3.1.0:testResources' with basic configurator -->
[DEBUG]   (f) addDefaultExcludes = true
[DEBUG]   (f) buildFilters = []
[DEBUG]   (s) delimiters = [@]
[DEBUG]   (f) encoding = UTF-8
[DEBUG]   (f) escapeWindowsPaths = true
[DEBUG]   (f) fileNameFiltering = false
[DEBUG]   (s) includeEmptyDirs = false
[DEBUG]   (s) outputDirectory = /home/workspace/20210531-CICD1_2-CodePull/target/test-classes
[DEBUG]   (s) overwrite = false
[DEBUG]   (f) project = MavenProject: pl.pandait:panda:0.0.1 @ /home/workspace/20210531-CICD1_2-CodePull/pom.xml
[DEBUG]   (s) resources = [Resource {targetPath: null, filtering: false, FileSet {directory: /home/workspace/20210531-CICD1_2-CodePull/src/test/resources, PatternSet [includes: {}, excludes: {}]}}]
[DEBUG]   (f) session = org.apache.maven.execution.MavenSession@6a0ac48e
[DEBUG]   (f) skip = false
[DEBUG]   (f) supportMultiLineFiltering = false
[DEBUG]   (f) useBuildFilters = true
[DEBUG]   (s) useDefaultDelimiters = false
[DEBUG] -- end configuration --
[DEBUG] properties used {spring-integration.version=5.2.3.RELEASE, flyway.version=6.0.8, java.specification.version=11, env.EXECUTOR_NUMBER=1, webjars-hal-browser.version=3325375, java.vendor.url=https://ubuntu.com/, jna.version=4.5.2, sun.boot.library.path=/usr/lib/jvm/java-11-openjdk-amd64/lib, sun.java.command=org.codehaus.plexus.classworlds.launcher.Launcher test -P selenium -X, jdk.debug=release, maven.version=3.8.3, javax-activation.version=1.2.0, kafka.version=2.3.1, jboss-transaction-spi.version=7.6.0.Final, java.specification.name=Java Platform API Specification, java.vm.specification.vendor=Oracle Corporation, exec-maven-plugin.version=1.6.0, byte-buddy.version=1.10.6, maven-install-plugin.version=2.5.2, java.runtime.version=11.0.11+9-Ubuntu-0ubuntu2.18.04, env.GIT_BRANCH=origin/selenium_grid, micrometer.version=1.3.2, rxjava-adapter.version=1.2.1, project.baseUri=file:/home/workspace/20210531-CICD1_2-CodePull/, hibernate.version=5.4.10.Final, java.io.tmpdir=/tmp, java.version=11.0.11, javax-persistence.version=2.2, jakarta-ws-rs.version=2.1.6, build-helper-maven-plugin.version=3.0.0, mockito.version=3.1.0, java.vm.specification.name=Java Virtual Machine Specification, infinispan.version=9.4.17.Final, nekohtml.version=1.9.22, maven-assembly-plugin.version=3.1.1, env.JOB_NAME=20210531-CICD1_2-CodePull, java.library.path=/usr/java/packages/lib:/usr/lib/x86_64-linux-gnu/jni:/lib/x86_64-linux-gnu:/usr/lib/x86_64-linux-gnu:/usr/lib/jni:/lib:/usr/lib, jakarta-servlet.version=4.0.3, java.vendor=Ubuntu, spring-cloud-connectors.version=2.0.7.RELEASE, env.HUDSON_HOME=/var/jenkins_home, thymeleaf-extras-java8time.version=3.0.4.RELEASE, undertow.version=2.0.29.Final, mariadb.version=2.4.4, selenium-htmlunit.version=2.36.0, thymeleaf-extras-data-attribute.version=2.0.1, ehcache3.version=3.8.1, jakarta-xml-bind.version=2.3.2, commons-dbcp2.version=2.7.0, mongodb.version=3.11.2, couchbase-cache-client.version=2.1.0, user.timezone=, env.RUN_DISPLAY_URL=http://192.168.44.44:8880/job/20210531-CICD1_2-CodePull/16/display/redirect, java.vm.specification.version=11, javax-transaction.version=1.3, maven.compiler.source=1.8, user.home=/root, postgresql.version=42.2.9, env.GIT_PREVIOUS_COMMIT=a63bf16405edd2ec4c01a43fc4be501049b582d3, reactive-streams.version=1.0.3, jmustache.version=1.15, querydsl.version=4.2.2, appengine-sdk.version=1.9.77, thymeleaf-layout-dialect.version=2.4.1, hamcrest.version=2.1, os.version=4.15.0-128-generic, commons-pool.version=1.6, jakarta-jms.version=2.0.3, jakarta-transaction.version=1.3.3, env.NODE_NAME=Slave, java.vm.name=OpenJDK 64-Bit Server VM, maven-help-plugin.version=3.2.0, mimepull.version=1.9.12, json-path.version=2.4.0, env.M2_HOME=/home/tools/hudson.tasks.Maven_MavenInstallation/m3, jaxen.version=1.2.0, johnzon.version=1.2.2, os.arch=amd64, spring-batch.version=4.2.1.RELEASE, couchbase-client.version=2.7.11, derby.version=10.14.2.0, jest.version=6.3.1, javax-jsonb.version=1.0, rxjava2.version=2.2.17, neo4j-ogm.version=3.2.6, javax-jaxws.version=2.3.1, maven-site-plugin.version=3.8.2, awt.toolkit=sun.awt.X11.XToolkit, flatten-maven-plugin.version=1.1.0, env.HUDSON_URL=http://192.168.44.44:8880/, javax-websocket.version=1.1, commons-codec.version=1.13, caffeine.version=2.8.0, h2.version=1.4.200, java.vm.compressedOopsMode=32-bit, pooled-jms.version=1.0.6, unboundid-ldapsdk.version=4.0.14, thymeleaf-extras-springsecurity.version=3.0.4.RELEASE, javax-jaxb.version=2.3.1, sqlite-jdbc.version=3.28.0, jakarta-servlet-jsp-jstl.version=1.2.7, activemq.version=5.15.11, httpasyncclient.version=4.1.4, jtds.version=1.3.1, env.MAVEN_TERMINATE_CMD=on, javax-jms.version=2.0.1, env.BUILD_URL=http://192.168.44.44:8880/job/20210531-CICD1_2-CodePull/16/, jakarta-websocket.version=1.1.2, spring-security.version=5.2.1.RELEASE, hibernate-validator.version=6.0.18.Final, assertj.version=3.13.2, env.JOB_URL=http://192.168.44.44:8880/job/20210531-CICD1_2-CodePull/, env.NODE_LABELS=Slave slave, influxdb-java.version=2.15, sun.os.patch.level=unknown, lombok.version=1.18.10, maven.compiler.target=1.8, jakarta-xml-ws.version=2.3.2, library.jansi.path=/home/tools/hudson.tasks.Maven_MavenInstallation/m3/lib/jansi-native, commons-pool2.version=2.7.0, env.HUDSON_SERVER_COOKIE=632b5f8750a2b0a3, jackson-bom.version=2.10.2, env.GIT_PREVIOUS_SUCCESSFUL_COMMIT=cb6d40cb329d82e6fd71f09dd7a5a6b5392cacbf, spring-retry.version=1.2.5.RELEASE, maven-invoker-plugin.version=3.2.1, maven-antrun-plugin.version=1.8, maven.conf=/home/tools/hudson.tasks.Maven_MavenInstallation/m3/conf, sun.java.launcher=SUN_STANDARD, user.country=US, resource.delimiter=@, javax-json.version=1.1.4, jboss-logging.version=3.4.1.Final, env.MAVEN_HOME=/home/tools/hudson.tasks.Maven_MavenInstallation/m3, maven-resources-plugin.version=3.1.0, javax-validation.version=2.0.1.Final, netty.version=4.1.45.Final, jetty-jsp.version=2.2.0.v201112011158, maven-source-plugin.version=3.1.0, jetty.version=9.4.25.v20191220, rxjava.version=1.3.8, env.GIT_COMMIT=e2ffc530377e7c8d05aff6f231c4cb6bbca5b96c, elasticsearch.version=6.8.6, java.runtime.name=OpenJDK Runtime Environment, rest-assured.version=3.3.0, env.BUILD_DISPLAY_NAME=#16, maven-deploy-plugin.version=2.8.2, env.MAVEN_CMD_LINE_ARGS= test -P selenium -X, log4j2.version=2.12.1, maven-failsafe-plugin.version=2.22.2, spring-framework.version=5.2.3.RELEASE, dropwizard-metrics.version=4.1.2, git-commit-id-plugin.version=3.0.1, env.WORKSPACE_TMP=/home/workspace/20210531-CICD1_2-CodePull@tmp, kotlin-coroutines.version=1.3.3, hazelcast-hibernate5.version=1.3.2, env.JOB_BASE_NAME=20210531-CICD1_2-CodePull, htmlunit.version=2.36.0, sun.cpu.isalist=, jackson.version=2.10.2, sun.arch.data.model=64, spring-restdocs.version=2.0.4.RELEASE, env.JENKINS_HOME=/var/jenkins_home, freemarker.version=2.3.29, thymeleaf.version=3.0.11.RELEASE, jakarta-json.version=1.1.6, janino.version=3.1.0, env.JOB_DISPLAY_URL=http://192.168.44.44:8880/job/20210531-CICD1_2-CodePull/display/redirect, maven-jar-plugin.version=3.1.2, maven-compiler-plugin.version=3.8.1, java.specification.vendor=Oracle Corporation, rabbit-amqp-client.version=5.7.3, bitronix.version=2.1.4, java.version.date=2021-04-20, spring-amqp.version=2.2.3.RELEASE, java.home=/usr/lib/jvm/java-11-openjdk-amd64, env.JENKINS_SERVER_COOKIE=632b5f8750a2b0a3, maven-war-plugin.version=3.2.3, env.GIT_URL=https://github.com/nygamichal/panda_applicationALL, jolokia.version=1.6.2, sun.management.compiler=HotSpot 64-Bit Tiered Compilers, env.RUN_ARTIFACTS_DISPLAY_URL=http://192.168.44.44:8880/job/20210531-CICD1_2-CodePull/16/display/redirect?page=artifacts, jetty-reactive-httpclient.version=1.0.3, env.PATH=/home/tools/hudson.tasks.Maven_MavenInstallation/m3/bin:/usr/local/sbin:/usr/local/bin:/usr/sbin:/usr/bin:/sbin:/bin, maven-dependency-plugin.version=3.1.1, httpclient.version=4.5.10, jsonassert.version=1.5.0, file.encoding=ANSI_X3.4-1968, gson.version=2.8.6, sun-mail.version=1.6.4, jakarta-annotation.version=1.3.5, env.HOSTNAME=53a4ff6799f8, nio-multipart-parser.version=1.1.0, mssql-jdbc.version=7.4.1.jre8, snakeyaml.version=1.25, okhttp3.version=3.14.6, liquibase.version=3.8.5, env.WORKSPACE=/home/workspace/20210531-CICD1_2-CodePull, java.awt.printerjob=sun.print.PSPrinterJob, env.BUILD_ID=16, httpcore.version=4.4.13, lettuce.version=5.2.1.RELEASE, classworlds.conf=/home/tools/hudson.tasks.Maven_MavenInstallation/m3/bin/m2.conf, sun.io.unicode.encoding=UnicodeLittle, joda-time.version=2.10.5, kotlin.version=1.3.61, wsdl4j.version=1.6.3, env.RUN_TESTS_DISPLAY_URL=http://192.168.44.44:8880/job/20210531-CICD1_2-CodePull/16/display/redirect?page=tests, tomcat.version=9.0.30, sendgrid.version=4.4.1, glassfish-jaxb.version=2.3.2, spring-ws.version=3.0.8.RELEASE, commons-lang3.version=3.9, os.name=Linux, junit.version=4.12, jetty-el.version=8.5.49, db2-jdbc.version=11.5.0.0, mongo-driver-reactivestreams.version=1.12.0, maven.build.timestamp=2022-01-03T19:17:37Z, reactor-bom.version=Dysprosium-SR4, maven-enforcer-plugin.version=3.0.0-M3, jstl.version=1.2, env.HUDSON_COOKIE=d6b397cb-8b96-4021-a96c-b5275cf32d94, java.awt.graphicsenv=sun.awt.X11GraphicsEnvironment, quartz.version=2.3.2, javax-money.version=1.0.3, env.JENKINS_URL=http://192.168.44.44:8880/, spring-hateoas.version=1.0.3.RELEASE, path.separator=:, jakarta-validation.version=2.0.2, maven.multiModuleProjectDirectory=/home/workspace/20210531-CICD1_2-CodePull, env.MAVEN_PROJECTBASEDIR=/home/workspace/20210531-CICD1_2-CodePull, java.vm.info=mixed mode, sharing, cassandra-driver.version=3.7.2, java.class.version=55.0, xml-maven-plugin.version=1.0.2, env.BUILD_TAG=jenkins-20210531-CICD1_2-CodePull-16, sun.jnu.encoding=ANSI_X3.4-1968, xmlunit2.version=2.6.3, jakarta-mail.version=1.6.4, slf4j.version=1.7.30, solr.version=8.2.0, saaj-impl.version=1.5.1, maven.build.version=Apache Maven 3.8.3 (ff8e977a158738155dc465c6a97ffaf31982d739), hikaricp.version=3.4.2, maven.home=/home/tools/hudson.tasks.Maven_MavenInstallation/m3, netty-tcnative.version=2.0.28.Final, maven-shade-plugin.version=3.2.1, jakarta-json-bind.version=1.0.2, file.separator=/, line.separator=
, spring-kafka.version=2.3.5.RELEASE, jersey.version=2.29.1, user.name=root, hazelcast.version=3.12.5, jdom2.version=2.0.6, atomikos.version=4.0.6, aspectj.version=1.9.5, spring-data-releasetrain.version=Moore-SR4, hsqldb.version=2.5.0, ojdbc.version=19.3.0.0, env.RUN_CHANGES_DISPLAY_URL=http://192.168.44.44:8880/job/20210531-CICD1_2-CodePull/16/display/redirect?page=changes, webjars-locator-core.version=0.41, project.reporting.outputEncoding=UTF-8, awaitility.version=4.0.2, env.OLDPWD=/home/workspace/20210531-CICD1_2-CodePull, env.BUILD_NUMBER=16, env.PWD=/home/workspace/20210531-CICD1_2-CodePull, embedded-mongo.version=2.2.0, johnzon-jsonb.version=1.2.2, spring-ldap.version=2.3.2.RELEASE, java.class.path=/home/tools/hudson.tasks.Maven_MavenInstallation/m3/boot/plexus-classworlds-2.6.0.jar, dependency-management-plugin.version=1.0.9.RELEASE, env.HOME=/root, java.vm.vendor=Ubuntu, maven-javadoc-plugin.version=3.1.1, servlet-api.version=4.0.1, rsocket.version=1.0.0-RC5, jakarta-persistence.version=2.2.3, env.CI=true, artemis.version=2.10.1, groovy.version=2.5.9, javax-cache.version=1.1.1, logback.version=1.2.3, prometheus-pushgateway.version=0.7.0, sun.cpu.endian=little, versions-maven-plugin.version=2.7, user.language=en, jedis.version=3.1.0, maven-clean-plugin.version=3.1.0, javax-mail.version=1.6.2, maven-surefire-plugin.version=2.22.2, jakarta-servlet-jsp.version=2.3.5, javax-annotation.version=1.3.2, mysql.version=8.0.19, classmate.version=1.5.1, jaybird.version=3.0.8, antlr2.version=2.7.7, selenium.version=3.141.59, glassfish-el.version=3.0.3, project.build.sourceEncoding=UTF-8, jooq.version=3.12.3, java.vendor.url.bug=https://bugs.launchpad.net/ubuntu/+source/openjdk-lts, user.dir=/home/workspace/20210531-CICD1_2-CodePull, ehcache.version=2.10.6, junit-jupiter.version=5.5.2, java.vm.version=11.0.11+9-Ubuntu-0ubuntu2.18.04, jakarta-activation.version=1.2.1, spring-session-bom.version=Corn-RELEASE}
[INFO] Using 'UTF-8' encoding to copy filtered resources.
[DEBUG] resource with targetPath null
directory /home/workspace/20210531-CICD1_2-CodePull/src/test/resources
excludes []
includes []
[INFO] skip non existing resourceDirectory /home/workspace/20210531-CICD1_2-CodePull/src/test/resources
[DEBUG] no use filter components
[INFO] 
[8mha:////4C6upRzzjMyjJ+ReqXlLMs4ZoEguXy7pyK646zaxlhdeAAAAYB+LCAAAAAAAAP9b85aBtbiIQSmjNKU4P0+vJLE4u1gvPjexLDVPzxdEGvvmZ+X75Zek2mxOX+vh68DGxMBQUcQgBdWQnJ9XnJ+TqucMoUEKGSCAEaSwAAAn9LoiYAAAAA==[0m[INFO] --- maven-compiler-plugin:3.8.1:testCompile (default-testCompile) @ panda ---
[DEBUG] Configuring mojo org.apache.maven.plugins:maven-compiler-plugin:3.8.1:testCompile from plugin realm ClassRealm[plugin>org.apache.maven.plugins:maven-compiler-plugin:3.8.1, parent: jdk.internal.loader.ClassLoaders$AppClassLoader@55054057]
[DEBUG] Configuring mojo 'org.apache.maven.plugins:maven-compiler-plugin:3.8.1:testCompile' with basic configurator -->
[DEBUG]   (f) basedir = /home/workspace/20210531-CICD1_2-CodePull
[DEBUG]   (f) buildDirectory = /home/workspace/20210531-CICD1_2-CodePull/target
[DEBUG]   (f) compilePath = [/home/workspace/20210531-CICD1_2-CodePull/target/classes, /root/.m2/repository/org/springframework/boot/spring-boot-starter-thymeleaf/2.2.4.RELEASE/spring-boot-starter-thymeleaf-2.2.4.RELEASE.jar, /root/.m2/repository/org/springframework/boot/spring-boot-starter/2.2.4.RELEASE/spring-boot-starter-2.2.4.RELEASE.jar, /root/.m2/repository/org/springframework/boot/spring-boot/2.2.4.RELEASE/spring-boot-2.2.4.RELEASE.jar, /root/.m2/repository/org/springframework/boot/spring-boot-autoconfigure/2.2.4.RELEASE/spring-boot-autoconfigure-2.2.4.RELEASE.jar, /root/.m2/repository/org/springframework/boot/spring-boot-starter-logging/2.2.4.RELEASE/spring-boot-starter-logging-2.2.4.RELEASE.jar, /root/.m2/repository/ch/qos/logback/logback-classic/1.2.3/logback-classic-1.2.3.jar, /root/.m2/repository/ch/qos/logback/logback-core/1.2.3/logback-core-1.2.3.jar, /root/.m2/repository/org/apache/logging/log4j/log4j-to-slf4j/2.12.1/log4j-to-slf4j-2.12.1.jar, /root/.m2/repository/org/apache/logging/log4j/log4j-api/2.12.1/log4j-api-2.12.1.jar, /root/.m2/repository/org/slf4j/jul-to-slf4j/1.7.30/jul-to-slf4j-1.7.30.jar, /root/.m2/repository/jakarta/annotation/jakarta.annotation-api/1.3.5/jakarta.annotation-api-1.3.5.jar, /root/.m2/repository/org/thymeleaf/thymeleaf-spring5/3.0.11.RELEASE/thymeleaf-spring5-3.0.11.RELEASE.jar, /root/.m2/repository/org/thymeleaf/thymeleaf/3.0.11.RELEASE/thymeleaf-3.0.11.RELEASE.jar, /root/.m2/repository/org/attoparser/attoparser/2.0.5.RELEASE/attoparser-2.0.5.RELEASE.jar, /root/.m2/repository/org/unbescape/unbescape/1.1.6.RELEASE/unbescape-1.1.6.RELEASE.jar, /root/.m2/repository/org/slf4j/slf4j-api/1.7.30/slf4j-api-1.7.30.jar, /root/.m2/repository/org/thymeleaf/extras/thymeleaf-extras-java8time/3.0.4.RELEASE/thymeleaf-extras-java8time-3.0.4.RELEASE.jar, /root/.m2/repository/org/springframework/boot/spring-boot-starter-web/2.2.4.RELEASE/spring-boot-starter-web-2.2.4.RELEASE.jar, /root/.m2/repository/org/springframework/boot/spring-boot-starter-json/2.2.4.RELEASE/spring-boot-starter-json-2.2.4.RELEASE.jar, /root/.m2/repository/com/fasterxml/jackson/core/jackson-databind/2.10.2/jackson-databind-2.10.2.jar, /root/.m2/repository/com/fasterxml/jackson/core/jackson-annotations/2.10.2/jackson-annotations-2.10.2.jar, /root/.m2/repository/com/fasterxml/jackson/core/jackson-core/2.10.2/jackson-core-2.10.2.jar, /root/.m2/repository/com/fasterxml/jackson/datatype/jackson-datatype-jdk8/2.10.2/jackson-datatype-jdk8-2.10.2.jar, /root/.m2/repository/com/fasterxml/jackson/datatype/jackson-datatype-jsr310/2.10.2/jackson-datatype-jsr310-2.10.2.jar, /root/.m2/repository/com/fasterxml/jackson/module/jackson-module-parameter-names/2.10.2/jackson-module-parameter-names-2.10.2.jar, /root/.m2/repository/org/springframework/boot/spring-boot-starter-tomcat/2.2.4.RELEASE/spring-boot-starter-tomcat-2.2.4.RELEASE.jar, /root/.m2/repository/org/apache/tomcat/embed/tomcat-embed-core/9.0.30/tomcat-embed-core-9.0.30.jar, /root/.m2/repository/org/apache/tomcat/embed/tomcat-embed-el/9.0.30/tomcat-embed-el-9.0.30.jar, /root/.m2/repository/org/apache/tomcat/embed/tomcat-embed-websocket/9.0.30/tomcat-embed-websocket-9.0.30.jar, /root/.m2/repository/org/springframework/boot/spring-boot-starter-validation/2.2.4.RELEASE/spring-boot-starter-validation-2.2.4.RELEASE.jar, /root/.m2/repository/jakarta/validation/jakarta.validation-api/2.0.2/jakarta.validation-api-2.0.2.jar, /root/.m2/repository/org/hibernate/validator/hibernate-validator/6.0.18.Final/hibernate-validator-6.0.18.Final.jar, /root/.m2/repository/org/jboss/logging/jboss-logging/3.4.1.Final/jboss-logging-3.4.1.Final.jar, /root/.m2/repository/com/fasterxml/classmate/1.5.1/classmate-1.5.1.jar, /root/.m2/repository/org/springframework/spring-web/5.2.3.RELEASE/spring-web-5.2.3.RELEASE.jar, /root/.m2/repository/org/springframework/spring-beans/5.2.3.RELEASE/spring-beans-5.2.3.RELEASE.jar, /root/.m2/repository/org/springframework/spring-webmvc/5.2.3.RELEASE/spring-webmvc-5.2.3.RELEASE.jar, /root/.m2/repository/org/springframework/spring-aop/5.2.3.RELEASE/spring-aop-5.2.3.RELEASE.jar, /root/.m2/repository/org/springframework/spring-context/5.2.3.RELEASE/spring-context-5.2.3.RELEASE.jar, /root/.m2/repository/org/springframework/spring-expression/5.2.3.RELEASE/spring-expression-5.2.3.RELEASE.jar, /root/.m2/repository/org/springframework/spring-core/5.2.3.RELEASE/spring-core-5.2.3.RELEASE.jar, /root/.m2/repository/org/springframework/spring-jcl/5.2.3.RELEASE/spring-jcl-5.2.3.RELEASE.jar, /root/.m2/repository/org/seleniumhq/selenium/selenium-java/3.141.59/selenium-java-3.141.59.jar, /root/.m2/repository/org/seleniumhq/selenium/selenium-api/3.141.59/selenium-api-3.141.59.jar, /root/.m2/repository/org/seleniumhq/selenium/selenium-chrome-driver/3.141.59/selenium-chrome-driver-3.141.59.jar, /root/.m2/repository/org/seleniumhq/selenium/selenium-edge-driver/3.141.59/selenium-edge-driver-3.141.59.jar, /root/.m2/repository/org/seleniumhq/selenium/selenium-firefox-driver/3.141.59/selenium-firefox-driver-3.141.59.jar, /root/.m2/repository/org/seleniumhq/selenium/selenium-ie-driver/3.141.59/selenium-ie-driver-3.141.59.jar, /root/.m2/repository/org/seleniumhq/selenium/selenium-opera-driver/3.141.59/selenium-opera-driver-3.141.59.jar, /root/.m2/repository/org/seleniumhq/selenium/selenium-remote-driver/3.141.59/selenium-remote-driver-3.141.59.jar, /root/.m2/repository/org/seleniumhq/selenium/selenium-safari-driver/3.141.59/selenium-safari-driver-3.141.59.jar, /root/.m2/repository/org/seleniumhq/selenium/selenium-support/3.141.59/selenium-support-3.141.59.jar, /root/.m2/repository/net/bytebuddy/byte-buddy/1.10.6/byte-buddy-1.10.6.jar, /root/.m2/repository/org/apache/commons/commons-exec/1.3/commons-exec-1.3.jar, /root/.m2/repository/com/google/guava/guava/25.0-jre/guava-25.0-jre.jar, /root/.m2/repository/com/google/code/findbugs/jsr305/1.3.9/jsr305-1.3.9.jar, /root/.m2/repository/org/checkerframework/checker-compat-qual/2.0.0/checker-compat-qual-2.0.0.jar, /root/.m2/repository/com/google/errorprone/error_prone_annotations/2.1.3/error_prone_annotations-2.1.3.jar, /root/.m2/repository/com/google/j2objc/j2objc-annotations/1.1/j2objc-annotations-1.1.jar, /root/.m2/repository/org/codehaus/mojo/animal-sniffer-annotations/1.14/animal-sniffer-annotations-1.14.jar, /root/.m2/repository/com/squareup/okhttp3/okhttp/3.14.6/okhttp-3.14.6.jar, /root/.m2/repository/com/squareup/okio/okio/1.14.0/okio-1.14.0.jar]
[DEBUG]   (f) compileSourceRoots = [/home/workspace/20210531-CICD1_2-CodePull/src/test/java]
[DEBUG]   (f) compilerId = javac
[DEBUG]   (f) debug = true
[DEBUG]   (f) encoding = UTF-8
[DEBUG]   (f) failOnError = true
[DEBUG]   (f) failOnWarning = false
[DEBUG]   (f) forceJavacCompilerUse = false
[DEBUG]   (f) fork = false
[DEBUG]   (f) generatedTestSourcesDirectory = /home/workspace/20210531-CICD1_2-CodePull/target/generated-test-sources/test-annotations
[DEBUG]   (f) maxmem = 512m
[DEBUG]   (f) mojoExecution = org.apache.maven.plugins:maven-compiler-plugin:3.8.1:testCompile {execution: default-testCompile}
[DEBUG]   (f) optimize = false
[DEBUG]   (f) outputDirectory = /home/workspace/20210531-CICD1_2-CodePull/target/test-classes
[DEBUG]   (f) parameters = true
[DEBUG]   (f) project = MavenProject: pl.pandait:panda:0.0.1 @ /home/workspace/20210531-CICD1_2-CodePull/pom.xml
[DEBUG]   (f) session = org.apache.maven.execution.MavenSession@6a0ac48e
[DEBUG]   (f) showDeprecation = false
[DEBUG]   (f) showWarnings = false
[DEBUG]   (f) skipMultiThreadWarning = false
[DEBUG]   (f) source = 11
[DEBUG]   (f) staleMillis = 0
[DEBUG]   (s) target = 11
[DEBUG]   (f) testPath = [/home/workspace/20210531-CICD1_2-CodePull/target/test-classes, /home/workspace/20210531-CICD1_2-CodePull/target/classes, /root/.m2/repository/org/springframework/boot/spring-boot-starter-thymeleaf/2.2.4.RELEASE/spring-boot-starter-thymeleaf-2.2.4.RELEASE.jar, /root/.m2/repository/org/springframework/boot/spring-boot-starter/2.2.4.RELEASE/spring-boot-starter-2.2.4.RELEASE.jar, /root/.m2/repository/org/springframework/boot/spring-boot/2.2.4.RELEASE/spring-boot-2.2.4.RELEASE.jar, /root/.m2/repository/org/springframework/boot/spring-boot-autoconfigure/2.2.4.RELEASE/spring-boot-autoconfigure-2.2.4.RELEASE.jar, /root/.m2/repository/org/springframework/boot/spring-boot-starter-logging/2.2.4.RELEASE/spring-boot-starter-logging-2.2.4.RELEASE.jar, /root/.m2/repository/ch/qos/logback/logback-classic/1.2.3/logback-classic-1.2.3.jar, /root/.m2/repository/ch/qos/logback/logback-core/1.2.3/logback-core-1.2.3.jar, /root/.m2/repository/org/apache/logging/log4j/log4j-to-slf4j/2.12.1/log4j-to-slf4j-2.12.1.jar, /root/.m2/repository/org/apache/logging/log4j/log4j-api/2.12.1/log4j-api-2.12.1.jar, /root/.m2/repository/org/slf4j/jul-to-slf4j/1.7.30/jul-to-slf4j-1.7.30.jar, /root/.m2/repository/jakarta/annotation/jakarta.annotation-api/1.3.5/jakarta.annotation-api-1.3.5.jar, /root/.m2/repository/org/yaml/snakeyaml/1.25/snakeyaml-1.25.jar, /root/.m2/repository/org/thymeleaf/thymeleaf-spring5/3.0.11.RELEASE/thymeleaf-spring5-3.0.11.RELEASE.jar, /root/.m2/repository/org/thymeleaf/thymeleaf/3.0.11.RELEASE/thymeleaf-3.0.11.RELEASE.jar, /root/.m2/repository/org/attoparser/attoparser/2.0.5.RELEASE/attoparser-2.0.5.RELEASE.jar, /root/.m2/repository/org/unbescape/unbescape/1.1.6.RELEASE/unbescape-1.1.6.RELEASE.jar, /root/.m2/repository/org/slf4j/slf4j-api/1.7.30/slf4j-api-1.7.30.jar, /root/.m2/repository/org/thymeleaf/extras/thymeleaf-extras-java8time/3.0.4.RELEASE/thymeleaf-extras-java8time-3.0.4.RELEASE.jar, /root/.m2/repository/org/springframework/boot/spring-boot-starter-web/2.2.4.RELEASE/spring-boot-starter-web-2.2.4.RELEASE.jar, /root/.m2/repository/org/springframework/boot/spring-boot-starter-json/2.2.4.RELEASE/spring-boot-starter-json-2.2.4.RELEASE.jar, /root/.m2/repository/com/fasterxml/jackson/core/jackson-databind/2.10.2/jackson-databind-2.10.2.jar, /root/.m2/repository/com/fasterxml/jackson/core/jackson-annotations/2.10.2/jackson-annotations-2.10.2.jar, /root/.m2/repository/com/fasterxml/jackson/core/jackson-core/2.10.2/jackson-core-2.10.2.jar, /root/.m2/repository/com/fasterxml/jackson/datatype/jackson-datatype-jdk8/2.10.2/jackson-datatype-jdk8-2.10.2.jar, /root/.m2/repository/com/fasterxml/jackson/datatype/jackson-datatype-jsr310/2.10.2/jackson-datatype-jsr310-2.10.2.jar, /root/.m2/repository/com/fasterxml/jackson/module/jackson-module-parameter-names/2.10.2/jackson-module-parameter-names-2.10.2.jar, /root/.m2/repository/org/springframework/boot/spring-boot-starter-tomcat/2.2.4.RELEASE/spring-boot-starter-tomcat-2.2.4.RELEASE.jar, /root/.m2/repository/org/apache/tomcat/embed/tomcat-embed-core/9.0.30/tomcat-embed-core-9.0.30.jar, /root/.m2/repository/org/apache/tomcat/embed/tomcat-embed-el/9.0.30/tomcat-embed-el-9.0.30.jar, /root/.m2/repository/org/apache/tomcat/embed/tomcat-embed-websocket/9.0.30/tomcat-embed-websocket-9.0.30.jar, /root/.m2/repository/org/springframework/boot/spring-boot-starter-validation/2.2.4.RELEASE/spring-boot-starter-validation-2.2.4.RELEASE.jar, /root/.m2/repository/jakarta/validation/jakarta.validation-api/2.0.2/jakarta.validation-api-2.0.2.jar, /root/.m2/repository/org/hibernate/validator/hibernate-validator/6.0.18.Final/hibernate-validator-6.0.18.Final.jar, /root/.m2/repository/org/jboss/logging/jboss-logging/3.4.1.Final/jboss-logging-3.4.1.Final.jar, /root/.m2/repository/com/fasterxml/classmate/1.5.1/classmate-1.5.1.jar, /root/.m2/repository/org/springframework/spring-web/5.2.3.RELEASE/spring-web-5.2.3.RELEASE.jar, /root/.m2/repository/org/springframework/spring-beans/5.2.3.RELEASE/spring-beans-5.2.3.RELEASE.jar, /root/.m2/repository/org/springframework/spring-webmvc/5.2.3.RELEASE/spring-webmvc-5.2.3.RELEASE.jar, /root/.m2/repository/org/springframework/spring-aop/5.2.3.RELEASE/spring-aop-5.2.3.RELEASE.jar, /root/.m2/repository/org/springframework/spring-context/5.2.3.RELEASE/spring-context-5.2.3.RELEASE.jar, /root/.m2/repository/org/springframework/spring-expression/5.2.3.RELEASE/spring-expression-5.2.3.RELEASE.jar, /root/.m2/repository/junit/junit/4.12/junit-4.12.jar, /root/.m2/repository/org/hamcrest/hamcrest-core/2.1/hamcrest-core-2.1.jar, /root/.m2/repository/org/springframework/boot/spring-boot-starter-test/2.2.4.RELEASE/spring-boot-starter-test-2.2.4.RELEASE.jar, /root/.m2/repository/org/springframework/boot/spring-boot-test/2.2.4.RELEASE/spring-boot-test-2.2.4.RELEASE.jar, /root/.m2/repository/org/springframework/boot/spring-boot-test-autoconfigure/2.2.4.RELEASE/spring-boot-test-autoconfigure-2.2.4.RELEASE.jar, /root/.m2/repository/com/jayway/jsonpath/json-path/2.4.0/json-path-2.4.0.jar, /root/.m2/repository/net/minidev/json-smart/2.3/json-smart-2.3.jar, /root/.m2/repository/net/minidev/accessors-smart/1.2/accessors-smart-1.2.jar, /root/.m2/repository/org/ow2/asm/asm/5.0.4/asm-5.0.4.jar, /root/.m2/repository/jakarta/xml/bind/jakarta.xml.bind-api/2.3.2/jakarta.xml.bind-api-2.3.2.jar, /root/.m2/repository/jakarta/activation/jakarta.activation-api/1.2.1/jakarta.activation-api-1.2.1.jar, /root/.m2/repository/org/junit/jupiter/junit-jupiter/5.5.2/junit-jupiter-5.5.2.jar, /root/.m2/repository/org/junit/jupiter/junit-jupiter-api/5.5.2/junit-jupiter-api-5.5.2.jar, /root/.m2/repository/org/apiguardian/apiguardian-api/1.1.0/apiguardian-api-1.1.0.jar, /root/.m2/repository/org/opentest4j/opentest4j/1.2.0/opentest4j-1.2.0.jar, /root/.m2/repository/org/junit/platform/junit-platform-commons/1.5.2/junit-platform-commons-1.5.2.jar, /root/.m2/repository/org/junit/jupiter/junit-jupiter-params/5.5.2/junit-jupiter-params-5.5.2.jar, /root/.m2/repository/org/junit/jupiter/junit-jupiter-engine/5.5.2/junit-jupiter-engine-5.5.2.jar, /root/.m2/repository/org/junit/platform/junit-platform-engine/1.5.2/junit-platform-engine-1.5.2.jar, /root/.m2/repository/org/mockito/mockito-junit-jupiter/3.1.0/mockito-junit-jupiter-3.1.0.jar, /root/.m2/repository/org/assertj/assertj-core/3.13.2/assertj-core-3.13.2.jar, /root/.m2/repository/org/hamcrest/hamcrest/2.1/hamcrest-2.1.jar, /root/.m2/repository/org/mockito/mockito-core/3.1.0/mockito-core-3.1.0.jar, /root/.m2/repository/net/bytebuddy/byte-buddy-agent/1.10.6/byte-buddy-agent-1.10.6.jar, /root/.m2/repository/org/objenesis/objenesis/2.6/objenesis-2.6.jar, /root/.m2/repository/org/skyscreamer/jsonassert/1.5.0/jsonassert-1.5.0.jar, /root/.m2/repository/com/vaadin/external/google/android-json/0.0.20131108.vaadin1/android-json-0.0.20131108.vaadin1.jar, /root/.m2/repository/org/springframework/spring-core/5.2.3.RELEASE/spring-core-5.2.3.RELEASE.jar, /root/.m2/repository/org/springframework/spring-jcl/5.2.3.RELEASE/spring-jcl-5.2.3.RELEASE.jar, /root/.m2/repository/org/springframework/spring-test/5.2.3.RELEASE/spring-test-5.2.3.RELEASE.jar, /root/.m2/repository/org/xmlunit/xmlunit-core/2.6.3/xmlunit-core-2.6.3.jar, /root/.m2/repository/org/seleniumhq/selenium/selenium-java/3.141.59/selenium-java-3.141.59.jar, /root/.m2/repository/org/seleniumhq/selenium/selenium-api/3.141.59/selenium-api-3.141.59.jar, /root/.m2/repository/org/seleniumhq/selenium/selenium-chrome-driver/3.141.59/selenium-chrome-driver-3.141.59.jar, /root/.m2/repository/org/seleniumhq/selenium/selenium-edge-driver/3.141.59/selenium-edge-driver-3.141.59.jar, /root/.m2/repository/org/seleniumhq/selenium/selenium-firefox-driver/3.141.59/selenium-firefox-driver-3.141.59.jar, /root/.m2/repository/org/seleniumhq/selenium/selenium-ie-driver/3.141.59/selenium-ie-driver-3.141.59.jar, /root/.m2/repository/org/seleniumhq/selenium/selenium-opera-driver/3.141.59/selenium-opera-driver-3.141.59.jar, /root/.m2/repository/org/seleniumhq/selenium/selenium-remote-driver/3.141.59/selenium-remote-driver-3.141.59.jar, /root/.m2/repository/org/seleniumhq/selenium/selenium-safari-driver/3.141.59/selenium-safari-driver-3.141.59.jar, /root/.m2/repository/org/seleniumhq/selenium/selenium-support/3.141.59/selenium-support-3.141.59.jar, /root/.m2/repository/net/bytebuddy/byte-buddy/1.10.6/byte-buddy-1.10.6.jar, /root/.m2/repository/org/apache/commons/commons-exec/1.3/commons-exec-1.3.jar, /root/.m2/repository/com/google/guava/guava/25.0-jre/guava-25.0-jre.jar, /root/.m2/repository/com/google/code/findbugs/jsr305/1.3.9/jsr305-1.3.9.jar, /root/.m2/repository/org/checkerframework/checker-compat-qual/2.0.0/checker-compat-qual-2.0.0.jar, /root/.m2/repository/com/google/errorprone/error_prone_annotations/2.1.3/error_prone_annotations-2.1.3.jar, /root/.m2/repository/com/google/j2objc/j2objc-annotations/1.1/j2objc-annotations-1.1.jar, /root/.m2/repository/org/codehaus/mojo/animal-sniffer-annotations/1.14/animal-sniffer-annotations-1.14.jar, /root/.m2/repository/com/squareup/okhttp3/okhttp/3.14.6/okhttp-3.14.6.jar, /root/.m2/repository/com/squareup/okio/okio/1.14.0/okio-1.14.0.jar]
[DEBUG]   (f) useIncrementalCompilation = true
[DEBUG]   (f) verbose = false
[DEBUG] -- end configuration --
[DEBUG] Using compiler 'javac'.
[DEBUG] Adding /home/workspace/20210531-CICD1_2-CodePull/target/generated-test-sources/test-annotations to test-compile source roots:
  /home/workspace/20210531-CICD1_2-CodePull/src/test/java
[DEBUG] New test-compile source roots:
  /home/workspace/20210531-CICD1_2-CodePull/src/test/java
  /home/workspace/20210531-CICD1_2-CodePull/target/generated-test-sources/test-annotations
[DEBUG] CompilerReuseStrategy: reuseCreated
[DEBUG] useIncrementalCompilation enabled
[INFO] Nothing to compile - all classes are up to date
[INFO] 
[8mha:////4C6upRzzjMyjJ+ReqXlLMs4ZoEguXy7pyK646zaxlhdeAAAAYB+LCAAAAAAAAP9b85aBtbiIQSmjNKU4P0+vJLE4u1gvPjexLDVPzxdEGvvmZ+X75Zek2mxOX+vh68DGxMBQUcQgBdWQnJ9XnJ+TqucMoUEKGSCAEaSwAAAn9LoiYAAAAA==[0m[INFO] --- maven-surefire-plugin:2.22.2:test (default-test) @ panda ---
[DEBUG] Using mirror maven-default-http-blocker (http://0.0.0.0/) for snapshots (http://snapshots.maven.codehaus.org/maven2).
[DEBUG] Using mirror maven-default-http-blocker (http://0.0.0.0/) for central (http://repo1.maven.org/maven2).
[DEBUG] Dependency collection stats {ConflictMarker.analyzeTime=94740, ConflictMarker.markTime=47620, ConflictMarker.nodeCount=114, ConflictIdSorter.graphTime=28950, ConflictIdSorter.topsortTime=28850, ConflictIdSorter.conflictIdCount=37, ConflictIdSorter.conflictIdCycleCount=0, ConflictResolver.totalTime=1633582, ConflictResolver.conflictItemCount=79, DefaultDependencyCollector.collectTime=37050951, DefaultDependencyCollector.transformTime=1888342}
[DEBUG] org.apache.maven.plugins:maven-surefire-plugin:jar:2.22.2
[DEBUG]    org.apache.maven.surefire:maven-surefire-common:jar:2.22.2:compile
[DEBUG]       org.apache.maven:maven-plugin-api:jar:2.2.1:compile (version managed from default)
[DEBUG]       org.apache.maven.plugin-tools:maven-plugin-annotations:jar:3.5.2:compile (scope managed from default) (version managed from default)
[DEBUG]       org.apache.maven.surefire:surefire-api:jar:2.22.2:compile (version managed from default)
[DEBUG]          org.apache.maven.surefire:surefire-logger-api:jar:2.22.2:compile (version managed from default)
[DEBUG]       org.apache.maven.surefire:surefire-booter:jar:2.22.2:compile (version managed from default)
[DEBUG]       org.apache.maven:maven-artifact:jar:2.2.1:compile (version managed from default)
[DEBUG]          org.codehaus.plexus:plexus-utils:jar:1.5.15:compile
[DEBUG]       org.apache.maven:maven-plugin-descriptor:jar:2.2.1:compile (version managed from default)
[DEBUG]          org.codehaus.plexus:plexus-container-default:jar:1.0-alpha-9-stable-1:compile
[DEBUG]             junit:junit:jar:4.12:compile (version managed from default)
[DEBUG]                org.hamcrest:hamcrest-core:jar:1.3:compile
[DEBUG]       org.apache.maven:maven-project:jar:2.2.1:compile (version managed from default)
[DEBUG]          org.apache.maven:maven-settings:jar:2.2.1:compile (version managed from default)
[DEBUG]          org.apache.maven:maven-profile:jar:2.2.1:compile
[DEBUG]          org.apache.maven:maven-artifact-manager:jar:2.2.1:compile
[DEBUG]             backport-util-concurrent:backport-util-concurrent:jar:3.1:compile
[DEBUG]          org.apache.maven:maven-plugin-registry:jar:2.2.1:compile
[DEBUG]          org.codehaus.plexus:plexus-interpolation:jar:1.11:compile
[DEBUG]       org.apache.maven:maven-model:jar:2.2.1:compile (version managed from default)
[DEBUG]       org.apache.maven:maven-core:jar:2.2.1:compile (version managed from default) (exclusions managed from default)
[DEBUG]          org.apache.maven:maven-plugin-parameter-documenter:jar:2.2.1:compile
[DEBUG]          org.slf4j:slf4j-jdk14:jar:1.5.6:runtime
[DEBUG]             org.slf4j:slf4j-api:jar:1.5.6:runtime
[DEBUG]          org.slf4j:jcl-over-slf4j:jar:1.5.6:runtime
[DEBUG]          org.apache.maven.reporting:maven-reporting-api:jar:3.0:compile (version managed from default)
[DEBUG]          org.apache.maven:maven-repository-metadata:jar:2.2.1:compile
[DEBUG]          org.apache.maven:maven-error-diagnostics:jar:2.2.1:compile
[DEBUG]          org.apache.maven:maven-monitor:jar:2.2.1:compile
[DEBUG]          classworlds:classworlds:jar:1.1:compile
[DEBUG]          org.sonatype.plexus:plexus-sec-dispatcher:jar:1.3:compile
[DEBUG]             org.sonatype.plexus:plexus-cipher:jar:1.4:compile
[DEBUG]       org.apache.maven:maven-toolchain:jar:2.2.1:compile (version managed from default)
[DEBUG]       org.codehaus.plexus:plexus-java:jar:0.9.10:compile (version managed from default)
[DEBUG]          org.ow2.asm:asm:jar:6.2:compile
[DEBUG]          com.thoughtworks.qdox:qdox:jar:2.0-M8:compile
[DEBUG] Created new class realm plugin>org.apache.maven.plugins:maven-surefire-plugin:2.22.2
[DEBUG] Importing foreign packages into class realm plugin>org.apache.maven.plugins:maven-surefire-plugin:2.22.2
[DEBUG]   Imported:  < maven.api
[DEBUG] Populating class realm plugin>org.apache.maven.plugins:maven-surefire-plugin:2.22.2
[DEBUG]   Included: org.apache.maven.plugins:maven-surefire-plugin:jar:2.22.2
[DEBUG]   Included: org.apache.maven.surefire:maven-surefire-common:jar:2.22.2
[DEBUG]   Included: org.apache.maven.plugin-tools:maven-plugin-annotations:jar:3.5.2
[DEBUG]   Included: org.apache.maven.surefire:surefire-api:jar:2.22.2
[DEBUG]   Included: org.apache.maven.surefire:surefire-logger-api:jar:2.22.2
[DEBUG]   Included: org.apache.maven.surefire:surefire-booter:jar:2.22.2
[DEBUG]   Included: org.codehaus.plexus:plexus-utils:jar:1.5.15
[DEBUG]   Included: junit:junit:jar:4.12
[DEBUG]   Included: org.hamcrest:hamcrest-core:jar:1.3
[DEBUG]   Included: backport-util-concurrent:backport-util-concurrent:jar:3.1
[DEBUG]   Included: org.codehaus.plexus:plexus-interpolation:jar:1.11
[DEBUG]   Included: org.slf4j:slf4j-jdk14:jar:1.5.6
[DEBUG]   Included: org.slf4j:jcl-over-slf4j:jar:1.5.6
[DEBUG]   Included: org.apache.maven.reporting:maven-reporting-api:jar:3.0
[DEBUG]   Included: org.sonatype.plexus:plexus-sec-dispatcher:jar:1.3
[DEBUG]   Included: org.sonatype.plexus:plexus-cipher:jar:1.4
[DEBUG]   Included: org.codehaus.plexus:plexus-java:jar:0.9.10
[DEBUG]   Included: org.ow2.asm:asm:jar:6.2
[DEBUG]   Included: com.thoughtworks.qdox:qdox:jar:2.0-M8
[DEBUG] Configuring mojo org.apache.maven.plugins:maven-surefire-plugin:2.22.2:test from plugin realm ClassRealm[plugin>org.apache.maven.plugins:maven-surefire-plugin:2.22.2, parent: jdk.internal.loader.ClassLoaders$AppClassLoader@55054057]
[DEBUG] Configuring mojo 'org.apache.maven.plugins:maven-surefire-plugin:2.22.2:test' with basic configurator -->
[DEBUG]   (s) additionalClasspathElements = []
[DEBUG]   (s) basedir = /home/workspace/20210531-CICD1_2-CodePull
[DEBUG]   (s) childDelegation = false
[DEBUG]   (s) classesDirectory = /home/workspace/20210531-CICD1_2-CodePull/target/classes
[DEBUG]   (s) classpathDependencyExcludes = []
[DEBUG]   (s) dependenciesToScan = []
[DEBUG]   (s) disableXmlReport = false
[DEBUG]   (s) enableAssertions = true
[DEBUG]   (s) encoding = UTF-8
[DEBUG]   (f) forkCount = 1
[DEBUG]   (s) forkMode = once
[DEBUG]   (s) forkedProcessExitTimeoutInSeconds = 30
[DEBUG]   (s) includes = [*SeleniumTest.java]
[DEBUG]   (s) junitArtifactName = junit:junit
[DEBUG]   (s) junitPlatformArtifactName = org.junit.platform:junit-platform-engine
[DEBUG]   (s) localRepository =       id: local
      url: file:///root/.m2/repository/
   layout: default
snapshots: [enabled => true, update => always]
 releases: [enabled => true, update => always]
   blocked: false

[DEBUG]   (f) parallelMavenExecution = false
[DEBUG]   (s) parallelOptimized = true
[DEBUG]   (s) perCoreThreadCount = true
[DEBUG]   (s) pluginArtifactMap = {org.apache.maven.plugins:maven-surefire-plugin=org.apache.maven.plugins:maven-surefire-plugin:maven-plugin:2.22.2:, org.apache.maven.surefire:maven-surefire-common=org.apache.maven.surefire:maven-surefire-common:jar:2.22.2:compile, org.apache.maven:maven-plugin-api=org.apache.maven:maven-plugin-api:jar:2.2.1:compile, org.apache.maven.plugin-tools:maven-plugin-annotations=org.apache.maven.plugin-tools:maven-plugin-annotations:jar:3.5.2:compile, org.apache.maven.surefire:surefire-api=org.apache.maven.surefire:surefire-api:jar:2.22.2:compile, org.apache.maven.surefire:surefire-logger-api=org.apache.maven.surefire:surefire-logger-api:jar:2.22.2:compile, org.apache.maven.surefire:surefire-booter=org.apache.maven.surefire:surefire-booter:jar:2.22.2:compile, org.apache.maven:maven-artifact=org.apache.maven:maven-artifact:jar:2.2.1:compile, org.codehaus.plexus:plexus-utils=org.codehaus.plexus:plexus-utils:jar:1.5.15:compile, org.apache.maven:maven-plugin-descriptor=org.apache.maven:maven-plugin-descriptor:jar:2.2.1:compile, org.codehaus.plexus:plexus-container-default=org.codehaus.plexus:plexus-container-default:jar:1.0-alpha-9-stable-1:compile, junit:junit=junit:junit:jar:4.12:compile, org.hamcrest:hamcrest-core=org.hamcrest:hamcrest-core:jar:1.3:compile, org.apache.maven:maven-project=org.apache.maven:maven-project:jar:2.2.1:compile, org.apache.maven:maven-settings=org.apache.maven:maven-settings:jar:2.2.1:compile, org.apache.maven:maven-profile=org.apache.maven:maven-profile:jar:2.2.1:compile, org.apache.maven:maven-artifact-manager=org.apache.maven:maven-artifact-manager:jar:2.2.1:compile, backport-util-concurrent:backport-util-concurrent=backport-util-concurrent:backport-util-concurrent:jar:3.1:compile, org.apache.maven:maven-plugin-registry=org.apache.maven:maven-plugin-registry:jar:2.2.1:compile, org.codehaus.plexus:plexus-interpolation=org.codehaus.plexus:plexus-interpolation:jar:1.11:compile, org.apache.maven:maven-model=org.apache.maven:maven-model:jar:2.2.1:compile, org.apache.maven:maven-core=org.apache.maven:maven-core:jar:2.2.1:compile, org.apache.maven:maven-plugin-parameter-documenter=org.apache.maven:maven-plugin-parameter-documenter:jar:2.2.1:compile, org.slf4j:slf4j-jdk14=org.slf4j:slf4j-jdk14:jar:1.5.6:runtime, org.slf4j:slf4j-api=org.slf4j:slf4j-api:jar:1.5.6:runtime, org.slf4j:jcl-over-slf4j=org.slf4j:jcl-over-slf4j:jar:1.5.6:runtime, org.apache.maven.reporting:maven-reporting-api=org.apache.maven.reporting:maven-reporting-api:jar:3.0:compile, org.apache.maven:maven-repository-metadata=org.apache.maven:maven-repository-metadata:jar:2.2.1:compile, org.apache.maven:maven-error-diagnostics=org.apache.maven:maven-error-diagnostics:jar:2.2.1:compile, org.apache.maven:maven-monitor=org.apache.maven:maven-monitor:jar:2.2.1:compile, classworlds:classworlds=classworlds:classworlds:jar:1.1:compile, org.sonatype.plexus:plexus-sec-dispatcher=org.sonatype.plexus:plexus-sec-dispatcher:jar:1.3:compile, org.sonatype.plexus:plexus-cipher=org.sonatype.plexus:plexus-cipher:jar:1.4:compile, org.apache.maven:maven-toolchain=org.apache.maven:maven-toolchain:jar:2.2.1:compile, org.codehaus.plexus:plexus-java=org.codehaus.plexus:plexus-java:jar:0.9.10:compile, org.ow2.asm:asm=org.ow2.asm:asm:jar:6.2:compile, com.thoughtworks.qdox:qdox=com.thoughtworks.qdox:qdox:jar:2.0-M8:compile}
[DEBUG]   (f) pluginDescriptor = Component Descriptor: role: 'org.apache.maven.plugin.Mojo', implementation: 'org.apache.maven.plugin.surefire.HelpMojo', role hint: 'org.apache.maven.plugins:maven-surefire-plugin:2.22.2:help'
role: 'org.apache.maven.plugin.Mojo', implementation: 'org.apache.maven.plugin.surefire.SurefirePlugin', role hint: 'org.apache.maven.plugins:maven-surefire-plugin:2.22.2:test'
---
[DEBUG]   (s) printSummary = true
[DEBUG]   (s) projectArtifactMap = {org.springframework.boot:spring-boot-starter-thymeleaf=org.springframework.boot:spring-boot-starter-thymeleaf:jar:2.2.4.RELEASE:compile, org.springframework.boot:spring-boot-starter=org.springframework.boot:spring-boot-starter:jar:2.2.4.RELEASE:compile, org.springframework.boot:spring-boot=org.springframework.boot:spring-boot:jar:2.2.4.RELEASE:compile, org.springframework.boot:spring-boot-autoconfigure=org.springframework.boot:spring-boot-autoconfigure:jar:2.2.4.RELEASE:compile, org.springframework.boot:spring-boot-starter-logging=org.springframework.boot:spring-boot-starter-logging:jar:2.2.4.RELEASE:compile, ch.qos.logback:logback-classic=ch.qos.logback:logback-classic:jar:1.2.3:compile, ch.qos.logback:logback-core=ch.qos.logback:logback-core:jar:1.2.3:compile, org.apache.logging.log4j:log4j-to-slf4j=org.apache.logging.log4j:log4j-to-slf4j:jar:2.12.1:compile, org.apache.logging.log4j:log4j-api=org.apache.logging.log4j:log4j-api:jar:2.12.1:compile, org.slf4j:jul-to-slf4j=org.slf4j:jul-to-slf4j:jar:1.7.30:compile, jakarta.annotation:jakarta.annotation-api=jakarta.annotation:jakarta.annotation-api:jar:1.3.5:compile, org.yaml:snakeyaml=org.yaml:snakeyaml:jar:1.25:runtime, org.thymeleaf:thymeleaf-spring5=org.thymeleaf:thymeleaf-spring5:jar:3.0.11.RELEASE:compile, org.thymeleaf:thymeleaf=org.thymeleaf:thymeleaf:jar:3.0.11.RELEASE:compile, org.attoparser:attoparser=org.attoparser:attoparser:jar:2.0.5.RELEASE:compile, org.unbescape:unbescape=org.unbescape:unbescape:jar:1.1.6.RELEASE:compile, org.slf4j:slf4j-api=org.slf4j:slf4j-api:jar:1.7.30:compile, org.thymeleaf.extras:thymeleaf-extras-java8time=org.thymeleaf.extras:thymeleaf-extras-java8time:jar:3.0.4.RELEASE:compile, org.springframework.boot:spring-boot-starter-web=org.springframework.boot:spring-boot-starter-web:jar:2.2.4.RELEASE:compile, org.springframework.boot:spring-boot-starter-json=org.springframework.boot:spring-boot-starter-json:jar:2.2.4.RELEASE:compile, com.fasterxml.jackson.core:jackson-databind=com.fasterxml.jackson.core:jackson-databind:jar:2.10.2:compile, com.fasterxml.jackson.core:jackson-annotations=com.fasterxml.jackson.core:jackson-annotations:jar:2.10.2:compile, com.fasterxml.jackson.core:jackson-core=com.fasterxml.jackson.core:jackson-core:jar:2.10.2:compile, com.fasterxml.jackson.datatype:jackson-datatype-jdk8=com.fasterxml.jackson.datatype:jackson-datatype-jdk8:jar:2.10.2:compile, com.fasterxml.jackson.datatype:jackson-datatype-jsr310=com.fasterxml.jackson.datatype:jackson-datatype-jsr310:jar:2.10.2:compile, com.fasterxml.jackson.module:jackson-module-parameter-names=com.fasterxml.jackson.module:jackson-module-parameter-names:jar:2.10.2:compile, org.springframework.boot:spring-boot-starter-tomcat=org.springframework.boot:spring-boot-starter-tomcat:jar:2.2.4.RELEASE:compile, org.apache.tomcat.embed:tomcat-embed-core=org.apache.tomcat.embed:tomcat-embed-core:jar:9.0.30:compile, org.apache.tomcat.embed:tomcat-embed-el=org.apache.tomcat.embed:tomcat-embed-el:jar:9.0.30:compile, org.apache.tomcat.embed:tomcat-embed-websocket=org.apache.tomcat.embed:tomcat-embed-websocket:jar:9.0.30:compile, org.springframework.boot:spring-boot-starter-validation=org.springframework.boot:spring-boot-starter-validation:jar:2.2.4.RELEASE:compile, jakarta.validation:jakarta.validation-api=jakarta.validation:jakarta.validation-api:jar:2.0.2:compile, org.hibernate.validator:hibernate-validator=org.hibernate.validator:hibernate-validator:jar:6.0.18.Final:compile, org.jboss.logging:jboss-logging=org.jboss.logging:jboss-logging:jar:3.4.1.Final:compile, com.fasterxml:classmate=com.fasterxml:classmate:jar:1.5.1:compile, org.springframework:spring-web=org.springframework:spring-web:jar:5.2.3.RELEASE:compile, org.springframework:spring-beans=org.springframework:spring-beans:jar:5.2.3.RELEASE:compile, org.springframework:spring-webmvc=org.springframework:spring-webmvc:jar:5.2.3.RELEASE:compile, org.springframework:spring-aop=org.springframework:spring-aop:jar:5.2.3.RELEASE:compile, org.springframework:spring-context=org.springframework:spring-context:jar:5.2.3.RELEASE:compile, org.springframework:spring-expression=org.springframework:spring-expression:jar:5.2.3.RELEASE:compile, junit:junit=junit:junit:jar:4.12:test, org.hamcrest:hamcrest-core=org.hamcrest:hamcrest-core:jar:2.1:test, org.springframework.boot:spring-boot-starter-test=org.springframework.boot:spring-boot-starter-test:jar:2.2.4.RELEASE:test, org.springframework.boot:spring-boot-test=org.springframework.boot:spring-boot-test:jar:2.2.4.RELEASE:test, org.springframework.boot:spring-boot-test-autoconfigure=org.springframework.boot:spring-boot-test-autoconfigure:jar:2.2.4.RELEASE:test, com.jayway.jsonpath:json-path=com.jayway.jsonpath:json-path:jar:2.4.0:test, net.minidev:json-smart=net.minidev:json-smart:jar:2.3:test, net.minidev:accessors-smart=net.minidev:accessors-smart:jar:1.2:test, org.ow2.asm:asm=org.ow2.asm:asm:jar:5.0.4:test, jakarta.xml.bind:jakarta.xml.bind-api=jakarta.xml.bind:jakarta.xml.bind-api:jar:2.3.2:test, jakarta.activation:jakarta.activation-api=jakarta.activation:jakarta.activation-api:jar:1.2.1:test, org.junit.jupiter:junit-jupiter=org.junit.jupiter:junit-jupiter:jar:5.5.2:test, org.junit.jupiter:junit-jupiter-api=org.junit.jupiter:junit-jupiter-api:jar:5.5.2:test, org.apiguardian:apiguardian-api=org.apiguardian:apiguardian-api:jar:1.1.0:test, org.opentest4j:opentest4j=org.opentest4j:opentest4j:jar:1.2.0:test, org.junit.platform:junit-platform-commons=org.junit.platform:junit-platform-commons:jar:1.5.2:test, org.junit.jupiter:junit-jupiter-params=org.junit.jupiter:junit-jupiter-params:jar:5.5.2:test, org.junit.jupiter:junit-jupiter-engine=org.junit.jupiter:junit-jupiter-engine:jar:5.5.2:test, org.junit.platform:junit-platform-engine=org.junit.platform:junit-platform-engine:jar:1.5.2:test, org.mockito:mockito-junit-jupiter=org.mockito:mockito-junit-jupiter:jar:3.1.0:test, org.assertj:assertj-core=org.assertj:assertj-core:jar:3.13.2:test, org.hamcrest:hamcrest=org.hamcrest:hamcrest:jar:2.1:test, org.mockito:mockito-core=org.mockito:mockito-core:jar:3.1.0:test, net.bytebuddy:byte-buddy-agent=net.bytebuddy:byte-buddy-agent:jar:1.10.6:test, org.objenesis:objenesis=org.objenesis:objenesis:jar:2.6:test, org.skyscreamer:jsonassert=org.skyscreamer:jsonassert:jar:1.5.0:test, com.vaadin.external.google:android-json=com.vaadin.external.google:android-json:jar:0.0.20131108.vaadin1:test, org.springframework:spring-core=org.springframework:spring-core:jar:5.2.3.RELEASE:compile, org.springframework:spring-jcl=org.springframework:spring-jcl:jar:5.2.3.RELEASE:compile, org.springframework:spring-test=org.springframework:spring-test:jar:5.2.3.RELEASE:test, org.xmlunit:xmlunit-core=org.xmlunit:xmlunit-core:jar:2.6.3:test, org.seleniumhq.selenium:selenium-java=org.seleniumhq.selenium:selenium-java:jar:3.141.59:compile, org.seleniumhq.selenium:selenium-api=org.seleniumhq.selenium:selenium-api:jar:3.141.59:compile, org.seleniumhq.selenium:selenium-chrome-driver=org.seleniumhq.selenium:selenium-chrome-driver:jar:3.141.59:compile, org.seleniumhq.selenium:selenium-edge-driver=org.seleniumhq.selenium:selenium-edge-driver:jar:3.141.59:compile, org.seleniumhq.selenium:selenium-firefox-driver=org.seleniumhq.selenium:selenium-firefox-driver:jar:3.141.59:compile, org.seleniumhq.selenium:selenium-ie-driver=org.seleniumhq.selenium:selenium-ie-driver:jar:3.141.59:compile, org.seleniumhq.selenium:selenium-opera-driver=org.seleniumhq.selenium:selenium-opera-driver:jar:3.141.59:compile, org.seleniumhq.selenium:selenium-remote-driver=org.seleniumhq.selenium:selenium-remote-driver:jar:3.141.59:compile, org.seleniumhq.selenium:selenium-safari-driver=org.seleniumhq.selenium:selenium-safari-driver:jar:3.141.59:compile, org.seleniumhq.selenium:selenium-support=org.seleniumhq.selenium:selenium-support:jar:3.141.59:compile, net.bytebuddy:byte-buddy=net.bytebuddy:byte-buddy:jar:1.10.6:compile, org.apache.commons:commons-exec=org.apache.commons:commons-exec:jar:1.3:compile, com.google.guava:guava=com.google.guava:guava:jar:25.0-jre:compile, com.google.code.findbugs:jsr305=com.google.code.findbugs:jsr305:jar:1.3.9:compile, org.checkerframework:checker-compat-qual=org.checkerframework:checker-compat-qual:jar:2.0.0:compile, com.google.errorprone:error_prone_annotations=com.google.errorprone:error_prone_annotations:jar:2.1.3:compile, com.google.j2objc:j2objc-annotations=com.google.j2objc:j2objc-annotations:jar:1.1:compile, org.codehaus.mojo:animal-sniffer-annotations=org.codehaus.mojo:animal-sniffer-annotations:jar:1.14:compile, com.squareup.okhttp3:okhttp=com.squareup.okhttp3:okhttp:jar:3.14.6:compile, com.squareup.okio:okio=com.squareup.okio:okio:jar:1.14.0:compile}
[DEBUG]   (s) projectBuildDirectory = /home/workspace/20210531-CICD1_2-CodePull/target
[DEBUG]   (s) redirectTestOutputToFile = false
[DEBUG]   (s) remoteRepositories = [      id: central
      url: https://repo.maven.apache.org/maven2
   layout: default
snapshots: [enabled => false, update => daily]
 releases: [enabled => true, update => never]
   blocked: false
]
[DEBUG]   (s) reportFormat = brief
[DEBUG]   (s) reportsDirectory = /home/workspace/20210531-CICD1_2-CodePull/target/surefire-reports
[DEBUG]   (f) rerunFailingTestsCount = 0
[DEBUG]   (f) reuseForks = true
[DEBUG]   (s) runOrder = filesystem
[DEBUG]   (f) shutdown = testset
[DEBUG]   (s) skip = false
[DEBUG]   (f) skipAfterFailureCount = 0
[DEBUG]   (s) skipTests = false
[DEBUG]   (s) suiteXmlFiles = []
[DEBUG]   (s) tempDir = surefire
[DEBUG]   (s) testClassesDirectory = /home/workspace/20210531-CICD1_2-CodePull/target/test-classes
[DEBUG]   (s) testFailureIgnore = false
[DEBUG]   (s) testNGArtifactName = org.testng:testng
[DEBUG]   (s) testSourceDirectory = /home/workspace/20210531-CICD1_2-CodePull/src/test/java
[DEBUG]   (s) threadCountClasses = 0
[DEBUG]   (s) threadCountMethods = 0
[DEBUG]   (s) threadCountSuites = 0
[DEBUG]   (s) trimStackTrace = true
[DEBUG]   (s) useFile = true
[DEBUG]   (s) useManifestOnlyJar = true
[DEBUG]   (s) useSystemClassLoader = true
[DEBUG]   (s) useUnlimitedThreads = false
[DEBUG]   (s) workingDirectory = /home/workspace/20210531-CICD1_2-CodePull
[DEBUG]   (s) project = MavenProject: pl.pandait:panda:0.0.1 @ /home/workspace/20210531-CICD1_2-CodePull/pom.xml
[DEBUG]   (s) session = org.apache.maven.execution.MavenSession@6a0ac48e
[DEBUG] -- end configuration --
[DEBUG] Surefire report directory: /home/workspace/20210531-CICD1_2-CodePull/target/surefire-reports
[DEBUG] Setting system property [basedir]=[/home/workspace/20210531-CICD1_2-CodePull]
[DEBUG] Setting system property [user.dir]=[/home/workspace/20210531-CICD1_2-CodePull]
[DEBUG] Setting system property [localRepository]=[/root/.m2/repository]
[DEBUG] dummy:dummy:jar:1.0 (selected for null)
[DEBUG]   org.apache.maven.surefire:surefire-booter:jar:2.22.2:compile (selected for compile)
[DEBUG]     org.apache.maven.surefire:surefire-api:jar:2.22.2:compile (selected for compile)
[DEBUG]       org.apache.maven.surefire:surefire-logger-api:jar:2.22.2:compile (selected for compile)
[DEBUG] Adding to surefire booter test classpath: /root/.m2/repository/org/apache/maven/surefire/surefire-booter/2.22.2/surefire-booter-2.22.2.jar Scope: compile
[DEBUG] Adding to surefire booter test classpath: /root/.m2/repository/org/apache/maven/surefire/surefire-api/2.22.2/surefire-api-2.22.2.jar Scope: compile
[DEBUG] Adding to surefire booter test classpath: /root/.m2/repository/org/apache/maven/surefire/surefire-logger-api/2.22.2/surefire-logger-api-2.22.2.jar Scope: compile
[DEBUG] Using JVM: /usr/lib/jvm/java-11-openjdk-amd64/bin/java with Java version 11
[DEBUG] dummy:dummy:jar:1.0 (selected for null)
[DEBUG]   org.apache.maven.surefire:surefire-junit-platform:jar:2.22.2:test (selected for test)
[DEBUG]     org.junit.platform:junit-platform-launcher:jar:1.3.1:test (selected for test)
[DEBUG]       org.apiguardian:apiguardian-api:jar:1.0.0:test (selected for test)
[DEBUG]       org.junit.platform:junit-platform-engine:jar:1.3.1:test (selected for test)
[DEBUG]         org.junit.platform:junit-platform-commons:jar:1.3.1:test (selected for test)
[DEBUG]         org.opentest4j:opentest4j:jar:1.1.1:test (selected for test)
[DEBUG]     org.apache.maven.surefire:surefire-api:jar:2.22.2:test (selected for test)
[DEBUG]       org.apache.maven.surefire:surefire-logger-api:jar:2.22.2:test (selected for test)
[DEBUG] Adding to surefire test classpath: /root/.m2/repository/org/apache/maven/surefire/surefire-junit-platform/2.22.2/surefire-junit-platform-2.22.2.jar Scope: test
[DEBUG] Adding to surefire test classpath: /root/.m2/repository/org/junit/platform/junit-platform-launcher/1.3.1/junit-platform-launcher-1.3.1.jar Scope: test
[DEBUG] Adding to surefire test classpath: /root/.m2/repository/org/apiguardian/apiguardian-api/1.0.0/apiguardian-api-1.0.0.jar Scope: test
[DEBUG] Adding to surefire test classpath: /root/.m2/repository/org/junit/platform/junit-platform-engine/1.3.1/junit-platform-engine-1.3.1.jar Scope: test
[DEBUG] Adding to surefire test classpath: /root/.m2/repository/org/junit/platform/junit-platform-commons/1.3.1/junit-platform-commons-1.3.1.jar Scope: test
[DEBUG] Adding to surefire test classpath: /root/.m2/repository/org/opentest4j/opentest4j/1.1.1/opentest4j-1.1.1.jar Scope: test
[DEBUG] Adding to surefire test classpath: /root/.m2/repository/org/apache/maven/surefire/surefire-api/2.22.2/surefire-api-2.22.2.jar Scope: test
[DEBUG] Adding to surefire test classpath: /root/.m2/repository/org/apache/maven/surefire/surefire-logger-api/2.22.2/surefire-logger-api-2.22.2.jar Scope: test
[DEBUG] Removed artifact org.apiguardian:apiguardian-api:jar:1.0.0:test from provider. Already appears in test classpath.
[DEBUG] Removed artifact org.opentest4j:opentest4j:jar:1.1.1:test from provider. Already appears in test classpath.
[DEBUG] Removed artifact org.junit.platform:junit-platform-commons:jar:1.3.1:test from provider. Already appears in test classpath.
[DEBUG] Removed artifact org.junit.platform:junit-platform-engine:jar:1.3.1:test from provider. Already appears in test classpath.
[DEBUG] test classpath:  /home/workspace/20210531-CICD1_2-CodePull/target/test-classes  /home/workspace/20210531-CICD1_2-CodePull/target/classes  /root/.m2/repository/org/springframework/boot/spring-boot-starter-thymeleaf/2.2.4.RELEASE/spring-boot-starter-thymeleaf-2.2.4.RELEASE.jar  /root/.m2/repository/org/springframework/boot/spring-boot-starter/2.2.4.RELEASE/spring-boot-starter-2.2.4.RELEASE.jar  /root/.m2/repository/org/springframework/boot/spring-boot/2.2.4.RELEASE/spring-boot-2.2.4.RELEASE.jar  /root/.m2/repository/org/springframework/boot/spring-boot-autoconfigure/2.2.4.RELEASE/spring-boot-autoconfigure-2.2.4.RELEASE.jar  /root/.m2/repository/org/springframework/boot/spring-boot-starter-logging/2.2.4.RELEASE/spring-boot-starter-logging-2.2.4.RELEASE.jar  /root/.m2/repository/ch/qos/logback/logback-classic/1.2.3/logback-classic-1.2.3.jar  /root/.m2/repository/ch/qos/logback/logback-core/1.2.3/logback-core-1.2.3.jar  /root/.m2/repository/org/apache/logging/log4j/log4j-to-slf4j/2.12.1/log4j-to-slf4j-2.12.1.jar  /root/.m2/repository/org/apache/logging/log4j/log4j-api/2.12.1/log4j-api-2.12.1.jar  /root/.m2/repository/org/slf4j/jul-to-slf4j/1.7.30/jul-to-slf4j-1.7.30.jar  /root/.m2/repository/jakarta/annotation/jakarta.annotation-api/1.3.5/jakarta.annotation-api-1.3.5.jar  /root/.m2/repository/org/yaml/snakeyaml/1.25/snakeyaml-1.25.jar  /root/.m2/repository/org/thymeleaf/thymeleaf-spring5/3.0.11.RELEASE/thymeleaf-spring5-3.0.11.RELEASE.jar  /root/.m2/repository/org/thymeleaf/thymeleaf/3.0.11.RELEASE/thymeleaf-3.0.11.RELEASE.jar  /root/.m2/repository/org/attoparser/attoparser/2.0.5.RELEASE/attoparser-2.0.5.RELEASE.jar  /root/.m2/repository/org/unbescape/unbescape/1.1.6.RELEASE/unbescape-1.1.6.RELEASE.jar  /root/.m2/repository/org/slf4j/slf4j-api/1.7.30/slf4j-api-1.7.30.jar  /root/.m2/repository/org/thymeleaf/extras/thymeleaf-extras-java8time/3.0.4.RELEASE/thymeleaf-extras-java8time-3.0.4.RELEASE.jar  /root/.m2/repository/org/springframework/boot/spring-boot-starter-web/2.2.4.RELEASE/spring-boot-starter-web-2.2.4.RELEASE.jar  /root/.m2/repository/org/springframework/boot/spring-boot-starter-json/2.2.4.RELEASE/spring-boot-starter-json-2.2.4.RELEASE.jar  /root/.m2/repository/com/fasterxml/jackson/core/jackson-databind/2.10.2/jackson-databind-2.10.2.jar  /root/.m2/repository/com/fasterxml/jackson/core/jackson-annotations/2.10.2/jackson-annotations-2.10.2.jar  /root/.m2/repository/com/fasterxml/jackson/core/jackson-core/2.10.2/jackson-core-2.10.2.jar  /root/.m2/repository/com/fasterxml/jackson/datatype/jackson-datatype-jdk8/2.10.2/jackson-datatype-jdk8-2.10.2.jar  /root/.m2/repository/com/fasterxml/jackson/datatype/jackson-datatype-jsr310/2.10.2/jackson-datatype-jsr310-2.10.2.jar  /root/.m2/repository/com/fasterxml/jackson/module/jackson-module-parameter-names/2.10.2/jackson-module-parameter-names-2.10.2.jar  /root/.m2/repository/org/springframework/boot/spring-boot-starter-tomcat/2.2.4.RELEASE/spring-boot-starter-tomcat-2.2.4.RELEASE.jar  /root/.m2/repository/org/apache/tomcat/embed/tomcat-embed-core/9.0.30/tomcat-embed-core-9.0.30.jar  /root/.m2/repository/org/apache/tomcat/embed/tomcat-embed-el/9.0.30/tomcat-embed-el-9.0.30.jar  /root/.m2/repository/org/apache/tomcat/embed/tomcat-embed-websocket/9.0.30/tomcat-embed-websocket-9.0.30.jar  /root/.m2/repository/org/springframework/boot/spring-boot-starter-validation/2.2.4.RELEASE/spring-boot-starter-validation-2.2.4.RELEASE.jar  /root/.m2/repository/jakarta/validation/jakarta.validation-api/2.0.2/jakarta.validation-api-2.0.2.jar  /root/.m2/repository/org/hibernate/validator/hibernate-validator/6.0.18.Final/hibernate-validator-6.0.18.Final.jar  /root/.m2/repository/org/jboss/logging/jboss-logging/3.4.1.Final/jboss-logging-3.4.1.Final.jar  /root/.m2/repository/com/fasterxml/classmate/1.5.1/classmate-1.5.1.jar  /root/.m2/repository/org/springframework/spring-web/5.2.3.RELEASE/spring-web-5.2.3.RELEASE.jar  /root/.m2/repository/org/springframework/spring-beans/5.2.3.RELEASE/spring-beans-5.2.3.RELEASE.jar  /root/.m2/repository/org/springframework/spring-webmvc/5.2.3.RELEASE/spring-webmvc-5.2.3.RELEASE.jar  /root/.m2/repository/org/springframework/spring-aop/5.2.3.RELEASE/spring-aop-5.2.3.RELEASE.jar  /root/.m2/repository/org/springframework/spring-context/5.2.3.RELEASE/spring-context-5.2.3.RELEASE.jar  /root/.m2/repository/org/springframework/spring-expression/5.2.3.RELEASE/spring-expression-5.2.3.RELEASE.jar  /root/.m2/repository/junit/junit/4.12/junit-4.12.jar  /root/.m2/repository/org/hamcrest/hamcrest-core/2.1/hamcrest-core-2.1.jar  /root/.m2/repository/org/springframework/boot/spring-boot-starter-test/2.2.4.RELEASE/spring-boot-starter-test-2.2.4.RELEASE.jar  /root/.m2/repository/org/springframework/boot/spring-boot-test/2.2.4.RELEASE/spring-boot-test-2.2.4.RELEASE.jar  /root/.m2/repository/org/springframework/boot/spring-boot-test-autoconfigure/2.2.4.RELEASE/spring-boot-test-autoconfigure-2.2.4.RELEASE.jar  /root/.m2/repository/com/jayway/jsonpath/json-path/2.4.0/json-path-2.4.0.jar  /root/.m2/repository/net/minidev/json-smart/2.3/json-smart-2.3.jar  /root/.m2/repository/net/minidev/accessors-smart/1.2/accessors-smart-1.2.jar  /root/.m2/repository/org/ow2/asm/asm/5.0.4/asm-5.0.4.jar  /root/.m2/repository/jakarta/xml/bind/jakarta.xml.bind-api/2.3.2/jakarta.xml.bind-api-2.3.2.jar  /root/.m2/repository/jakarta/activation/jakarta.activation-api/1.2.1/jakarta.activation-api-1.2.1.jar  /root/.m2/repository/org/junit/jupiter/junit-jupiter/5.5.2/junit-jupiter-5.5.2.jar  /root/.m2/repository/org/junit/jupiter/junit-jupiter-api/5.5.2/junit-jupiter-api-5.5.2.jar  /root/.m2/repository/org/apiguardian/apiguardian-api/1.1.0/apiguardian-api-1.1.0.jar  /root/.m2/repository/org/opentest4j/opentest4j/1.2.0/opentest4j-1.2.0.jar  /root/.m2/repository/org/junit/platform/junit-platform-commons/1.5.2/junit-platform-commons-1.5.2.jar  /root/.m2/repository/org/junit/jupiter/junit-jupiter-params/5.5.2/junit-jupiter-params-5.5.2.jar  /root/.m2/repository/org/junit/jupiter/junit-jupiter-engine/5.5.2/junit-jupiter-engine-5.5.2.jar  /root/.m2/repository/org/junit/platform/junit-platform-engine/1.5.2/junit-platform-engine-1.5.2.jar  /root/.m2/repository/org/mockito/mockito-junit-jupiter/3.1.0/mockito-junit-jupiter-3.1.0.jar  /root/.m2/repository/org/assertj/assertj-core/3.13.2/assertj-core-3.13.2.jar  /root/.m2/repository/org/hamcrest/hamcrest/2.1/hamcrest-2.1.jar  /root/.m2/repository/org/mockito/mockito-core/3.1.0/mockito-core-3.1.0.jar  /root/.m2/repository/net/bytebuddy/byte-buddy-agent/1.10.6/byte-buddy-agent-1.10.6.jar  /root/.m2/repository/org/objenesis/objenesis/2.6/objenesis-2.6.jar  /root/.m2/repository/org/skyscreamer/jsonassert/1.5.0/jsonassert-1.5.0.jar  /root/.m2/repository/com/vaadin/external/google/android-json/0.0.20131108.vaadin1/android-json-0.0.20131108.vaadin1.jar  /root/.m2/repository/org/springframework/spring-core/5.2.3.RELEASE/spring-core-5.2.3.RELEASE.jar  /root/.m2/repository/org/springframework/spring-jcl/5.2.3.RELEASE/spring-jcl-5.2.3.RELEASE.jar  /root/.m2/repository/org/springframework/spring-test/5.2.3.RELEASE/spring-test-5.2.3.RELEASE.jar  /root/.m2/repository/org/xmlunit/xmlunit-core/2.6.3/xmlunit-core-2.6.3.jar  /root/.m2/repository/org/seleniumhq/selenium/selenium-java/3.141.59/selenium-java-3.141.59.jar  /root/.m2/repository/org/seleniumhq/selenium/selenium-api/3.141.59/selenium-api-3.141.59.jar  /root/.m2/repository/org/seleniumhq/selenium/selenium-chrome-driver/3.141.59/selenium-chrome-driver-3.141.59.jar  /root/.m2/repository/org/seleniumhq/selenium/selenium-edge-driver/3.141.59/selenium-edge-driver-3.141.59.jar  /root/.m2/repository/org/seleniumhq/selenium/selenium-firefox-driver/3.141.59/selenium-firefox-driver-3.141.59.jar  /root/.m2/repository/org/seleniumhq/selenium/selenium-ie-driver/3.141.59/selenium-ie-driver-3.141.59.jar  /root/.m2/repository/org/seleniumhq/selenium/selenium-opera-driver/3.141.59/selenium-opera-driver-3.141.59.jar  /root/.m2/repository/org/seleniumhq/selenium/selenium-remote-driver/3.141.59/selenium-remote-driver-3.141.59.jar  /root/.m2/repository/org/seleniumhq/selenium/selenium-safari-driver/3.141.59/selenium-safari-driver-3.141.59.jar  /root/.m2/repository/org/seleniumhq/selenium/selenium-support/3.141.59/selenium-support-3.141.59.jar  /root/.m2/repository/net/bytebuddy/byte-buddy/1.10.6/byte-buddy-1.10.6.jar  /root/.m2/repository/org/apache/commons/commons-exec/1.3/commons-exec-1.3.jar  /root/.m2/repository/com/google/guava/guava/25.0-jre/guava-25.0-jre.jar  /root/.m2/repository/com/google/code/findbugs/jsr305/1.3.9/jsr305-1.3.9.jar  /root/.m2/repository/org/checkerframework/checker-compat-qual/2.0.0/checker-compat-qual-2.0.0.jar  /root/.m2/repository/com/google/errorprone/error_prone_annotations/2.1.3/error_prone_annotations-2.1.3.jar  /root/.m2/repository/com/google/j2objc/j2objc-annotations/1.1/j2objc-annotations-1.1.jar  /root/.m2/repository/org/codehaus/mojo/animal-sniffer-annotations/1.14/animal-sniffer-annotations-1.14.jar  /root/.m2/repository/com/squareup/okhttp3/okhttp/3.14.6/okhttp-3.14.6.jar  /root/.m2/repository/com/squareup/okio/okio/1.14.0/okio-1.14.0.jar
[DEBUG] provider classpath:  /root/.m2/repository/org/apache/maven/surefire/surefire-junit-platform/2.22.2/surefire-junit-platform-2.22.2.jar  /root/.m2/repository/org/junit/platform/junit-platform-launcher/1.3.1/junit-platform-launcher-1.3.1.jar  /root/.m2/repository/org/apache/maven/surefire/surefire-api/2.22.2/surefire-api-2.22.2.jar  /root/.m2/repository/org/apache/maven/surefire/surefire-logger-api/2.22.2/surefire-logger-api-2.22.2.jar
[DEBUG] test(compact) classpath:  test-classes  classes  spring-boot-starter-thymeleaf-2.2.4.RELEASE.jar  spring-boot-starter-2.2.4.RELEASE.jar  spring-boot-2.2.4.RELEASE.jar  spring-boot-autoconfigure-2.2.4.RELEASE.jar  spring-boot-starter-logging-2.2.4.RELEASE.jar  logback-classic-1.2.3.jar  logback-core-1.2.3.jar  log4j-to-slf4j-2.12.1.jar  log4j-api-2.12.1.jar  jul-to-slf4j-1.7.30.jar  jakarta.annotation-api-1.3.5.jar  snakeyaml-1.25.jar  thymeleaf-spring5-3.0.11.RELEASE.jar  thymeleaf-3.0.11.RELEASE.jar  attoparser-2.0.5.RELEASE.jar  unbescape-1.1.6.RELEASE.jar  slf4j-api-1.7.30.jar  thymeleaf-extras-java8time-3.0.4.RELEASE.jar  spring-boot-starter-web-2.2.4.RELEASE.jar  spring-boot-starter-json-2.2.4.RELEASE.jar  jackson-databind-2.10.2.jar  jackson-annotations-2.10.2.jar  jackson-core-2.10.2.jar  jackson-datatype-jdk8-2.10.2.jar  jackson-datatype-jsr310-2.10.2.jar  jackson-module-parameter-names-2.10.2.jar  spring-boot-starter-tomcat-2.2.4.RELEASE.jar  tomcat-embed-core-9.0.30.jar  tomcat-embed-el-9.0.30.jar  tomcat-embed-websocket-9.0.30.jar  spring-boot-starter-validation-2.2.4.RELEASE.jar  jakarta.validation-api-2.0.2.jar  hibernate-validator-6.0.18.Final.jar  jboss-logging-3.4.1.Final.jar  classmate-1.5.1.jar  spring-web-5.2.3.RELEASE.jar  spring-beans-5.2.3.RELEASE.jar  spring-webmvc-5.2.3.RELEASE.jar  spring-aop-5.2.3.RELEASE.jar  spring-context-5.2.3.RELEASE.jar  spring-expression-5.2.3.RELEASE.jar  junit-4.12.jar  hamcrest-core-2.1.jar  spring-boot-starter-test-2.2.4.RELEASE.jar  spring-boot-test-2.2.4.RELEASE.jar  spring-boot-test-autoconfigure-2.2.4.RELEASE.jar  json-path-2.4.0.jar  json-smart-2.3.jar  accessors-smart-1.2.jar  asm-5.0.4.jar  jakarta.xml.bind-api-2.3.2.jar  jakarta.activation-api-1.2.1.jar  junit-jupiter-5.5.2.jar  junit-jupiter-api-5.5.2.jar  apiguardian-api-1.1.0.jar  opentest4j-1.2.0.jar  junit-platform-commons-1.5.2.jar  junit-jupiter-params-5.5.2.jar  junit-jupiter-engine-5.5.2.jar  junit-platform-engine-1.5.2.jar  mockito-junit-jupiter-3.1.0.jar  assertj-core-3.13.2.jar  hamcrest-2.1.jar  mockito-core-3.1.0.jar  byte-buddy-agent-1.10.6.jar  objenesis-2.6.jar  jsonassert-1.5.0.jar  android-json-0.0.20131108.vaadin1.jar  spring-core-5.2.3.RELEASE.jar  spring-jcl-5.2.3.RELEASE.jar  spring-test-5.2.3.RELEASE.jar  xmlunit-core-2.6.3.jar  selenium-java-3.141.59.jar  selenium-api-3.141.59.jar  selenium-chrome-driver-3.141.59.jar  selenium-edge-driver-3.141.59.jar  selenium-firefox-driver-3.141.59.jar  selenium-ie-driver-3.141.59.jar  selenium-opera-driver-3.141.59.jar  selenium-remote-driver-3.141.59.jar  selenium-safari-driver-3.141.59.jar  selenium-support-3.141.59.jar  byte-buddy-1.10.6.jar  commons-exec-1.3.jar  guava-25.0-jre.jar  jsr305-1.3.9.jar  checker-compat-qual-2.0.0.jar  error_prone_annotations-2.1.3.jar  j2objc-annotations-1.1.jar  animal-sniffer-annotations-1.14.jar  okhttp-3.14.6.jar  okio-1.14.0.jar
[DEBUG] provider(compact) classpath:  surefire-junit-platform-2.22.2.jar  junit-platform-launcher-1.3.1.jar  surefire-api-2.22.2.jar  surefire-logger-api-2.22.2.jar
[DEBUG] in-process classpath:  /root/.m2/repository/org/apache/maven/surefire/surefire-junit-platform/2.22.2/surefire-junit-platform-2.22.2.jar  /root/.m2/repository/org/junit/platform/junit-platform-launcher/1.3.1/junit-platform-launcher-1.3.1.jar  /root/.m2/repository/org/apache/maven/surefire/surefire-api/2.22.2/surefire-api-2.22.2.jar  /root/.m2/repository/org/apache/maven/surefire/surefire-logger-api/2.22.2/surefire-logger-api-2.22.2.jar  /root/.m2/repository/org/apache/maven/surefire/maven-surefire-common/2.22.2/maven-surefire-common-2.22.2.jar
[DEBUG] in-process(compact) classpath:  surefire-junit-platform-2.22.2.jar  junit-platform-launcher-1.3.1.jar  surefire-api-2.22.2.jar  surefire-logger-api-2.22.2.jar  maven-surefire-common-2.22.2.jar
[INFO] 
[INFO] -------------------------------------------------------
[INFO]  T E S T S
[INFO] -------------------------------------------------------
[DEBUG] Determined Maven Process ID 613
[DEBUG] boot classpath:  /root/.m2/repository/org/apache/maven/surefire/surefire-booter/2.22.2/surefire-booter-2.22.2.jar  /root/.m2/repository/org/apache/maven/surefire/surefire-api/2.22.2/surefire-api-2.22.2.jar  /root/.m2/repository/org/apache/maven/surefire/surefire-logger-api/2.22.2/surefire-logger-api-2.22.2.jar  /home/workspace/20210531-CICD1_2-CodePull/target/test-classes  /home/workspace/20210531-CICD1_2-CodePull/target/classes  /root/.m2/repository/org/springframework/boot/spring-boot-starter-thymeleaf/2.2.4.RELEASE/spring-boot-starter-thymeleaf-2.2.4.RELEASE.jar  /root/.m2/repository/org/springframework/boot/spring-boot-starter/2.2.4.RELEASE/spring-boot-starter-2.2.4.RELEASE.jar  /root/.m2/repository/org/springframework/boot/spring-boot/2.2.4.RELEASE/spring-boot-2.2.4.RELEASE.jar  /root/.m2/repository/org/springframework/boot/spring-boot-autoconfigure/2.2.4.RELEASE/spring-boot-autoconfigure-2.2.4.RELEASE.jar  /root/.m2/repository/org/springframework/boot/spring-boot-starter-logging/2.2.4.RELEASE/spring-boot-starter-logging-2.2.4.RELEASE.jar  /root/.m2/repository/ch/qos/logback/logback-classic/1.2.3/logback-classic-1.2.3.jar  /root/.m2/repository/ch/qos/logback/logback-core/1.2.3/logback-core-1.2.3.jar  /root/.m2/repository/org/apache/logging/log4j/log4j-to-slf4j/2.12.1/log4j-to-slf4j-2.12.1.jar  /root/.m2/repository/org/apache/logging/log4j/log4j-api/2.12.1/log4j-api-2.12.1.jar  /root/.m2/repository/org/slf4j/jul-to-slf4j/1.7.30/jul-to-slf4j-1.7.30.jar  /root/.m2/repository/jakarta/annotation/jakarta.annotation-api/1.3.5/jakarta.annotation-api-1.3.5.jar  /root/.m2/repository/org/yaml/snakeyaml/1.25/snakeyaml-1.25.jar  /root/.m2/repository/org/thymeleaf/thymeleaf-spring5/3.0.11.RELEASE/thymeleaf-spring5-3.0.11.RELEASE.jar  /root/.m2/repository/org/thymeleaf/thymeleaf/3.0.11.RELEASE/thymeleaf-3.0.11.RELEASE.jar  /root/.m2/repository/org/attoparser/attoparser/2.0.5.RELEASE/attoparser-2.0.5.RELEASE.jar  /root/.m2/repository/org/unbescape/unbescape/1.1.6.RELEASE/unbescape-1.1.6.RELEASE.jar  /root/.m2/repository/org/slf4j/slf4j-api/1.7.30/slf4j-api-1.7.30.jar  /root/.m2/repository/org/thymeleaf/extras/thymeleaf-extras-java8time/3.0.4.RELEASE/thymeleaf-extras-java8time-3.0.4.RELEASE.jar  /root/.m2/repository/org/springframework/boot/spring-boot-starter-web/2.2.4.RELEASE/spring-boot-starter-web-2.2.4.RELEASE.jar  /root/.m2/repository/org/springframework/boot/spring-boot-starter-json/2.2.4.RELEASE/spring-boot-starter-json-2.2.4.RELEASE.jar  /root/.m2/repository/com/fasterxml/jackson/core/jackson-databind/2.10.2/jackson-databind-2.10.2.jar  /root/.m2/repository/com/fasterxml/jackson/core/jackson-annotations/2.10.2/jackson-annotations-2.10.2.jar  /root/.m2/repository/com/fasterxml/jackson/core/jackson-core/2.10.2/jackson-core-2.10.2.jar  /root/.m2/repository/com/fasterxml/jackson/datatype/jackson-datatype-jdk8/2.10.2/jackson-datatype-jdk8-2.10.2.jar  /root/.m2/repository/com/fasterxml/jackson/datatype/jackson-datatype-jsr310/2.10.2/jackson-datatype-jsr310-2.10.2.jar  /root/.m2/repository/com/fasterxml/jackson/module/jackson-module-parameter-names/2.10.2/jackson-module-parameter-names-2.10.2.jar  /root/.m2/repository/org/springframework/boot/spring-boot-starter-tomcat/2.2.4.RELEASE/spring-boot-starter-tomcat-2.2.4.RELEASE.jar  /root/.m2/repository/org/apache/tomcat/embed/tomcat-embed-core/9.0.30/tomcat-embed-core-9.0.30.jar  /root/.m2/repository/org/apache/tomcat/embed/tomcat-embed-el/9.0.30/tomcat-embed-el-9.0.30.jar  /root/.m2/repository/org/apache/tomcat/embed/tomcat-embed-websocket/9.0.30/tomcat-embed-websocket-9.0.30.jar  /root/.m2/repository/org/springframework/boot/spring-boot-starter-validation/2.2.4.RELEASE/spring-boot-starter-validation-2.2.4.RELEASE.jar  /root/.m2/repository/jakarta/validation/jakarta.validation-api/2.0.2/jakarta.validation-api-2.0.2.jar  /root/.m2/repository/org/hibernate/validator/hibernate-validator/6.0.18.Final/hibernate-validator-6.0.18.Final.jar  /root/.m2/repository/org/jboss/logging/jboss-logging/3.4.1.Final/jboss-logging-3.4.1.Final.jar  /root/.m2/repository/com/fasterxml/classmate/1.5.1/classmate-1.5.1.jar  /root/.m2/repository/org/springframework/spring-web/5.2.3.RELEASE/spring-web-5.2.3.RELEASE.jar  /root/.m2/repository/org/springframework/spring-beans/5.2.3.RELEASE/spring-beans-5.2.3.RELEASE.jar  /root/.m2/repository/org/springframework/spring-webmvc/5.2.3.RELEASE/spring-webmvc-5.2.3.RELEASE.jar  /root/.m2/repository/org/springframework/spring-aop/5.2.3.RELEASE/spring-aop-5.2.3.RELEASE.jar  /root/.m2/repository/org/springframework/spring-context/5.2.3.RELEASE/spring-context-5.2.3.RELEASE.jar  /root/.m2/repository/org/springframework/spring-expression/5.2.3.RELEASE/spring-expression-5.2.3.RELEASE.jar  /root/.m2/repository/junit/junit/4.12/junit-4.12.jar  /root/.m2/repository/org/hamcrest/hamcrest-core/2.1/hamcrest-core-2.1.jar  /root/.m2/repository/org/springframework/boot/spring-boot-starter-test/2.2.4.RELEASE/spring-boot-starter-test-2.2.4.RELEASE.jar  /root/.m2/repository/org/springframework/boot/spring-boot-test/2.2.4.RELEASE/spring-boot-test-2.2.4.RELEASE.jar  /root/.m2/repository/org/springframework/boot/spring-boot-test-autoconfigure/2.2.4.RELEASE/spring-boot-test-autoconfigure-2.2.4.RELEASE.jar  /root/.m2/repository/com/jayway/jsonpath/json-path/2.4.0/json-path-2.4.0.jar  /root/.m2/repository/net/minidev/json-smart/2.3/json-smart-2.3.jar  /root/.m2/repository/net/minidev/accessors-smart/1.2/accessors-smart-1.2.jar  /root/.m2/repository/org/ow2/asm/asm/5.0.4/asm-5.0.4.jar  /root/.m2/repository/jakarta/xml/bind/jakarta.xml.bind-api/2.3.2/jakarta.xml.bind-api-2.3.2.jar  /root/.m2/repository/jakarta/activation/jakarta.activation-api/1.2.1/jakarta.activation-api-1.2.1.jar  /root/.m2/repository/org/junit/jupiter/junit-jupiter/5.5.2/junit-jupiter-5.5.2.jar  /root/.m2/repository/org/junit/jupiter/junit-jupiter-api/5.5.2/junit-jupiter-api-5.5.2.jar  /root/.m2/repository/org/apiguardian/apiguardian-api/1.1.0/apiguardian-api-1.1.0.jar  /root/.m2/repository/org/opentest4j/opentest4j/1.2.0/opentest4j-1.2.0.jar  /root/.m2/repository/org/junit/platform/junit-platform-commons/1.5.2/junit-platform-commons-1.5.2.jar  /root/.m2/repository/org/junit/jupiter/junit-jupiter-params/5.5.2/junit-jupiter-params-5.5.2.jar  /root/.m2/repository/org/junit/jupiter/junit-jupiter-engine/5.5.2/junit-jupiter-engine-5.5.2.jar  /root/.m2/repository/org/junit/platform/junit-platform-engine/1.5.2/junit-platform-engine-1.5.2.jar  /root/.m2/repository/org/mockito/mockito-junit-jupiter/3.1.0/mockito-junit-jupiter-3.1.0.jar  /root/.m2/repository/org/assertj/assertj-core/3.13.2/assertj-core-3.13.2.jar  /root/.m2/repository/org/hamcrest/hamcrest/2.1/hamcrest-2.1.jar  /root/.m2/repository/org/mockito/mockito-core/3.1.0/mockito-core-3.1.0.jar  /root/.m2/repository/net/bytebuddy/byte-buddy-agent/1.10.6/byte-buddy-agent-1.10.6.jar  /root/.m2/repository/org/objenesis/objenesis/2.6/objenesis-2.6.jar  /root/.m2/repository/org/skyscreamer/jsonassert/1.5.0/jsonassert-1.5.0.jar  /root/.m2/repository/com/vaadin/external/google/android-json/0.0.20131108.vaadin1/android-json-0.0.20131108.vaadin1.jar  /root/.m2/repository/org/springframework/spring-core/5.2.3.RELEASE/spring-core-5.2.3.RELEASE.jar  /root/.m2/repository/org/springframework/spring-jcl/5.2.3.RELEASE/spring-jcl-5.2.3.RELEASE.jar  /root/.m2/repository/org/springframework/spring-test/5.2.3.RELEASE/spring-test-5.2.3.RELEASE.jar  /root/.m2/repository/org/xmlunit/xmlunit-core/2.6.3/xmlunit-core-2.6.3.jar  /root/.m2/repository/org/seleniumhq/selenium/selenium-java/3.141.59/selenium-java-3.141.59.jar  /root/.m2/repository/org/seleniumhq/selenium/selenium-api/3.141.59/selenium-api-3.141.59.jar  /root/.m2/repository/org/seleniumhq/selenium/selenium-chrome-driver/3.141.59/selenium-chrome-driver-3.141.59.jar  /root/.m2/repository/org/seleniumhq/selenium/selenium-edge-driver/3.141.59/selenium-edge-driver-3.141.59.jar  /root/.m2/repository/org/seleniumhq/selenium/selenium-firefox-driver/3.141.59/selenium-firefox-driver-3.141.59.jar  /root/.m2/repository/org/seleniumhq/selenium/selenium-ie-driver/3.141.59/selenium-ie-driver-3.141.59.jar  /root/.m2/repository/org/seleniumhq/selenium/selenium-opera-driver/3.141.59/selenium-opera-driver-3.141.59.jar  /root/.m2/repository/org/seleniumhq/selenium/selenium-remote-driver/3.141.59/selenium-remote-driver-3.141.59.jar  /root/.m2/repository/org/seleniumhq/selenium/selenium-safari-driver/3.141.59/selenium-safari-driver-3.141.59.jar  /root/.m2/repository/org/seleniumhq/selenium/selenium-support/3.141.59/selenium-support-3.141.59.jar  /root/.m2/repository/net/bytebuddy/byte-buddy/1.10.6/byte-buddy-1.10.6.jar  /root/.m2/repository/org/apache/commons/commons-exec/1.3/commons-exec-1.3.jar  /root/.m2/repository/com/google/guava/guava/25.0-jre/guava-25.0-jre.jar  /root/.m2/repository/com/google/code/findbugs/jsr305/1.3.9/jsr305-1.3.9.jar  /root/.m2/repository/org/checkerframework/checker-compat-qual/2.0.0/checker-compat-qual-2.0.0.jar  /root/.m2/repository/com/google/errorprone/error_prone_annotations/2.1.3/error_prone_annotations-2.1.3.jar  /root/.m2/repository/com/google/j2objc/j2objc-annotations/1.1/j2objc-annotations-1.1.jar  /root/.m2/repository/org/codehaus/mojo/animal-sniffer-annotations/1.14/animal-sniffer-annotations-1.14.jar  /root/.m2/repository/com/squareup/okhttp3/okhttp/3.14.6/okhttp-3.14.6.jar  /root/.m2/repository/com/squareup/okio/okio/1.14.0/okio-1.14.0.jar  /root/.m2/repository/org/apache/maven/surefire/surefire-junit-platform/2.22.2/surefire-junit-platform-2.22.2.jar  /root/.m2/repository/org/junit/platform/junit-platform-launcher/1.3.1/junit-platform-launcher-1.3.1.jar
[DEBUG] boot(compact) classpath:  surefire-booter-2.22.2.jar  surefire-api-2.22.2.jar  surefire-logger-api-2.22.2.jar  test-classes  classes  spring-boot-starter-thymeleaf-2.2.4.RELEASE.jar  spring-boot-starter-2.2.4.RELEASE.jar  spring-boot-2.2.4.RELEASE.jar  spring-boot-autoconfigure-2.2.4.RELEASE.jar  spring-boot-starter-logging-2.2.4.RELEASE.jar  logback-classic-1.2.3.jar  logback-core-1.2.3.jar  log4j-to-slf4j-2.12.1.jar  log4j-api-2.12.1.jar  jul-to-slf4j-1.7.30.jar  jakarta.annotation-api-1.3.5.jar  snakeyaml-1.25.jar  thymeleaf-spring5-3.0.11.RELEASE.jar  thymeleaf-3.0.11.RELEASE.jar  attoparser-2.0.5.RELEASE.jar  unbescape-1.1.6.RELEASE.jar  slf4j-api-1.7.30.jar  thymeleaf-extras-java8time-3.0.4.RELEASE.jar  spring-boot-starter-web-2.2.4.RELEASE.jar  spring-boot-starter-json-2.2.4.RELEASE.jar  jackson-databind-2.10.2.jar  jackson-annotations-2.10.2.jar  jackson-core-2.10.2.jar  jackson-datatype-jdk8-2.10.2.jar  jackson-datatype-jsr310-2.10.2.jar  jackson-module-parameter-names-2.10.2.jar  spring-boot-starter-tomcat-2.2.4.RELEASE.jar  tomcat-embed-core-9.0.30.jar  tomcat-embed-el-9.0.30.jar  tomcat-embed-websocket-9.0.30.jar  spring-boot-starter-validation-2.2.4.RELEASE.jar  jakarta.validation-api-2.0.2.jar  hibernate-validator-6.0.18.Final.jar  jboss-logging-3.4.1.Final.jar  classmate-1.5.1.jar  spring-web-5.2.3.RELEASE.jar  spring-beans-5.2.3.RELEASE.jar  spring-webmvc-5.2.3.RELEASE.jar  spring-aop-5.2.3.RELEASE.jar  spring-context-5.2.3.RELEASE.jar  spring-expression-5.2.3.RELEASE.jar  junit-4.12.jar  hamcrest-core-2.1.jar  spring-boot-starter-test-2.2.4.RELEASE.jar  spring-boot-test-2.2.4.RELEASE.jar  spring-boot-test-autoconfigure-2.2.4.RELEASE.jar  json-path-2.4.0.jar  json-smart-2.3.jar  accessors-smart-1.2.jar  asm-5.0.4.jar  jakarta.xml.bind-api-2.3.2.jar  jakarta.activation-api-1.2.1.jar  junit-jupiter-5.5.2.jar  junit-jupiter-api-5.5.2.jar  apiguardian-api-1.1.0.jar  opentest4j-1.2.0.jar  junit-platform-commons-1.5.2.jar  junit-jupiter-params-5.5.2.jar  junit-jupiter-engine-5.5.2.jar  junit-platform-engine-1.5.2.jar  mockito-junit-jupiter-3.1.0.jar  assertj-core-3.13.2.jar  hamcrest-2.1.jar  mockito-core-3.1.0.jar  byte-buddy-agent-1.10.6.jar  objenesis-2.6.jar  jsonassert-1.5.0.jar  android-json-0.0.20131108.vaadin1.jar  spring-core-5.2.3.RELEASE.jar  spring-jcl-5.2.3.RELEASE.jar  spring-test-5.2.3.RELEASE.jar  xmlunit-core-2.6.3.jar  selenium-java-3.141.59.jar  selenium-api-3.141.59.jar  selenium-chrome-driver-3.141.59.jar  selenium-edge-driver-3.141.59.jar  selenium-firefox-driver-3.141.59.jar  selenium-ie-driver-3.141.59.jar  selenium-opera-driver-3.141.59.jar  selenium-remote-driver-3.141.59.jar  selenium-safari-driver-3.141.59.jar  selenium-support-3.141.59.jar  byte-buddy-1.10.6.jar  commons-exec-1.3.jar  guava-25.0-jre.jar  jsr305-1.3.9.jar  checker-compat-qual-2.0.0.jar  error_prone_annotations-2.1.3.jar  j2objc-annotations-1.1.jar  animal-sniffer-annotations-1.14.jar  okhttp-3.14.6.jar  okio-1.14.0.jar  surefire-junit-platform-2.22.2.jar  junit-platform-launcher-1.3.1.jar
[DEBUG] Forking command line: /bin/sh -c cd /home/workspace/20210531-CICD1_2-CodePull && /usr/lib/jvm/java-11-openjdk-amd64/bin/java -jar /home/workspace/20210531-CICD1_2-CodePull/target/surefire/surefirebooter11757994546402207815.jar /home/workspace/20210531-CICD1_2-CodePull/target/surefire 2022-01-03T19-17-37_348-jvmRun1 surefire16531261940009319632tmp surefire_04418691391315242454tmp
[INFO] Running pl.pandait.panda.PandaApplicationSeleniumTest
19:17:38.013 [main] DEBUG org.springframework.test.context.BootstrapUtils - Instantiating CacheAwareContextLoaderDelegate from class [org.springframework.test.context.cache.DefaultCacheAwareContextLoaderDelegate]
19:17:38.019 [main] DEBUG org.springframework.test.context.BootstrapUtils - Instantiating BootstrapContext using constructor [public org.springframework.test.context.support.DefaultBootstrapContext(java.lang.Class,org.springframework.test.context.CacheAwareContextLoaderDelegate)]
19:17:38.041 [main] DEBUG org.springframework.test.context.BootstrapUtils - Instantiating TestContextBootstrapper for test class [pl.pandait.panda.PandaApplicationSeleniumTest] from class [org.springframework.boot.test.context.SpringBootTestContextBootstrapper]
19:17:38.052 [main] INFO org.springframework.boot.test.context.SpringBootTestContextBootstrapper - Neither @ContextConfiguration nor @ContextHierarchy found for test class [pl.pandait.panda.PandaApplicationSeleniumTest], using SpringBootContextLoader
19:17:38.056 [main] DEBUG org.springframework.test.context.support.AbstractContextLoader - Did not detect default resource location for test class [pl.pandait.panda.PandaApplicationSeleniumTest]: class path resource [pl/pandait/panda/PandaApplicationSeleniumTest-context.xml] does not exist
19:17:38.056 [main] DEBUG org.springframework.test.context.support.AbstractContextLoader - Did not detect default resource location for test class [pl.pandait.panda.PandaApplicationSeleniumTest]: class path resource [pl/pandait/panda/PandaApplicationSeleniumTestContext.groovy] does not exist
19:17:38.056 [main] INFO org.springframework.test.context.support.AbstractContextLoader - Could not detect default resource locations for test class [pl.pandait.panda.PandaApplicationSeleniumTest]: no resource found for suffixes {-context.xml, Context.groovy}.
19:17:38.083 [main] DEBUG org.springframework.test.context.support.ActiveProfilesUtils - Could not find an 'annotation declaring class' for annotation type [org.springframework.test.context.ActiveProfiles] and class [pl.pandait.panda.PandaApplicationSeleniumTest]
19:17:38.155 [main] DEBUG org.springframework.boot.test.context.SpringBootTestContextBootstrapper - @TestExecutionListeners is not present for class [pl.pandait.panda.PandaApplicationSeleniumTest]: using defaults.
19:17:38.156 [main] INFO org.springframework.boot.test.context.SpringBootTestContextBootstrapper - Loaded default TestExecutionListener class names from location [META-INF/spring.factories]: [org.springframework.boot.test.mock.mockito.MockitoTestExecutionListener, org.springframework.boot.test.mock.mockito.ResetMocksTestExecutionListener, org.springframework.boot.test.autoconfigure.restdocs.RestDocsTestExecutionListener, org.springframework.boot.test.autoconfigure.web.client.MockRestServiceServerResetTestExecutionListener, org.springframework.boot.test.autoconfigure.web.servlet.MockMvcPrintOnlyOnFailureTestExecutionListener, org.springframework.boot.test.autoconfigure.web.servlet.WebDriverTestExecutionListener, org.springframework.test.context.web.ServletTestExecutionListener, org.springframework.test.context.support.DirtiesContextBeforeModesTestExecutionListener, org.springframework.test.context.support.DependencyInjectionTestExecutionListener, org.springframework.test.context.support.DirtiesContextTestExecutionListener, org.springframework.test.context.transaction.TransactionalTestExecutionListener, org.springframework.test.context.jdbc.SqlScriptsTestExecutionListener, org.springframework.test.context.event.EventPublishingTestExecutionListener]
19:17:38.171 [main] DEBUG org.springframework.boot.test.context.SpringBootTestContextBootstrapper - Skipping candidate TestExecutionListener [org.springframework.test.context.transaction.TransactionalTestExecutionListener] due to a missing dependency. Specify custom listener classes or make the default listener classes and their required dependencies available. Offending class: [org/springframework/transaction/interceptor/TransactionAttributeSource]
19:17:38.171 [main] DEBUG org.springframework.boot.test.context.SpringBootTestContextBootstrapper - Skipping candidate TestExecutionListener [org.springframework.test.context.jdbc.SqlScriptsTestExecutionListener] due to a missing dependency. Specify custom listener classes or make the default listener classes and their required dependencies available. Offending class: [org/springframework/transaction/interceptor/TransactionAttribute]
19:17:38.171 [main] INFO org.springframework.boot.test.context.SpringBootTestContextBootstrapper - Using TestExecutionListeners: [org.springframework.test.context.web.ServletTestExecutionListener@6c7a164b, org.springframework.test.context.support.DirtiesContextBeforeModesTestExecutionListener@4c2bb6e0, org.springframework.boot.test.mock.mockito.MockitoTestExecutionListener@3e62d773, org.springframework.boot.test.autoconfigure.SpringBootDependencyInjectionTestExecutionListener@4ef74c30, org.springframework.test.context.support.DirtiesContextTestExecutionListener@7283d3eb, org.springframework.test.context.event.EventPublishingTestExecutionListener@638ef7ed, org.springframework.boot.test.mock.mockito.ResetMocksTestExecutionListener@4bff7da0, org.springframework.boot.test.autoconfigure.restdocs.RestDocsTestExecutionListener@3f1d2e23, org.springframework.boot.test.autoconfigure.web.client.MockRestServiceServerResetTestExecutionListener@536dbea0, org.springframework.boot.test.autoconfigure.web.servlet.MockMvcPrintOnlyOnFailureTestExecutionListener@47c81abf, org.springframework.boot.test.autoconfigure.web.servlet.WebDriverTestExecutionListener@776a6d9b]
19:17:38.173 [main] DEBUG org.springframework.test.context.support.AbstractDirtiesContextTestExecutionListener - Before test class: context [DefaultTestContext@163370c2 testClass = PandaApplicationSeleniumTest, testInstance = [null], testMethod = [null], testException = [null], mergedContextConfiguration = [WebMergedContextConfiguration@51bf5add testClass = PandaApplicationSeleniumTest, locations = '{}', classes = '{class pl.pandait.panda.PandaApplication, class pl.pandait.panda.PandaApplication}', contextInitializerClasses = '[]', activeProfiles = '{}', propertySourceLocations = '{}', propertySourceProperties = '{org.springframework.boot.test.context.SpringBootTestContextBootstrapper=true}', contextCustomizers = set[org.springframework.boot.test.context.filter.ExcludeFilterContextCustomizer@3cc1435c, org.springframework.boot.test.json.DuplicateJsonObjectContextCustomizerFactory$DuplicateJsonObjectContextCustomizer@5f16132a, org.springframework.boot.test.mock.mockito.MockitoContextCustomizer@0, org.springframework.boot.test.web.client.TestRestTemplateContextCustomizer@2e1d27ba, org.springframework.boot.test.autoconfigure.properties.PropertyMappingContextCustomizer@0, org.springframework.boot.test.autoconfigure.web.servlet.WebDriverContextCustomizerFactory$Customizer@26275bef], resourceBasePath = 'src/main/webapp', contextLoader = 'org.springframework.boot.test.context.SpringBootContextLoader', parent = [null]], attributes = map['org.springframework.test.context.web.ServletTestExecutionListener.activateListener' -> false]], class annotated with @DirtiesContext [false] with mode [null].
19:17:38.180 [main] DEBUG org.springframework.test.context.support.DependencyInjectionTestExecutionListener - Performing dependency injection for test context [[DefaultTestContext@163370c2 testClass = PandaApplicationSeleniumTest, testInstance = pl.pandait.panda.PandaApplicationSeleniumTest@6950ed69, testMethod = [null], testException = [null], mergedContextConfiguration = [WebMergedContextConfiguration@51bf5add testClass = PandaApplicationSeleniumTest, locations = '{}', classes = '{class pl.pandait.panda.PandaApplication, class pl.pandait.panda.PandaApplication}', contextInitializerClasses = '[]', activeProfiles = '{}', propertySourceLocations = '{}', propertySourceProperties = '{org.springframework.boot.test.context.SpringBootTestContextBootstrapper=true}', contextCustomizers = set[org.springframework.boot.test.context.filter.ExcludeFilterContextCustomizer@3cc1435c, org.springframework.boot.test.json.DuplicateJsonObjectContextCustomizerFactory$DuplicateJsonObjectContextCustomizer@5f16132a, org.springframework.boot.test.mock.mockito.MockitoContextCustomizer@0, org.springframework.boot.test.web.client.TestRestTemplateContextCustomizer@2e1d27ba, org.springframework.boot.test.autoconfigure.properties.PropertyMappingContextCustomizer@0, org.springframework.boot.test.autoconfigure.web.servlet.WebDriverContextCustomizerFactory$Customizer@26275bef], resourceBasePath = 'src/main/webapp', contextLoader = 'org.springframework.boot.test.context.SpringBootContextLoader', parent = [null]], attributes = map['org.springframework.test.context.web.ServletTestExecutionListener.activateListener' -> false]]].
19:17:38.191 [main] DEBUG org.springframework.test.context.support.TestPropertySourceUtils - Adding inlined properties to environment: {spring.jmx.enabled=false, org.springframework.boot.test.context.SpringBootTestContextBootstrapper=true}

  .   ____          _            __ _ _
 /\\ / ___'_ __ _ _(_)_ __  __ _ \ \ \ \
( ( )\___ | '_ | '_| | '_ \/ _` | \ \ \ \
 \\/  ___)| |_)| | | | | || (_| |  ) ) ) )
  '  |____| .__|_| |_|_| |_\__, | / / / /
 =========|_|==============|___/=/_/_/_/
 :: Spring Boot ::        (v2.2.4.RELEASE)

2022-01-03 19:17:38.406  INFO 657 --- [           main] p.p.panda.PandaApplicationSeleniumTest   : Starting PandaApplicationSeleniumTest on 53a4ff6799f8 with PID 657 (started by root in /home/workspace/20210531-CICD1_2-CodePull)
2022-01-03 19:17:38.407  INFO 657 --- [           main] p.p.panda.PandaApplicationSeleniumTest   : No active profile set, falling back to default profiles: default
2022-01-03 19:17:39.041  INFO 657 --- [           main] o.s.b.w.embedded.tomcat.TomcatWebServer  : Tomcat initialized with port(s): 8080 (http)
2022-01-03 19:17:39.048  INFO 657 --- [           main] o.apache.catalina.core.StandardService   : Starting service [Tomcat]
2022-01-03 19:17:39.048  INFO 657 --- [           main] org.apache.catalina.core.StandardEngine  : Starting Servlet engine: [Apache Tomcat/9.0.30]
2022-01-03 19:17:39.099  INFO 657 --- [           main] o.a.c.c.C.[Tomcat].[localhost].[/]       : Initializing Spring embedded WebApplicationContext
2022-01-03 19:17:39.100  INFO 657 --- [           main] o.s.web.context.ContextLoader            : Root WebApplicationContext: initialization completed in 672 ms
2022-01-03 19:17:39.273  INFO 657 --- [           main] o.s.s.concurrent.ThreadPoolTaskExecutor  : Initializing ExecutorService 'applicationTaskExecutor'
2022-01-03 19:17:39.317  INFO 657 --- [           main] o.s.b.a.w.s.WelcomePageHandlerMapping    : Adding welcome page: class path resource [static/index.html]
2022-01-03 19:17:39.641  INFO 657 --- [           main] o.s.b.w.embedded.tomcat.TomcatWebServer  : Tomcat started on port(s): 8080 (http) with context path ''
2022-01-03 19:17:39.644  INFO 657 --- [           main] p.p.panda.PandaApplicationSeleniumTest   : Started PandaApplicationSeleniumTest in 1.448 seconds (JVM running for 2.116)
2022-01-03 19:17:39.804  INFO 657 --- [           main] org.openqa.selenium.Capabilities         : Using `new FirefoxOptions()` is preferred to `DesiredCapabilities.firefox()`
2022-01-03 19:22:42.002  INFO 657 --- [           main] org.openqa.selenium.Capabilities         : Using `new FirefoxOptions()` is preferred to `DesiredCapabilities.firefox()`
[8mha:////4J+grfB+x/kzyL6mfohHMIXsn1py/ucrQcbv17JR795dAAAAYB+LCAAAAAAAAP9b85aBtbiIQSmjNKU4P0+vJLE4u1gvPjexLDVPzxdEuhYV5Rf55Zek1m9pfpLfVWLNxMBQUcQgBdWQnJ9XnJ+TqucMoUEKGSCAEaSwAABqVhoSYAAAAA==[0m[ERROR] Tests run: 2, Failures: 0, Errors: 2, Skipped: 0, Time elapsed: 604.168 s <<< FAILURE! - in pl.pandait.panda.PandaApplicationSeleniumTest
[8mha:////4J+grfB+x/kzyL6mfohHMIXsn1py/ucrQcbv17JR795dAAAAYB+LCAAAAAAAAP9b85aBtbiIQSmjNKU4P0+vJLE4u1gvPjexLDVPzxdEuhYV5Rf55Zek1m9pfpLfVWLNxMBQUcQgBdWQnJ9XnJ+TqucMoUEKGSCAEaSwAABqVhoSYAAAAA==[0m[ERROR] greetings_shouldOpenMainPageThenReturnWelcomeText  Time elapsed: 302.342 s  <<< ERROR!
org.openqa.selenium.SessionNotCreatedException: 
Unable to create new remote session. desired capabilities = Capabilities {acceptInsecureCerts: true, browserName: firefox, platform: LINUX, version: }
Build info: version: '3.141.59', revision: 'e82be7d358', time: '2018-11-14T08:17:03'
System info: host: '53a4ff6799f8', ip: '172.19.0.5', os.name: 'Linux', os.arch: 'amd64', os.version: '4.15.0-128-generic', java.version: '11.0.11'
Driver info: driver.version: RemoteWebDriver
	at pl.pandait.panda.PandaApplicationSeleniumTest.startup(PandaApplicationSeleniumTest.java:36)

[8mha:////4J+grfB+x/kzyL6mfohHMIXsn1py/ucrQcbv17JR795dAAAAYB+LCAAAAAAAAP9b85aBtbiIQSmjNKU4P0+vJLE4u1gvPjexLDVPzxdEuhYV5Rf55Zek1m9pfpLfVWLNxMBQUcQgBdWQnJ9XnJ+TqucMoUEKGSCAEaSwAABqVhoSYAAAAA==[0m[ERROR] greetings_shouldOpenSubpageThenReturnGreetingsText  Time elapsed: 300.107 s  <<< ERROR!
org.openqa.selenium.SessionNotCreatedException: 
Unable to create new remote session. desired capabilities = Capabilities {acceptInsecureCerts: true, browserName: firefox, platform: LINUX, version: }
Build info: version: '3.141.59', revision: 'e82be7d358', time: '2018-11-14T08:17:03'
System info: host: '53a4ff6799f8', ip: '172.19.0.5', os.name: 'Linux', os.arch: 'amd64', os.version: '4.15.0-128-generic', java.version: '11.0.11'
Driver info: driver.version: RemoteWebDriver
	at pl.pandait.panda.PandaApplicationSeleniumTest.startup(PandaApplicationSeleniumTest.java:36)

2022-01-03 19:27:42.157  INFO 657 --- [extShutdownHook] o.s.s.concurrent.ThreadPoolTaskExecutor  : Shutting down ExecutorService 'applicationTaskExecutor'
[INFO] 
[INFO] Results:
[INFO] 
[8mha:////4J+grfB+x/kzyL6mfohHMIXsn1py/ucrQcbv17JR795dAAAAYB+LCAAAAAAAAP9b85aBtbiIQSmjNKU4P0+vJLE4u1gvPjexLDVPzxdEuhYV5Rf55Zek1m9pfpLfVWLNxMBQUcQgBdWQnJ9XnJ+TqucMoUEKGSCAEaSwAABqVhoSYAAAAA==[0m[ERROR] Errors: 
[8mha:////4J+grfB+x/kzyL6mfohHMIXsn1py/ucrQcbv17JR795dAAAAYB+LCAAAAAAAAP9b85aBtbiIQSmjNKU4P0+vJLE4u1gvPjexLDVPzxdEuhYV5Rf55Zek1m9pfpLfVWLNxMBQUcQgBdWQnJ9XnJ+TqucMoUEKGSCAEaSwAABqVhoSYAAAAA==[0m[ERROR]   PandaApplicationSeleniumTest.startup:36 ? SessionNotCreated Unable to create n...
[8mha:////4J+grfB+x/kzyL6mfohHMIXsn1py/ucrQcbv17JR795dAAAAYB+LCAAAAAAAAP9b85aBtbiIQSmjNKU4P0+vJLE4u1gvPjexLDVPzxdEuhYV5Rf55Zek1m9pfpLfVWLNxMBQUcQgBdWQnJ9XnJ+TqucMoUEKGSCAEaSwAABqVhoSYAAAAA==[0m[ERROR]   PandaApplicationSeleniumTest.startup:36 ? SessionNotCreated Unable to create n...
[INFO] 
[8mha:////4J+grfB+x/kzyL6mfohHMIXsn1py/ucrQcbv17JR795dAAAAYB+LCAAAAAAAAP9b85aBtbiIQSmjNKU4P0+vJLE4u1gvPjexLDVPzxdEuhYV5Rf55Zek1m9pfpLfVWLNxMBQUcQgBdWQnJ9XnJ+TqucMoUEKGSCAEaSwAABqVhoSYAAAAA==[0m[ERROR] Tests run: 2, Failures: 0, Errors: 2, Skipped: 0
[INFO] 
[INFO] ------------------------------------------------------------------------
[INFO] BUILD FAILURE
[INFO] ------------------------------------------------------------------------
[INFO] Total time:  10:06 min
[INFO] Finished at: 2022-01-03T19:27:42Z
[INFO] ------------------------------------------------------------------------
[8mha:////4J+grfB+x/kzyL6mfohHMIXsn1py/ucrQcbv17JR795dAAAAYB+LCAAAAAAAAP9b85aBtbiIQSmjNKU4P0+vJLE4u1gvPjexLDVPzxdEuhYV5Rf55Zek1m9pfpLfVWLNxMBQUcQgBdWQnJ9XnJ+TqucMoUEKGSCAEaSwAABqVhoSYAAAAA==[0m[ERROR] Failed to execute goal org.apache.maven.plugins:maven-surefire-plugin:2.22.2:test (default-test) on project panda: There are test failures.
[8mha:////4J+grfB+x/kzyL6mfohHMIXsn1py/ucrQcbv17JR795dAAAAYB+LCAAAAAAAAP9b85aBtbiIQSmjNKU4P0+vJLE4u1gvPjexLDVPzxdEuhYV5Rf55Zek1m9pfpLfVWLNxMBQUcQgBdWQnJ9XnJ+TqucMoUEKGSCAEaSwAABqVhoSYAAAAA==[0m[ERROR] 
[8mha:////4J+grfB+x/kzyL6mfohHMIXsn1py/ucrQcbv17JR795dAAAAYB+LCAAAAAAAAP9b85aBtbiIQSmjNKU4P0+vJLE4u1gvPjexLDVPzxdEuhYV5Rf55Zek1m9pfpLfVWLNxMBQUcQgBdWQnJ9XnJ+TqucMoUEKGSCAEaSwAABqVhoSYAAAAA==[0m[ERROR] Please refer to /home/workspace/20210531-CICD1_2-CodePull/target/surefire-reports for the individual test results.
[8mha:////4J+grfB+x/kzyL6mfohHMIXsn1py/ucrQcbv17JR795dAAAAYB+LCAAAAAAAAP9b85aBtbiIQSmjNKU4P0+vJLE4u1gvPjexLDVPzxdEuhYV5Rf55Zek1m9pfpLfVWLNxMBQUcQgBdWQnJ9XnJ+TqucMoUEKGSCAEaSwAABqVhoSYAAAAA==[0m[ERROR] Please refer to dump files (if any exist) [date].dump, [date]-jvmRun[N].dump and [date].dumpstream.
[8mha:////4J+grfB+x/kzyL6mfohHMIXsn1py/ucrQcbv17JR795dAAAAYB+LCAAAAAAAAP9b85aBtbiIQSmjNKU4P0+vJLE4u1gvPjexLDVPzxdEuhYV5Rf55Zek1m9pfpLfVWLNxMBQUcQgBdWQnJ9XnJ+TqucMoUEKGSCAEaSwAABqVhoSYAAAAA==[0m[ERROR] -> [Help 1]
org.apache.maven.lifecycle.LifecycleExecutionException: Failed to execute goal org.apache.maven.plugins:maven-surefire-plugin:2.22.2:test (default-test) on project panda: There are test failures.

Please refer to /home/workspace/20210531-CICD1_2-CodePull/target/surefire-reports for the individual test results.
Please refer to dump files (if any exist) [date].dump, [date]-jvmRun[N].dump and [date].dumpstream.
    at org.apache.maven.lifecycle.internal.MojoExecutor.execute (MojoExecutor.java:215)
    at org.apache.maven.lifecycle.internal.MojoExecutor.execute (MojoExecutor.java:156)
    at org.apache.maven.lifecycle.internal.MojoExecutor.execute (MojoExecutor.java:148)
    at org.apache.maven.lifecycle.internal.LifecycleModuleBuilder.buildProject (LifecycleModuleBuilder.java:117)
    at org.apache.maven.lifecycle.internal.LifecycleModuleBuilder.buildProject (LifecycleModuleBuilder.java:81)
    at org.apache.maven.lifecycle.internal.builder.singlethreaded.SingleThreadedBuilder.build (SingleThreadedBuilder.java:56)
    at org.apache.maven.lifecycle.internal.LifecycleStarter.execute (LifecycleStarter.java:128)
    at org.apache.maven.DefaultMaven.doExecute (DefaultMaven.java:305)
    at org.apache.maven.DefaultMaven.doExecute (DefaultMaven.java:192)
    at org.apache.maven.DefaultMaven.execute (DefaultMaven.java:105)
    at org.apache.maven.cli.MavenCli.execute (MavenCli.java:972)
    at org.apache.maven.cli.MavenCli.doMain (MavenCli.java:293)
    at org.apache.maven.cli.MavenCli.main (MavenCli.java:196)
    at jdk.internal.reflect.NativeMethodAccessorImpl.invoke0 (Native Method)
    at jdk.internal.reflect.NativeMethodAccessorImpl.invoke (NativeMethodAccessorImpl.java:62)
    at jdk.internal.reflect.DelegatingMethodAccessorImpl.invoke (DelegatingMethodAccessorImpl.java:43)
    at java.lang.reflect.Method.invoke (Method.java:566)
    at org.codehaus.plexus.classworlds.launcher.Launcher.launchEnhanced (Launcher.java:282)
    at org.codehaus.plexus.classworlds.launcher.Launcher.launch (Launcher.java:225)
    at org.codehaus.plexus.classworlds.launcher.Launcher.mainWithExitCode (Launcher.java:406)
    at org.codehaus.plexus.classworlds.launcher.Launcher.main (Launcher.java:347)
Caused by: org.apache.maven.plugin.MojoFailureException: There are test failures.

Please refer to /home/workspace/20210531-CICD1_2-CodePull/target/surefire-reports for the individual test results.
Please refer to dump files (if any exist) [date].dump, [date]-jvmRun[N].dump and [date].dumpstream.
    at org.apache.maven.plugin.surefire.SurefireHelper.throwException (SurefireHelper.java:289)
    at org.apache.maven.plugin.surefire.SurefireHelper.reportExecution (SurefireHelper.java:161)
    at org.apache.maven.plugin.surefire.SurefirePlugin.handleSummary (SurefirePlugin.java:364)
    at org.apache.maven.plugin.surefire.AbstractSurefireMojo.executeAfterPreconditionsChecked (AbstractSurefireMojo.java:1041)
    at org.apache.maven.plugin.surefire.AbstractSurefireMojo.execute (AbstractSurefireMojo.java:857)
    at org.apache.maven.plugin.DefaultBuildPluginManager.executeMojo (DefaultBuildPluginManager.java:137)
    at org.apache.maven.lifecycle.internal.MojoExecutor.execute (MojoExecutor.java:210)
    at org.apache.maven.lifecycle.internal.MojoExecutor.execute (MojoExecutor.java:156)
    at org.apache.maven.lifecycle.internal.MojoExecutor.execute (MojoExecutor.java:148)
    at org.apache.maven.lifecycle.internal.LifecycleModuleBuilder.buildProject (LifecycleModuleBuilder.java:117)
    at org.apache.maven.lifecycle.internal.LifecycleModuleBuilder.buildProject (LifecycleModuleBuilder.java:81)
    at org.apache.maven.lifecycle.internal.builder.singlethreaded.SingleThreadedBuilder.build (SingleThreadedBuilder.java:56)
    at org.apache.maven.lifecycle.internal.LifecycleStarter.execute (LifecycleStarter.java:128)
    at org.apache.maven.DefaultMaven.doExecute (DefaultMaven.java:305)
    at org.apache.maven.DefaultMaven.doExecute (DefaultMaven.java:192)
    at org.apache.maven.DefaultMaven.execute (DefaultMaven.java:105)
    at org.apache.maven.cli.MavenCli.execute (MavenCli.java:972)
    at org.apache.maven.cli.MavenCli.doMain (MavenCli.java:293)
    at org.apache.maven.cli.MavenCli.main (MavenCli.java:196)
    at jdk.internal.reflect.NativeMethodAccessorImpl.invoke0 (Native Method)
    at jdk.internal.reflect.NativeMethodAccessorImpl.invoke (NativeMethodAccessorImpl.java:62)
    at jdk.internal.reflect.DelegatingMethodAccessorImpl.invoke (DelegatingMethodAccessorImpl.java:43)
    at java.lang.reflect.Method.invoke (Method.java:566)
    at org.codehaus.plexus.classworlds.launcher.Launcher.launchEnhanced (Launcher.java:282)
    at org.codehaus.plexus.classworlds.launcher.Launcher.launch (Launcher.java:225)
    at org.codehaus.plexus.classworlds.launcher.Launcher.mainWithExitCode (Launcher.java:406)
    at org.codehaus.plexus.classworlds.launcher.Launcher.main (Launcher.java:347)
[8mha:////4J+grfB+x/kzyL6mfohHMIXsn1py/ucrQcbv17JR795dAAAAYB+LCAAAAAAAAP9b85aBtbiIQSmjNKU4P0+vJLE4u1gvPjexLDVPzxdEuhYV5Rf55Zek1m9pfpLfVWLNxMBQUcQgBdWQnJ9XnJ+TqucMoUEKGSCAEaSwAABqVhoSYAAAAA==[0m[ERROR] 
[8mha:////4J+grfB+x/kzyL6mfohHMIXsn1py/ucrQcbv17JR795dAAAAYB+LCAAAAAAAAP9b85aBtbiIQSmjNKU4P0+vJLE4u1gvPjexLDVPzxdEuhYV5Rf55Zek1m9pfpLfVWLNxMBQUcQgBdWQnJ9XnJ+TqucMoUEKGSCAEaSwAABqVhoSYAAAAA==[0m[ERROR] 
[8mha:////4J+grfB+x/kzyL6mfohHMIXsn1py/ucrQcbv17JR795dAAAAYB+LCAAAAAAAAP9b85aBtbiIQSmjNKU4P0+vJLE4u1gvPjexLDVPzxdEuhYV5Rf55Zek1m9pfpLfVWLNxMBQUcQgBdWQnJ9XnJ+TqucMoUEKGSCAEaSwAABqVhoSYAAAAA==[0m[ERROR] For more information about the errors and possible solutions, please read the following articles:
[8mha:////4J+grfB+x/kzyL6mfohHMIXsn1py/ucrQcbv17JR795dAAAAYB+LCAAAAAAAAP9b85aBtbiIQSmjNKU4P0+vJLE4u1gvPjexLDVPzxdEuhYV5Rf55Zek1m9pfpLfVWLNxMBQUcQgBdWQnJ9XnJ+TqucMoUEKGSCAEaSwAABqVhoSYAAAAA==[0m[ERROR] [Help 1] http://cwiki.apache.org/confluence/display/MAVEN/MojoFailureException
Build step 'Invoke top-level Maven targets' marked build as failure
Finished: FAILURE
